{"D:\\Hacktiv8_Martha\\Phase 3\\Week 4\\backend-bw\\app.js": {"path":"D:\\Hacktiv8_Martha\\Phase 3\\Week 4\\backend-bw\\app.js","statementMap":{"0":{"start":{"line":1,"column":0},"end":{"line":3,"column":1}},"1":{"start":{"line":2,"column":2},"end":{"line":2,"column":29}},"2":{"start":{"line":5,"column":16},"end":{"line":5,"column":34}},"3":{"start":{"line":6,"column":12},"end":{"line":6,"column":21}},"4":{"start":{"line":7,"column":13},"end":{"line":7,"column":37}},"5":{"start":{"line":8,"column":13},"end":{"line":8,"column":28}},"6":{"start":{"line":9,"column":15},"end":{"line":9,"column":35}},"7":{"start":{"line":10,"column":15},"end":{"line":10,"column":32}},"8":{"start":{"line":11,"column":21},"end":{"line":11,"column":55}},"9":{"start":{"line":12,"column":20},"end":{"line":12,"column":46}},"10":{"start":{"line":14,"column":0},"end":{"line":14,"column":16}},"11":{"start":{"line":15,"column":0},"end":{"line":15,"column":24}},"12":{"start":{"line":16,"column":0},"end":{"line":16,"column":49}},"13":{"start":{"line":17,"column":0},"end":{"line":21,"column":2}},"14":{"start":{"line":23,"column":0},"end":{"line":23,"column":16}},"15":{"start":{"line":24,"column":0},"end":{"line":24,"column":22}},"16":{"start":{"line":26,"column":0},"end":{"line":26,"column":66}},"17":{"start":{"line":26,"column":23},"end":{"line":26,"column":64}},"18":{"start":{"line":27,"column":0},"end":{"line":27,"column":21}}},"fnMap":{"0":{"name":"(anonymous_0)","decl":{"start":{"line":26,"column":17},"end":{"line":26,"column":18}},"loc":{"start":{"line":26,"column":23},"end":{"line":26,"column":64}},"line":26}},"branchMap":{"0":{"loc":{"start":{"line":1,"column":0},"end":{"line":3,"column":1}},"type":"if","locations":[{"start":{"line":1,"column":0},"end":{"line":3,"column":1}},{"start":{},"end":{}}],"line":1},"1":{"loc":{"start":{"line":7,"column":13},"end":{"line":7,"column":37}},"type":"binary-expr","locations":[{"start":{"line":7,"column":13},"end":{"line":7,"column":29}},{"start":{"line":7,"column":33},"end":{"line":7,"column":37}}],"line":7}},"s":{"0":1,"1":1,"2":1,"3":1,"4":1,"5":1,"6":1,"7":1,"8":1,"9":1,"10":1,"11":1,"12":1,"13":1,"14":1,"15":1,"16":1,"17":1,"18":1},"f":{"0":1},"b":{"0":[1,0],"1":[1,1]},"_coverageSchema":"1a1c01bbd47fc00a2c39e90264f33305004495a9","hash":"7393686d5e2ce3cef8c51a78713ba32148ba108c"}
,"D:\\Hacktiv8_Martha\\Phase 3\\Week 4\\backend-bw\\config\\imagekit.js": {"path":"D:\\Hacktiv8_Martha\\Phase 3\\Week 4\\backend-bw\\config\\imagekit.js","statementMap":{"0":{"start":{"line":1,"column":17},"end":{"line":1,"column":36}},"1":{"start":{"line":3,"column":17},"end":{"line":7,"column":2}},"2":{"start":{"line":9,"column":0},"end":{"line":9,"column":26}}},"fnMap":{},"branchMap":{},"s":{"0":1,"1":1,"2":1},"f":{},"b":{},"_coverageSchema":"1a1c01bbd47fc00a2c39e90264f33305004495a9","hash":"4fc5e6c49f8d6082e917521c575e6bbcd3fd9c2c"}
,"D:\\Hacktiv8_Martha\\Phase 3\\Week 4\\backend-bw\\config\\multer.js": {"path":"D:\\Hacktiv8_Martha\\Phase 3\\Week 4\\backend-bw\\config\\multer.js","statementMap":{"0":{"start":{"line":1,"column":20},"end":{"line":12,"column":1}},"1":{"start":{"line":2,"column":2},"end":{"line":11,"column":3}},"2":{"start":{"line":8,"column":4},"end":{"line":8,"column":19}},"3":{"start":{"line":10,"column":4},"end":{"line":10,"column":19}},"4":{"start":{"line":14,"column":0},"end":{"line":14,"column":33}}},"fnMap":{"0":{"name":"(anonymous_0)","decl":{"start":{"line":1,"column":20},"end":{"line":1,"column":21}},"loc":{"start":{"line":1,"column":39},"end":{"line":12,"column":1}},"line":1}},"branchMap":{"0":{"loc":{"start":{"line":2,"column":2},"end":{"line":11,"column":3}},"type":"if","locations":[{"start":{"line":2,"column":2},"end":{"line":11,"column":3}},{"start":{"line":9,"column":9},"end":{"line":11,"column":3}}],"line":2},"1":{"loc":{"start":{"line":3,"column":4},"end":{"line":6,"column":35}},"type":"binary-expr","locations":[{"start":{"line":3,"column":4},"end":{"line":3,"column":34}},{"start":{"line":4,"column":4},"end":{"line":4,"column":34}},{"start":{"line":5,"column":4},"end":{"line":5,"column":35}},{"start":{"line":6,"column":4},"end":{"line":6,"column":35}}],"line":3}},"s":{"0":1,"1":2,"2":0,"3":2,"4":1},"f":{"0":2},"b":{"0":[0,2],"1":[2,2,2,2]},"_coverageSchema":"1a1c01bbd47fc00a2c39e90264f33305004495a9","hash":"2584a1e77976b7689c1dc9ee97fa9aa43126e3e8"}
,"D:\\Hacktiv8_Martha\\Phase 3\\Week 4\\backend-bw\\controllers\\adminController.js": {"path":"D:\\Hacktiv8_Martha\\Phase 3\\Week 4\\backend-bw\\controllers\\adminController.js","statementMap":{"0":{"start":{"line":1,"column":37},"end":{"line":1,"column":65}},"1":{"start":{"line":2,"column":18},"end":{"line":2,"column":38}},"2":{"start":{"line":4,"column":0},"end":{"line":107,"column":2}},"3":{"start":{"line":5,"column":23},"end":{"line":13,"column":3}},"4":{"start":{"line":6,"column":4},"end":{"line":12,"column":5}},"5":{"start":{"line":7,"column":25},"end":{"line":7,"column":46}},"6":{"start":{"line":8,"column":6},"end":{"line":8,"column":39}},"7":{"start":{"line":10,"column":6},"end":{"line":10,"column":25}},"8":{"start":{"line":11,"column":6},"end":{"line":11,"column":18}},"9":{"start":{"line":15,"column":24},"end":{"line":25,"column":3}},"10":{"start":{"line":16,"column":4},"end":{"line":24,"column":5}},"11":{"start":{"line":17,"column":21},"end":{"line":17,"column":31}},"12":{"start":{"line":18,"column":24},"end":{"line":18,"column":48}},"13":{"start":{"line":19,"column":6},"end":{"line":19,"column":57}},"14":{"start":{"line":19,"column":22},"end":{"line":19,"column":57}},"15":{"start":{"line":20,"column":6},"end":{"line":20,"column":38}},"16":{"start":{"line":22,"column":6},"end":{"line":22,"column":25}},"17":{"start":{"line":23,"column":6},"end":{"line":23,"column":18}},"18":{"start":{"line":27,"column":25},"end":{"line":46,"column":3}},"19":{"start":{"line":28,"column":4},"end":{"line":45,"column":5}},"20":{"start":{"line":31,"column":10},"end":{"line":31,"column":18}},"21":{"start":{"line":32,"column":6},"end":{"line":32,"column":61}},"22":{"start":{"line":32,"column":21},"end":{"line":32,"column":61}},"23":{"start":{"line":33,"column":6},"end":{"line":33,"column":53}},"24":{"start":{"line":33,"column":17},"end":{"line":33,"column":53}},"25":{"start":{"line":34,"column":6},"end":{"line":34,"column":55}},"26":{"start":{"line":34,"column":18},"end":{"line":34,"column":55}},"27":{"start":{"line":35,"column":6},"end":{"line":35,"column":61}},"28":{"start":{"line":35,"column":21},"end":{"line":35,"column":61}},"29":{"start":{"line":36,"column":24},"end":{"line":38,"column":8}},"30":{"start":{"line":39,"column":6},"end":{"line":41,"column":9}},"31":{"start":{"line":43,"column":6},"end":{"line":43,"column":25}},"32":{"start":{"line":44,"column":6},"end":{"line":44,"column":18}},"33":{"start":{"line":48,"column":22},"end":{"line":71,"column":3}},"34":{"start":{"line":49,"column":4},"end":{"line":70,"column":5}},"35":{"start":{"line":50,"column":37},"end":{"line":50,"column":45}},"36":{"start":{"line":51,"column":6},"end":{"line":51,"column":61}},"37":{"start":{"line":51,"column":21},"end":{"line":51,"column":61}},"38":{"start":{"line":52,"column":6},"end":{"line":52,"column":61}},"39":{"start":{"line":52,"column":21},"end":{"line":52,"column":61}},"40":{"start":{"line":54,"column":25},"end":{"line":56,"column":8}},"41":{"start":{"line":57,"column":6},"end":{"line":57,"column":67}},"42":{"start":{"line":57,"column":23},"end":{"line":57,"column":67}},"43":{"start":{"line":58,"column":28},"end":{"line":58,"column":72}},"44":{"start":{"line":59,"column":6},"end":{"line":59,"column":70}},"45":{"start":{"line":59,"column":26},"end":{"line":59,"column":70}},"46":{"start":{"line":60,"column":27},"end":{"line":64,"column":8}},"47":{"start":{"line":65,"column":6},"end":{"line":65,"column":76}},"48":{"start":{"line":68,"column":6},"end":{"line":68,"column":25}},"49":{"start":{"line":69,"column":6},"end":{"line":69,"column":18}},"50":{"start":{"line":73,"column":23},"end":{"line":84,"column":3}},"51":{"start":{"line":74,"column":4},"end":{"line":83,"column":5}},"52":{"start":{"line":75,"column":21},"end":{"line":75,"column":31}},"53":{"start":{"line":76,"column":6},"end":{"line":78,"column":9}},"54":{"start":{"line":79,"column":6},"end":{"line":79,"column":70}},"55":{"start":{"line":81,"column":6},"end":{"line":81,"column":25}},"56":{"start":{"line":82,"column":6},"end":{"line":82,"column":18}},"57":{"start":{"line":86,"column":23},"end":{"line":106,"column":3}},"58":{"start":{"line":87,"column":4},"end":{"line":105,"column":5}},"59":{"start":{"line":88,"column":21},"end":{"line":88,"column":31}},"60":{"start":{"line":91,"column":10},"end":{"line":91,"column":18}},"61":{"start":{"line":92,"column":6},"end":{"line":92,"column":61}},"62":{"start":{"line":92,"column":21},"end":{"line":92,"column":61}},"63":{"start":{"line":93,"column":6},"end":{"line":93,"column":53}},"64":{"start":{"line":93,"column":17},"end":{"line":93,"column":53}},"65":{"start":{"line":94,"column":6},"end":{"line":94,"column":55}},"66":{"start":{"line":94,"column":18},"end":{"line":94,"column":55}},"67":{"start":{"line":95,"column":6},"end":{"line":97,"column":28}},"68":{"start":{"line":99,"column":6},"end":{"line":101,"column":9}},"69":{"start":{"line":103,"column":6},"end":{"line":103,"column":25}},"70":{"start":{"line":104,"column":6},"end":{"line":104,"column":18}}},"fnMap":{"0":{"name":"(anonymous_0)","decl":{"start":{"line":5,"column":23},"end":{"line":5,"column":24}},"loc":{"start":{"line":5,"column":49},"end":{"line":13,"column":3}},"line":5},"1":{"name":"(anonymous_1)","decl":{"start":{"line":15,"column":24},"end":{"line":15,"column":25}},"loc":{"start":{"line":15,"column":50},"end":{"line":25,"column":3}},"line":15},"2":{"name":"(anonymous_2)","decl":{"start":{"line":27,"column":25},"end":{"line":27,"column":26}},"loc":{"start":{"line":27,"column":51},"end":{"line":46,"column":3}},"line":27},"3":{"name":"(anonymous_3)","decl":{"start":{"line":48,"column":22},"end":{"line":48,"column":23}},"loc":{"start":{"line":48,"column":48},"end":{"line":71,"column":3}},"line":48},"4":{"name":"(anonymous_4)","decl":{"start":{"line":73,"column":23},"end":{"line":73,"column":24}},"loc":{"start":{"line":73,"column":49},"end":{"line":84,"column":3}},"line":73},"5":{"name":"(anonymous_5)","decl":{"start":{"line":86,"column":23},"end":{"line":86,"column":24}},"loc":{"start":{"line":86,"column":49},"end":{"line":106,"column":3}},"line":86}},"branchMap":{"0":{"loc":{"start":{"line":19,"column":6},"end":{"line":19,"column":57}},"type":"if","locations":[{"start":{"line":19,"column":6},"end":{"line":19,"column":57}},{"start":{},"end":{}}],"line":19},"1":{"loc":{"start":{"line":32,"column":6},"end":{"line":32,"column":61}},"type":"if","locations":[{"start":{"line":32,"column":6},"end":{"line":32,"column":61}},{"start":{},"end":{}}],"line":32},"2":{"loc":{"start":{"line":33,"column":6},"end":{"line":33,"column":53}},"type":"if","locations":[{"start":{"line":33,"column":6},"end":{"line":33,"column":53}},{"start":{},"end":{}}],"line":33},"3":{"loc":{"start":{"line":34,"column":6},"end":{"line":34,"column":55}},"type":"if","locations":[{"start":{"line":34,"column":6},"end":{"line":34,"column":55}},{"start":{},"end":{}}],"line":34},"4":{"loc":{"start":{"line":35,"column":6},"end":{"line":35,"column":61}},"type":"if","locations":[{"start":{"line":35,"column":6},"end":{"line":35,"column":61}},{"start":{},"end":{}}],"line":35},"5":{"loc":{"start":{"line":51,"column":6},"end":{"line":51,"column":61}},"type":"if","locations":[{"start":{"line":51,"column":6},"end":{"line":51,"column":61}},{"start":{},"end":{}}],"line":51},"6":{"loc":{"start":{"line":52,"column":6},"end":{"line":52,"column":61}},"type":"if","locations":[{"start":{"line":52,"column":6},"end":{"line":52,"column":61}},{"start":{},"end":{}}],"line":52},"7":{"loc":{"start":{"line":57,"column":6},"end":{"line":57,"column":67}},"type":"if","locations":[{"start":{"line":57,"column":6},"end":{"line":57,"column":67}},{"start":{},"end":{}}],"line":57},"8":{"loc":{"start":{"line":59,"column":6},"end":{"line":59,"column":70}},"type":"if","locations":[{"start":{"line":59,"column":6},"end":{"line":59,"column":70}},{"start":{},"end":{}}],"line":59},"9":{"loc":{"start":{"line":92,"column":6},"end":{"line":92,"column":61}},"type":"if","locations":[{"start":{"line":92,"column":6},"end":{"line":92,"column":61}},{"start":{},"end":{}}],"line":92},"10":{"loc":{"start":{"line":93,"column":6},"end":{"line":93,"column":53}},"type":"if","locations":[{"start":{"line":93,"column":6},"end":{"line":93,"column":53}},{"start":{},"end":{}}],"line":93},"11":{"loc":{"start":{"line":94,"column":6},"end":{"line":94,"column":55}},"type":"if","locations":[{"start":{"line":94,"column":6},"end":{"line":94,"column":55}},{"start":{},"end":{}}],"line":94}},"s":{"0":1,"1":1,"2":1,"3":1,"4":1,"5":1,"6":1,"7":0,"8":0,"9":1,"10":2,"11":2,"12":2,"13":2,"14":1,"15":1,"16":1,"17":1,"18":1,"19":7,"20":7,"21":7,"22":1,"23":6,"24":1,"25":5,"26":1,"27":4,"28":1,"29":3,"30":1,"31":6,"32":6,"33":1,"34":5,"35":5,"36":5,"37":1,"38":4,"39":1,"40":3,"41":3,"42":1,"43":2,"44":2,"45":1,"46":1,"47":1,"48":4,"49":4,"50":1,"51":1,"52":1,"53":1,"54":0,"55":1,"56":1,"57":1,"58":4,"59":4,"60":4,"61":4,"62":1,"63":3,"64":1,"65":2,"66":1,"67":1,"68":1,"69":3,"70":3},"f":{"0":1,"1":2,"2":7,"3":5,"4":1,"5":4},"b":{"0":[1,1],"1":[1,6],"2":[1,5],"3":[1,4],"4":[1,3],"5":[1,4],"6":[1,3],"7":[1,2],"8":[1,1],"9":[1,3],"10":[1,2],"11":[1,1]},"_coverageSchema":"1a1c01bbd47fc00a2c39e90264f33305004495a9","hash":"1c94de7449a381869dc9035db5e7783faa648109"}
,"D:\\Hacktiv8_Martha\\Phase 3\\Week 4\\backend-bw\\controllers\\categoryController.js": {"path":"D:\\Hacktiv8_Martha\\Phase 3\\Week 4\\backend-bw\\controllers\\categoryController.js","statementMap":{"0":{"start":{"line":1,"column":21},"end":{"line":1,"column":41}},"1":{"start":{"line":3,"column":0},"end":{"line":69,"column":2}},"2":{"start":{"line":4,"column":26},"end":{"line":12,"column":3}},"3":{"start":{"line":5,"column":4},"end":{"line":11,"column":5}},"4":{"start":{"line":6,"column":24},"end":{"line":6,"column":48}},"5":{"start":{"line":7,"column":6},"end":{"line":7,"column":38}},"6":{"start":{"line":9,"column":6},"end":{"line":9,"column":25}},"7":{"start":{"line":10,"column":6},"end":{"line":10,"column":18}},"8":{"start":{"line":14,"column":27},"end":{"line":24,"column":3}},"9":{"start":{"line":15,"column":4},"end":{"line":23,"column":5}},"10":{"start":{"line":16,"column":21},"end":{"line":16,"column":31}},"11":{"start":{"line":17,"column":27},"end":{"line":17,"column":54}},"12":{"start":{"line":18,"column":6},"end":{"line":18,"column":60}},"13":{"start":{"line":18,"column":25},"end":{"line":18,"column":60}},"14":{"start":{"line":19,"column":6},"end":{"line":19,"column":41}},"15":{"start":{"line":21,"column":6},"end":{"line":21,"column":25}},"16":{"start":{"line":22,"column":6},"end":{"line":22,"column":18}},"17":{"start":{"line":26,"column":24},"end":{"line":38,"column":3}},"18":{"start":{"line":27,"column":4},"end":{"line":37,"column":5}},"19":{"start":{"line":28,"column":23},"end":{"line":28,"column":31}},"20":{"start":{"line":29,"column":6},"end":{"line":29,"column":53}},"21":{"start":{"line":29,"column":17},"end":{"line":29,"column":53}},"22":{"start":{"line":30,"column":26},"end":{"line":30,"column":57}},"23":{"start":{"line":31,"column":6},"end":{"line":33,"column":9}},"24":{"start":{"line":35,"column":6},"end":{"line":35,"column":25}},"25":{"start":{"line":36,"column":6},"end":{"line":36,"column":18}},"26":{"start":{"line":40,"column":26},"end":{"line":51,"column":3}},"27":{"start":{"line":41,"column":4},"end":{"line":50,"column":5}},"28":{"start":{"line":42,"column":21},"end":{"line":42,"column":31}},"29":{"start":{"line":43,"column":6},"end":{"line":45,"column":9}},"30":{"start":{"line":46,"column":6},"end":{"line":46,"column":73}},"31":{"start":{"line":48,"column":6},"end":{"line":48,"column":25}},"32":{"start":{"line":49,"column":6},"end":{"line":49,"column":18}},"33":{"start":{"line":53,"column":26},"end":{"line":66,"column":3}},"34":{"start":{"line":54,"column":4},"end":{"line":65,"column":5}},"35":{"start":{"line":55,"column":21},"end":{"line":55,"column":31}},"36":{"start":{"line":56,"column":23},"end":{"line":56,"column":31}},"37":{"start":{"line":57,"column":6},"end":{"line":57,"column":53}},"38":{"start":{"line":57,"column":17},"end":{"line":57,"column":53}},"39":{"start":{"line":58,"column":6},"end":{"line":58,"column":57}},"40":{"start":{"line":59,"column":6},"end":{"line":61,"column":9}},"41":{"start":{"line":63,"column":6},"end":{"line":63,"column":25}},"42":{"start":{"line":64,"column":6},"end":{"line":64,"column":18}}},"fnMap":{"0":{"name":"(anonymous_0)","decl":{"start":{"line":4,"column":26},"end":{"line":4,"column":27}},"loc":{"start":{"line":4,"column":52},"end":{"line":12,"column":3}},"line":4},"1":{"name":"(anonymous_1)","decl":{"start":{"line":14,"column":27},"end":{"line":14,"column":28}},"loc":{"start":{"line":14,"column":53},"end":{"line":24,"column":3}},"line":14},"2":{"name":"(anonymous_2)","decl":{"start":{"line":26,"column":24},"end":{"line":26,"column":25}},"loc":{"start":{"line":26,"column":50},"end":{"line":38,"column":3}},"line":26},"3":{"name":"(anonymous_3)","decl":{"start":{"line":40,"column":26},"end":{"line":40,"column":27}},"loc":{"start":{"line":40,"column":52},"end":{"line":51,"column":3}},"line":40},"4":{"name":"(anonymous_4)","decl":{"start":{"line":53,"column":26},"end":{"line":53,"column":27}},"loc":{"start":{"line":53,"column":52},"end":{"line":66,"column":3}},"line":53}},"branchMap":{"0":{"loc":{"start":{"line":18,"column":6},"end":{"line":18,"column":60}},"type":"if","locations":[{"start":{"line":18,"column":6},"end":{"line":18,"column":60}},{"start":{},"end":{}}],"line":18},"1":{"loc":{"start":{"line":29,"column":6},"end":{"line":29,"column":53}},"type":"if","locations":[{"start":{"line":29,"column":6},"end":{"line":29,"column":53}},{"start":{},"end":{}}],"line":29},"2":{"loc":{"start":{"line":57,"column":6},"end":{"line":57,"column":53}},"type":"if","locations":[{"start":{"line":57,"column":6},"end":{"line":57,"column":53}},{"start":{},"end":{}}],"line":57}},"s":{"0":1,"1":1,"2":1,"3":1,"4":1,"5":1,"6":0,"7":0,"8":1,"9":2,"10":2,"11":2,"12":2,"13":1,"14":1,"15":1,"16":1,"17":1,"18":2,"19":2,"20":2,"21":1,"22":1,"23":1,"24":1,"25":1,"26":1,"27":1,"28":1,"29":1,"30":0,"31":1,"32":1,"33":1,"34":2,"35":2,"36":2,"37":2,"38":1,"39":1,"40":1,"41":1,"42":1},"f":{"0":1,"1":2,"2":2,"3":1,"4":2},"b":{"0":[1,1],"1":[1,1],"2":[1,1]},"_coverageSchema":"1a1c01bbd47fc00a2c39e90264f33305004495a9","hash":"f0e4b6c8db3ce62fe0b91155aad7a0c7b62bafc4"}
,"D:\\Hacktiv8_Martha\\Phase 3\\Week 4\\backend-bw\\controllers\\checkpointController.js": {"path":"D:\\Hacktiv8_Martha\\Phase 3\\Week 4\\backend-bw\\controllers\\checkpointController.js","statementMap":{"0":{"start":{"line":1,"column":46},"end":{"line":1,"column":66}},"1":{"start":{"line":2,"column":15},"end":{"line":2,"column":32}},"2":{"start":{"line":4,"column":0},"end":{"line":48,"column":2}},"3":{"start":{"line":5,"column":28},"end":{"line":13,"column":3}},"4":{"start":{"line":6,"column":4},"end":{"line":12,"column":5}},"5":{"start":{"line":7,"column":26},"end":{"line":7,"column":52}},"6":{"start":{"line":8,"column":6},"end":{"line":8,"column":40}},"7":{"start":{"line":10,"column":6},"end":{"line":10,"column":25}},"8":{"start":{"line":11,"column":6},"end":{"line":11,"column":18}},"9":{"start":{"line":15,"column":37},"end":{"line":29,"column":3}},"10":{"start":{"line":16,"column":4},"end":{"line":28,"column":5}},"11":{"start":{"line":17,"column":26},"end":{"line":17,"column":36}},"12":{"start":{"line":18,"column":27},"end":{"line":22,"column":8}},"13":{"start":{"line":23,"column":6},"end":{"line":23,"column":72}},"14":{"start":{"line":23,"column":37},"end":{"line":23,"column":72}},"15":{"start":{"line":24,"column":6},"end":{"line":24,"column":41}},"16":{"start":{"line":26,"column":6},"end":{"line":26,"column":25}},"17":{"start":{"line":27,"column":6},"end":{"line":27,"column":18}},"18":{"start":{"line":31,"column":28},"end":{"line":47,"column":3}},"19":{"start":{"line":32,"column":4},"end":{"line":46,"column":5}},"20":{"start":{"line":33,"column":31},"end":{"line":33,"column":41}},"21":{"start":{"line":34,"column":25},"end":{"line":34,"column":33}},"22":{"start":{"line":35,"column":6},"end":{"line":35,"column":70}},"23":{"start":{"line":35,"column":25},"end":{"line":35,"column":70}},"24":{"start":{"line":36,"column":6},"end":{"line":40,"column":9}},"25":{"start":{"line":42,"column":6},"end":{"line":42,"column":68}},"26":{"start":{"line":44,"column":6},"end":{"line":44,"column":25}},"27":{"start":{"line":45,"column":6},"end":{"line":45,"column":18}}},"fnMap":{"0":{"name":"(anonymous_0)","decl":{"start":{"line":5,"column":28},"end":{"line":5,"column":29}},"loc":{"start":{"line":5,"column":54},"end":{"line":13,"column":3}},"line":5},"1":{"name":"(anonymous_1)","decl":{"start":{"line":15,"column":37},"end":{"line":15,"column":38}},"loc":{"start":{"line":15,"column":63},"end":{"line":29,"column":3}},"line":15},"2":{"name":"(anonymous_2)","decl":{"start":{"line":31,"column":28},"end":{"line":31,"column":29}},"loc":{"start":{"line":31,"column":54},"end":{"line":47,"column":3}},"line":31}},"branchMap":{"0":{"loc":{"start":{"line":23,"column":6},"end":{"line":23,"column":72}},"type":"if","locations":[{"start":{"line":23,"column":6},"end":{"line":23,"column":72}},{"start":{},"end":{}}],"line":23},"1":{"loc":{"start":{"line":35,"column":6},"end":{"line":35,"column":70}},"type":"if","locations":[{"start":{"line":35,"column":6},"end":{"line":35,"column":70}},{"start":{},"end":{}}],"line":35}},"s":{"0":1,"1":1,"2":1,"3":1,"4":1,"5":1,"6":1,"7":0,"8":0,"9":1,"10":2,"11":2,"12":2,"13":2,"14":1,"15":1,"16":1,"17":1,"18":1,"19":2,"20":2,"21":2,"22":2,"23":0,"24":2,"25":1,"26":1,"27":1},"f":{"0":1,"1":2,"2":2},"b":{"0":[1,1],"1":[0,2]},"_coverageSchema":"1a1c01bbd47fc00a2c39e90264f33305004495a9","hash":"7b7a45103538803f5ac575d676c03781ddb7abc1"}
,"D:\\Hacktiv8_Martha\\Phase 3\\Week 4\\backend-bw\\controllers\\eventController.js": {"path":"D:\\Hacktiv8_Martha\\Phase 3\\Week 4\\backend-bw\\controllers\\eventController.js","statementMap":{"0":{"start":{"line":1,"column":17},"end":{"line":1,"column":46}},"1":{"start":{"line":10,"column":4},"end":{"line":10,"column":24}},"2":{"start":{"line":12,"column":0},"end":{"line":207,"column":2}},"3":{"start":{"line":13,"column":24},"end":{"line":31,"column":3}},"4":{"start":{"line":14,"column":4},"end":{"line":30,"column":5}},"5":{"start":{"line":15,"column":25},"end":{"line":25,"column":8}},"6":{"start":{"line":26,"column":6},"end":{"line":26,"column":39}},"7":{"start":{"line":28,"column":6},"end":{"line":28,"column":25}},"8":{"start":{"line":29,"column":6},"end":{"line":29,"column":18}},"9":{"start":{"line":33,"column":24},"end":{"line":61,"column":3}},"10":{"start":{"line":34,"column":4},"end":{"line":60,"column":5}},"11":{"start":{"line":35,"column":21},"end":{"line":35,"column":31}},"12":{"start":{"line":36,"column":24},"end":{"line":46,"column":8}},"13":{"start":{"line":47,"column":6},"end":{"line":47,"column":57}},"14":{"start":{"line":47,"column":22},"end":{"line":47,"column":57}},"15":{"start":{"line":48,"column":24},"end":{"line":55,"column":36}},"16":{"start":{"line":56,"column":6},"end":{"line":56,"column":53}},"17":{"start":{"line":58,"column":6},"end":{"line":58,"column":25}},"18":{"start":{"line":59,"column":6},"end":{"line":59,"column":18}},"19":{"start":{"line":63,"column":21},"end":{"line":133,"column":3}},"20":{"start":{"line":64,"column":14},"end":{"line":64,"column":43}},"21":{"start":{"line":65,"column":4},"end":{"line":132,"column":5}},"22":{"start":{"line":78,"column":10},"end":{"line":78,"column":18}},"23":{"start":{"line":80,"column":6},"end":{"line":80,"column":53}},"24":{"start":{"line":80,"column":17},"end":{"line":80,"column":53}},"25":{"start":{"line":81,"column":6},"end":{"line":81,"column":63}},"26":{"start":{"line":81,"column":22},"end":{"line":81,"column":63}},"27":{"start":{"line":82,"column":6},"end":{"line":82,"column":61}},"28":{"start":{"line":82,"column":20},"end":{"line":82,"column":61}},"29":{"start":{"line":83,"column":6},"end":{"line":83,"column":64}},"30":{"start":{"line":83,"column":19},"end":{"line":83,"column":64}},"31":{"start":{"line":84,"column":6},"end":{"line":84,"column":67}},"32":{"start":{"line":84,"column":24},"end":{"line":84,"column":67}},"33":{"start":{"line":85,"column":6},"end":{"line":85,"column":57}},"34":{"start":{"line":85,"column":19},"end":{"line":85,"column":57}},"35":{"start":{"line":86,"column":6},"end":{"line":86,"column":59}},"36":{"start":{"line":86,"column":20},"end":{"line":86,"column":59}},"37":{"start":{"line":87,"column":6},"end":{"line":87,"column":57}},"38":{"start":{"line":87,"column":16},"end":{"line":87,"column":57}},"39":{"start":{"line":88,"column":6},"end":{"line":88,"column":59}},"40":{"start":{"line":88,"column":17},"end":{"line":88,"column":59}},"41":{"start":{"line":89,"column":6},"end":{"line":89,"column":65}},"42":{"start":{"line":89,"column":23},"end":{"line":89,"column":65}},"43":{"start":{"line":90,"column":6},"end":{"line":90,"column":61}},"44":{"start":{"line":90,"column":21},"end":{"line":90,"column":61}},"45":{"start":{"line":91,"column":6},"end":{"line":91,"column":67}},"46":{"start":{"line":91,"column":24},"end":{"line":91,"column":67}},"47":{"start":{"line":92,"column":25},"end":{"line":92,"column":72}},"48":{"start":{"line":94,"column":22},"end":{"line":97,"column":8}},"49":{"start":{"line":99,"column":24},"end":{"line":115,"column":7}},"50":{"start":{"line":116,"column":33},"end":{"line":116,"column":62}},"51":{"start":{"line":117,"column":6},"end":{"line":117,"column":81}},"52":{"start":{"line":117,"column":43},"end":{"line":117,"column":81}},"53":{"start":{"line":118,"column":26},"end":{"line":121,"column":8}},"54":{"start":{"line":119,"column":8},"end":{"line":119,"column":33}},"55":{"start":{"line":120,"column":8},"end":{"line":120,"column":17}},"56":{"start":{"line":122,"column":6},"end":{"line":122,"column":67}},"57":{"start":{"line":124,"column":6},"end":{"line":124,"column":23}},"58":{"start":{"line":125,"column":6},"end":{"line":127,"column":9}},"59":{"start":{"line":129,"column":6},"end":{"line":129,"column":25}},"60":{"start":{"line":130,"column":6},"end":{"line":130,"column":25}},"61":{"start":{"line":131,"column":6},"end":{"line":131,"column":18}},"62":{"start":{"line":135,"column":21},"end":{"line":186,"column":3}},"63":{"start":{"line":136,"column":4},"end":{"line":185,"column":5}},"64":{"start":{"line":137,"column":21},"end":{"line":137,"column":31}},"65":{"start":{"line":150,"column":10},"end":{"line":150,"column":18}},"66":{"start":{"line":151,"column":6},"end":{"line":151,"column":53}},"67":{"start":{"line":151,"column":17},"end":{"line":151,"column":53}},"68":{"start":{"line":152,"column":6},"end":{"line":152,"column":63}},"69":{"start":{"line":152,"column":22},"end":{"line":152,"column":63}},"70":{"start":{"line":153,"column":6},"end":{"line":153,"column":61}},"71":{"start":{"line":153,"column":20},"end":{"line":153,"column":61}},"72":{"start":{"line":154,"column":6},"end":{"line":154,"column":64}},"73":{"start":{"line":154,"column":19},"end":{"line":154,"column":64}},"74":{"start":{"line":155,"column":6},"end":{"line":155,"column":67}},"75":{"start":{"line":155,"column":24},"end":{"line":155,"column":67}},"76":{"start":{"line":156,"column":6},"end":{"line":156,"column":57}},"77":{"start":{"line":156,"column":19},"end":{"line":156,"column":57}},"78":{"start":{"line":157,"column":6},"end":{"line":157,"column":59}},"79":{"start":{"line":157,"column":20},"end":{"line":157,"column":59}},"80":{"start":{"line":158,"column":6},"end":{"line":158,"column":57}},"81":{"start":{"line":158,"column":16},"end":{"line":158,"column":57}},"82":{"start":{"line":159,"column":6},"end":{"line":159,"column":59}},"83":{"start":{"line":159,"column":17},"end":{"line":159,"column":59}},"84":{"start":{"line":160,"column":6},"end":{"line":160,"column":65}},"85":{"start":{"line":160,"column":23},"end":{"line":160,"column":65}},"86":{"start":{"line":161,"column":6},"end":{"line":161,"column":57}},"87":{"start":{"line":161,"column":17},"end":{"line":161,"column":57}},"88":{"start":{"line":162,"column":6},"end":{"line":178,"column":8}},"89":{"start":{"line":179,"column":6},"end":{"line":181,"column":9}},"90":{"start":{"line":183,"column":6},"end":{"line":183,"column":25}},"91":{"start":{"line":184,"column":6},"end":{"line":184,"column":18}},"92":{"start":{"line":188,"column":23},"end":{"line":206,"column":3}},"93":{"start":{"line":189,"column":14},"end":{"line":189,"column":43}},"94":{"start":{"line":190,"column":4},"end":{"line":205,"column":5}},"95":{"start":{"line":191,"column":21},"end":{"line":191,"column":31}},"96":{"start":{"line":192,"column":6},"end":{"line":194,"column":29}},"97":{"start":{"line":196,"column":6},"end":{"line":198,"column":29}},"98":{"start":{"line":199,"column":6},"end":{"line":199,"column":23}},"99":{"start":{"line":200,"column":6},"end":{"line":200,"column":70}},"100":{"start":{"line":202,"column":6},"end":{"line":202,"column":25}},"101":{"start":{"line":203,"column":6},"end":{"line":203,"column":25}},"102":{"start":{"line":204,"column":6},"end":{"line":204,"column":18}}},"fnMap":{"0":{"name":"(anonymous_0)","decl":{"start":{"line":13,"column":24},"end":{"line":13,"column":25}},"loc":{"start":{"line":13,"column":50},"end":{"line":31,"column":3}},"line":13},"1":{"name":"(anonymous_1)","decl":{"start":{"line":33,"column":24},"end":{"line":33,"column":25}},"loc":{"start":{"line":33,"column":50},"end":{"line":61,"column":3}},"line":33},"2":{"name":"(anonymous_2)","decl":{"start":{"line":63,"column":21},"end":{"line":63,"column":22}},"loc":{"start":{"line":63,"column":47},"end":{"line":133,"column":3}},"line":63},"3":{"name":"(anonymous_3)","decl":{"start":{"line":118,"column":55},"end":{"line":118,"column":56}},"loc":{"start":{"line":118,"column":62},"end":{"line":121,"column":7}},"line":118},"4":{"name":"(anonymous_4)","decl":{"start":{"line":135,"column":21},"end":{"line":135,"column":22}},"loc":{"start":{"line":135,"column":47},"end":{"line":186,"column":3}},"line":135},"5":{"name":"(anonymous_5)","decl":{"start":{"line":188,"column":23},"end":{"line":188,"column":24}},"loc":{"start":{"line":188,"column":49},"end":{"line":206,"column":3}},"line":188}},"branchMap":{"0":{"loc":{"start":{"line":47,"column":6},"end":{"line":47,"column":57}},"type":"if","locations":[{"start":{"line":47,"column":6},"end":{"line":47,"column":57}},{"start":{},"end":{}}],"line":47},"1":{"loc":{"start":{"line":80,"column":6},"end":{"line":80,"column":53}},"type":"if","locations":[{"start":{"line":80,"column":6},"end":{"line":80,"column":53}},{"start":{},"end":{}}],"line":80},"2":{"loc":{"start":{"line":81,"column":6},"end":{"line":81,"column":63}},"type":"if","locations":[{"start":{"line":81,"column":6},"end":{"line":81,"column":63}},{"start":{},"end":{}}],"line":81},"3":{"loc":{"start":{"line":82,"column":6},"end":{"line":82,"column":61}},"type":"if","locations":[{"start":{"line":82,"column":6},"end":{"line":82,"column":61}},{"start":{},"end":{}}],"line":82},"4":{"loc":{"start":{"line":83,"column":6},"end":{"line":83,"column":64}},"type":"if","locations":[{"start":{"line":83,"column":6},"end":{"line":83,"column":64}},{"start":{},"end":{}}],"line":83},"5":{"loc":{"start":{"line":84,"column":6},"end":{"line":84,"column":67}},"type":"if","locations":[{"start":{"line":84,"column":6},"end":{"line":84,"column":67}},{"start":{},"end":{}}],"line":84},"6":{"loc":{"start":{"line":85,"column":6},"end":{"line":85,"column":57}},"type":"if","locations":[{"start":{"line":85,"column":6},"end":{"line":85,"column":57}},{"start":{},"end":{}}],"line":85},"7":{"loc":{"start":{"line":86,"column":6},"end":{"line":86,"column":59}},"type":"if","locations":[{"start":{"line":86,"column":6},"end":{"line":86,"column":59}},{"start":{},"end":{}}],"line":86},"8":{"loc":{"start":{"line":87,"column":6},"end":{"line":87,"column":57}},"type":"if","locations":[{"start":{"line":87,"column":6},"end":{"line":87,"column":57}},{"start":{},"end":{}}],"line":87},"9":{"loc":{"start":{"line":88,"column":6},"end":{"line":88,"column":59}},"type":"if","locations":[{"start":{"line":88,"column":6},"end":{"line":88,"column":59}},{"start":{},"end":{}}],"line":88},"10":{"loc":{"start":{"line":89,"column":6},"end":{"line":89,"column":65}},"type":"if","locations":[{"start":{"line":89,"column":6},"end":{"line":89,"column":65}},{"start":{},"end":{}}],"line":89},"11":{"loc":{"start":{"line":90,"column":6},"end":{"line":90,"column":61}},"type":"if","locations":[{"start":{"line":90,"column":6},"end":{"line":90,"column":61}},{"start":{},"end":{}}],"line":90},"12":{"loc":{"start":{"line":91,"column":6},"end":{"line":91,"column":67}},"type":"if","locations":[{"start":{"line":91,"column":6},"end":{"line":91,"column":67}},{"start":{},"end":{}}],"line":91},"13":{"loc":{"start":{"line":117,"column":6},"end":{"line":117,"column":81}},"type":"if","locations":[{"start":{"line":117,"column":6},"end":{"line":117,"column":81}},{"start":{},"end":{}}],"line":117},"14":{"loc":{"start":{"line":151,"column":6},"end":{"line":151,"column":53}},"type":"if","locations":[{"start":{"line":151,"column":6},"end":{"line":151,"column":53}},{"start":{},"end":{}}],"line":151},"15":{"loc":{"start":{"line":152,"column":6},"end":{"line":152,"column":63}},"type":"if","locations":[{"start":{"line":152,"column":6},"end":{"line":152,"column":63}},{"start":{},"end":{}}],"line":152},"16":{"loc":{"start":{"line":153,"column":6},"end":{"line":153,"column":61}},"type":"if","locations":[{"start":{"line":153,"column":6},"end":{"line":153,"column":61}},{"start":{},"end":{}}],"line":153},"17":{"loc":{"start":{"line":154,"column":6},"end":{"line":154,"column":64}},"type":"if","locations":[{"start":{"line":154,"column":6},"end":{"line":154,"column":64}},{"start":{},"end":{}}],"line":154},"18":{"loc":{"start":{"line":155,"column":6},"end":{"line":155,"column":67}},"type":"if","locations":[{"start":{"line":155,"column":6},"end":{"line":155,"column":67}},{"start":{},"end":{}}],"line":155},"19":{"loc":{"start":{"line":156,"column":6},"end":{"line":156,"column":57}},"type":"if","locations":[{"start":{"line":156,"column":6},"end":{"line":156,"column":57}},{"start":{},"end":{}}],"line":156},"20":{"loc":{"start":{"line":157,"column":6},"end":{"line":157,"column":59}},"type":"if","locations":[{"start":{"line":157,"column":6},"end":{"line":157,"column":59}},{"start":{},"end":{}}],"line":157},"21":{"loc":{"start":{"line":158,"column":6},"end":{"line":158,"column":57}},"type":"if","locations":[{"start":{"line":158,"column":6},"end":{"line":158,"column":57}},{"start":{},"end":{}}],"line":158},"22":{"loc":{"start":{"line":159,"column":6},"end":{"line":159,"column":59}},"type":"if","locations":[{"start":{"line":159,"column":6},"end":{"line":159,"column":59}},{"start":{},"end":{}}],"line":159},"23":{"loc":{"start":{"line":160,"column":6},"end":{"line":160,"column":65}},"type":"if","locations":[{"start":{"line":160,"column":6},"end":{"line":160,"column":65}},{"start":{},"end":{}}],"line":160},"24":{"loc":{"start":{"line":161,"column":6},"end":{"line":161,"column":57}},"type":"if","locations":[{"start":{"line":161,"column":6},"end":{"line":161,"column":57}},{"start":{},"end":{}}],"line":161}},"s":{"0":1,"1":1,"2":1,"3":1,"4":2,"5":2,"6":2,"7":0,"8":0,"9":1,"10":2,"11":2,"12":2,"13":2,"14":1,"15":1,"16":1,"17":1,"18":1,"19":1,"20":2,"21":2,"22":2,"23":2,"24":1,"25":1,"26":0,"27":1,"28":0,"29":1,"30":0,"31":1,"32":0,"33":1,"34":0,"35":1,"36":0,"37":1,"38":0,"39":1,"40":0,"41":1,"42":0,"43":1,"44":1,"45":0,"46":0,"47":0,"48":0,"49":0,"50":0,"51":0,"52":0,"53":0,"54":0,"55":0,"56":0,"57":0,"58":0,"59":2,"60":2,"61":2,"62":1,"63":0,"64":0,"65":0,"66":0,"67":0,"68":0,"69":0,"70":0,"71":0,"72":0,"73":0,"74":0,"75":0,"76":0,"77":0,"78":0,"79":0,"80":0,"81":0,"82":0,"83":0,"84":0,"85":0,"86":0,"87":0,"88":0,"89":0,"90":0,"91":0,"92":1,"93":1,"94":1,"95":1,"96":1,"97":0,"98":0,"99":0,"100":1,"101":1,"102":1},"f":{"0":2,"1":2,"2":2,"3":0,"4":0,"5":1},"b":{"0":[1,1],"1":[1,1],"2":[0,1],"3":[0,1],"4":[0,1],"5":[0,1],"6":[0,1],"7":[0,1],"8":[0,1],"9":[0,1],"10":[0,1],"11":[1,0],"12":[0,0],"13":[0,0],"14":[0,0],"15":[0,0],"16":[0,0],"17":[0,0],"18":[0,0],"19":[0,0],"20":[0,0],"21":[0,0],"22":[0,0],"23":[0,0],"24":[0,0]},"_coverageSchema":"1a1c01bbd47fc00a2c39e90264f33305004495a9","hash":"9bfd4f8fe9dc913803a9a9b9dd43f08030b870c4"}
,"D:\\Hacktiv8_Martha\\Phase 3\\Week 4\\backend-bw\\controllers\\leaderboardController.js": {"path":"D:\\Hacktiv8_Martha\\Phase 3\\Week 4\\backend-bw\\controllers\\leaderboardController.js","statementMap":{"0":{"start":{"line":1,"column":37},"end":{"line":1,"column":57}},"1":{"start":{"line":3,"column":0},"end":{"line":83,"column":2}},"2":{"start":{"line":4,"column":30},"end":{"line":22,"column":3}},"3":{"start":{"line":5,"column":4},"end":{"line":21,"column":5}},"4":{"start":{"line":6,"column":31},"end":{"line":16,"column":8}},"5":{"start":{"line":17,"column":6},"end":{"line":17,"column":45}},"6":{"start":{"line":19,"column":6},"end":{"line":19,"column":25}},"7":{"start":{"line":20,"column":6},"end":{"line":20,"column":18}},"8":{"start":{"line":24,"column":33},"end":{"line":45,"column":3}},"9":{"start":{"line":25,"column":4},"end":{"line":44,"column":5}},"10":{"start":{"line":26,"column":21},"end":{"line":26,"column":31}},"11":{"start":{"line":27,"column":30},"end":{"line":38,"column":10}},"12":{"start":{"line":39,"column":6},"end":{"line":39,"column":63}},"13":{"start":{"line":39,"column":28},"end":{"line":39,"column":63}},"14":{"start":{"line":40,"column":6},"end":{"line":40,"column":44}},"15":{"start":{"line":42,"column":6},"end":{"line":42,"column":25}},"16":{"start":{"line":43,"column":6},"end":{"line":43,"column":18}},"17":{"start":{"line":47,"column":27},"end":{"line":65,"column":3}},"18":{"start":{"line":48,"column":4},"end":{"line":64,"column":5}},"19":{"start":{"line":49,"column":26},"end":{"line":49,"column":36}},"20":{"start":{"line":50,"column":35},"end":{"line":50,"column":43}},"21":{"start":{"line":54,"column":6},"end":{"line":54,"column":58}},"22":{"start":{"line":54,"column":19},"end":{"line":54,"column":58}},"23":{"start":{"line":55,"column":30},"end":{"line":59,"column":8}},"24":{"start":{"line":60,"column":6},"end":{"line":60,"column":111}},"25":{"start":{"line":62,"column":6},"end":{"line":62,"column":25}},"26":{"start":{"line":63,"column":6},"end":{"line":63,"column":18}},"27":{"start":{"line":67,"column":29},"end":{"line":82,"column":3}},"28":{"start":{"line":68,"column":4},"end":{"line":81,"column":5}},"29":{"start":{"line":69,"column":21},"end":{"line":69,"column":31}},"30":{"start":{"line":70,"column":26},"end":{"line":70,"column":56}},"31":{"start":{"line":71,"column":6},"end":{"line":71,"column":31}},"32":{"start":{"line":72,"column":6},"end":{"line":72,"column":59}},"33":{"start":{"line":72,"column":24},"end":{"line":72,"column":59}},"34":{"start":{"line":74,"column":6},"end":{"line":76,"column":9}},"35":{"start":{"line":77,"column":6},"end":{"line":77,"column":76}},"36":{"start":{"line":79,"column":6},"end":{"line":79,"column":25}},"37":{"start":{"line":80,"column":6},"end":{"line":80,"column":18}}},"fnMap":{"0":{"name":"(anonymous_0)","decl":{"start":{"line":4,"column":30},"end":{"line":4,"column":31}},"loc":{"start":{"line":4,"column":56},"end":{"line":22,"column":3}},"line":4},"1":{"name":"(anonymous_1)","decl":{"start":{"line":24,"column":33},"end":{"line":24,"column":34}},"loc":{"start":{"line":24,"column":59},"end":{"line":45,"column":3}},"line":24},"2":{"name":"(anonymous_2)","decl":{"start":{"line":47,"column":27},"end":{"line":47,"column":28}},"loc":{"start":{"line":47,"column":53},"end":{"line":65,"column":3}},"line":47},"3":{"name":"(anonymous_3)","decl":{"start":{"line":67,"column":29},"end":{"line":67,"column":30}},"loc":{"start":{"line":67,"column":55},"end":{"line":82,"column":3}},"line":67}},"branchMap":{"0":{"loc":{"start":{"line":39,"column":6},"end":{"line":39,"column":63}},"type":"if","locations":[{"start":{"line":39,"column":6},"end":{"line":39,"column":63}},{"start":{},"end":{}}],"line":39},"1":{"loc":{"start":{"line":54,"column":6},"end":{"line":54,"column":58}},"type":"if","locations":[{"start":{"line":54,"column":6},"end":{"line":54,"column":58}},{"start":{},"end":{}}],"line":54},"2":{"loc":{"start":{"line":72,"column":6},"end":{"line":72,"column":59}},"type":"if","locations":[{"start":{"line":72,"column":6},"end":{"line":72,"column":59}},{"start":{},"end":{}}],"line":72}},"s":{"0":1,"1":1,"2":1,"3":1,"4":1,"5":1,"6":0,"7":0,"8":1,"9":2,"10":2,"11":2,"12":2,"13":1,"14":1,"15":1,"16":1,"17":1,"18":2,"19":2,"20":2,"21":2,"22":1,"23":1,"24":1,"25":1,"26":1,"27":1,"28":1,"29":1,"30":1,"31":1,"32":1,"33":0,"34":1,"35":1,"36":0,"37":0},"f":{"0":1,"1":2,"2":2,"3":1},"b":{"0":[1,1],"1":[1,1],"2":[0,1]},"_coverageSchema":"1a1c01bbd47fc00a2c39e90264f33305004495a9","hash":"2eef34b9cd7591a7b6134b9ff046446e3d0ffff9"}
,"D:\\Hacktiv8_Martha\\Phase 3\\Week 4\\backend-bw\\controllers\\payment.js": {"path":"D:\\Hacktiv8_Martha\\Phase 3\\Week 4\\backend-bw\\controllers\\payment.js","statementMap":{"0":{"start":{"line":1,"column":18},"end":{"line":1,"column":44}},"1":{"start":{"line":2,"column":23},"end":{"line":2,"column":49}},"2":{"start":{"line":5,"column":4},"end":{"line":33,"column":5}},"3":{"start":{"line":6,"column":25},"end":{"line":6,"column":33}},"4":{"start":{"line":7,"column":6},"end":{"line":7,"column":26}},"5":{"start":{"line":8,"column":6},"end":{"line":8,"column":63}},"6":{"start":{"line":8,"column":28},"end":{"line":8,"column":63}},"7":{"start":{"line":10,"column":17},"end":{"line":13,"column":8}},"8":{"start":{"line":14,"column":22},"end":{"line":26,"column":7}},"9":{"start":{"line":27,"column":19},"end":{"line":27,"column":58}},"10":{"start":{"line":28,"column":6},"end":{"line":28,"column":33}},"11":{"start":{"line":31,"column":6},"end":{"line":31,"column":25}},"12":{"start":{"line":32,"column":6},"end":{"line":32,"column":18}},"13":{"start":{"line":37,"column":0},"end":{"line":37,"column":35}}},"fnMap":{"0":{"name":"(anonymous_0)","decl":{"start":{"line":4,"column":2},"end":{"line":4,"column":3}},"loc":{"start":{"line":4,"column":45},"end":{"line":34,"column":3}},"line":4}},"branchMap":{"0":{"loc":{"start":{"line":8,"column":6},"end":{"line":8,"column":63}},"type":"if","locations":[{"start":{"line":8,"column":6},"end":{"line":8,"column":63}},{"start":{},"end":{}}],"line":8}},"s":{"0":1,"1":1,"2":2,"3":2,"4":2,"5":2,"6":1,"7":1,"8":1,"9":1,"10":1,"11":1,"12":1,"13":1},"f":{"0":2},"b":{"0":[1,1]},"_coverageSchema":"1a1c01bbd47fc00a2c39e90264f33305004495a9","hash":"c65e73956e2f1200f9e535cfa3b4409efc75b13b"}
,"D:\\Hacktiv8_Martha\\Phase 3\\Week 4\\backend-bw\\controllers\\user_event.js": {"path":"D:\\Hacktiv8_Martha\\Phase 3\\Week 4\\backend-bw\\controllers\\user_event.js","statementMap":{"0":{"start":{"line":11,"column":4},"end":{"line":11,"column":24}},"1":{"start":{"line":12,"column":14},"end":{"line":12,"column":41}},"2":{"start":{"line":14,"column":0},"end":{"line":272,"column":2}},"3":{"start":{"line":15,"column":24},"end":{"line":42,"column":3}},"4":{"start":{"line":16,"column":4},"end":{"line":41,"column":5}},"5":{"start":{"line":17,"column":25},"end":{"line":36,"column":8}},"6":{"start":{"line":37,"column":6},"end":{"line":37,"column":39}},"7":{"start":{"line":39,"column":6},"end":{"line":39,"column":25}},"8":{"start":{"line":40,"column":6},"end":{"line":40,"column":18}},"9":{"start":{"line":44,"column":28},"end":{"line":81,"column":3}},"10":{"start":{"line":45,"column":4},"end":{"line":80,"column":5}},"11":{"start":{"line":46,"column":21},"end":{"line":46,"column":31}},"12":{"start":{"line":47,"column":24},"end":{"line":69,"column":8}},"13":{"start":{"line":71,"column":6},"end":{"line":71,"column":57}},"14":{"start":{"line":71,"column":22},"end":{"line":71,"column":57}},"15":{"start":{"line":73,"column":29},"end":{"line":75,"column":8}},"16":{"start":{"line":76,"column":6},"end":{"line":76,"column":58}},"17":{"start":{"line":78,"column":6},"end":{"line":78,"column":25}},"18":{"start":{"line":79,"column":6},"end":{"line":79,"column":18}},"19":{"start":{"line":83,"column":33},"end":{"line":100,"column":3}},"20":{"start":{"line":84,"column":4},"end":{"line":99,"column":5}},"21":{"start":{"line":85,"column":21},"end":{"line":85,"column":29}},"22":{"start":{"line":86,"column":27},"end":{"line":95,"column":8}},"23":{"start":{"line":96,"column":6},"end":{"line":96,"column":41}},"24":{"start":{"line":98,"column":6},"end":{"line":98,"column":18}},"25":{"start":{"line":102,"column":20},"end":{"line":164,"column":3}},"26":{"start":{"line":105,"column":14},"end":{"line":105,"column":43}},"27":{"start":{"line":106,"column":4},"end":{"line":163,"column":5}},"28":{"start":{"line":107,"column":27},"end":{"line":107,"column":37}},"29":{"start":{"line":109,"column":25},"end":{"line":117,"column":7}},"30":{"start":{"line":118,"column":6},"end":{"line":158,"column":7}},"31":{"start":{"line":119,"column":32},"end":{"line":121,"column":10}},"32":{"start":{"line":122,"column":27},"end":{"line":127,"column":10}},"33":{"start":{"line":123,"column":10},"end":{"line":126,"column":12}},"34":{"start":{"line":128,"column":8},"end":{"line":128,"column":68}},"35":{"start":{"line":129,"column":8},"end":{"line":135,"column":10}},"36":{"start":{"line":137,"column":21},"end":{"line":137,"column":71}},"37":{"start":{"line":138,"column":32},"end":{"line":138,"column":52}},"38":{"start":{"line":139,"column":8},"end":{"line":147,"column":10}},"39":{"start":{"line":149,"column":8},"end":{"line":149,"column":25}},"40":{"start":{"line":150,"column":8},"end":{"line":152,"column":11}},"41":{"start":{"line":154,"column":8},"end":{"line":154,"column":25}},"42":{"start":{"line":155,"column":8},"end":{"line":157,"column":11}},"43":{"start":{"line":160,"column":6},"end":{"line":160,"column":25}},"44":{"start":{"line":161,"column":6},"end":{"line":161,"column":25}},"45":{"start":{"line":162,"column":6},"end":{"line":162,"column":18}},"46":{"start":{"line":166,"column":23},"end":{"line":179,"column":3}},"47":{"start":{"line":167,"column":4},"end":{"line":178,"column":5}},"48":{"start":{"line":168,"column":21},"end":{"line":168,"column":31}},"49":{"start":{"line":169,"column":25},"end":{"line":169,"column":48}},"50":{"start":{"line":170,"column":6},"end":{"line":170,"column":57}},"51":{"start":{"line":170,"column":22},"end":{"line":170,"column":57}},"52":{"start":{"line":171,"column":6},"end":{"line":173,"column":9}},"53":{"start":{"line":174,"column":6},"end":{"line":174,"column":70}},"54":{"start":{"line":176,"column":6},"end":{"line":176,"column":25}},"55":{"start":{"line":177,"column":6},"end":{"line":177,"column":18}},"56":{"start":{"line":181,"column":29},"end":{"line":218,"column":3}},"57":{"start":{"line":182,"column":4},"end":{"line":217,"column":5}},"58":{"start":{"line":183,"column":25},"end":{"line":205,"column":7}},"59":{"start":{"line":206,"column":29},"end":{"line":208,"column":8}},"60":{"start":{"line":209,"column":29},"end":{"line":211,"column":8}},"61":{"start":{"line":212,"column":6},"end":{"line":212,"column":75}},"62":{"start":{"line":214,"column":6},"end":{"line":214,"column":25}},"63":{"start":{"line":215,"column":6},"end":{"line":215,"column":18}},"64":{"start":{"line":220,"column":29},"end":{"line":271,"column":3}},"65":{"start":{"line":221,"column":4},"end":{"line":270,"column":5}},"66":{"start":{"line":222,"column":29},"end":{"line":232,"column":7}},"67":{"start":{"line":223,"column":8},"end":{"line":231,"column":11}},"68":{"start":{"line":225,"column":12},"end":{"line":227,"column":15}},"69":{"start":{"line":230,"column":10},"end":{"line":230,"column":26}},"70":{"start":{"line":233,"column":21},"end":{"line":233,"column":31}},"71":{"start":{"line":234,"column":25},"end":{"line":256,"column":7}},"72":{"start":{"line":257,"column":29},"end":{"line":259,"column":8}},"73":{"start":{"line":260,"column":28},"end":{"line":260,"column":61}},"74":{"start":{"line":260,"column":55},"end":{"line":260,"column":60}},"75":{"start":{"line":261,"column":29},"end":{"line":261,"column":64}},"76":{"start":{"line":262,"column":26},"end":{"line":262,"column":79}},"77":{"start":{"line":263,"column":6},"end":{"line":265,"column":75}},"78":{"start":{"line":267,"column":6},"end":{"line":267,"column":25}},"79":{"start":{"line":268,"column":6},"end":{"line":268,"column":18}}},"fnMap":{"0":{"name":"(anonymous_0)","decl":{"start":{"line":15,"column":24},"end":{"line":15,"column":25}},"loc":{"start":{"line":15,"column":50},"end":{"line":42,"column":3}},"line":15},"1":{"name":"(anonymous_1)","decl":{"start":{"line":44,"column":28},"end":{"line":44,"column":29}},"loc":{"start":{"line":44,"column":54},"end":{"line":81,"column":3}},"line":44},"2":{"name":"(anonymous_2)","decl":{"start":{"line":83,"column":33},"end":{"line":83,"column":34}},"loc":{"start":{"line":83,"column":59},"end":{"line":100,"column":3}},"line":83},"3":{"name":"(anonymous_3)","decl":{"start":{"line":102,"column":20},"end":{"line":102,"column":21}},"loc":{"start":{"line":102,"column":46},"end":{"line":164,"column":3}},"line":102},"4":{"name":"(anonymous_4)","decl":{"start":{"line":122,"column":53},"end":{"line":122,"column":54}},"loc":{"start":{"line":122,"column":60},"end":{"line":127,"column":9}},"line":122},"5":{"name":"(anonymous_5)","decl":{"start":{"line":166,"column":23},"end":{"line":166,"column":24}},"loc":{"start":{"line":166,"column":49},"end":{"line":179,"column":3}},"line":166},"6":{"name":"(anonymous_6)","decl":{"start":{"line":181,"column":29},"end":{"line":181,"column":30}},"loc":{"start":{"line":181,"column":55},"end":{"line":218,"column":3}},"line":181},"7":{"name":"(anonymous_7)","decl":{"start":{"line":220,"column":29},"end":{"line":220,"column":30}},"loc":{"start":{"line":220,"column":55},"end":{"line":271,"column":3}},"line":220},"8":{"name":"(anonymous_8)","decl":{"start":{"line":222,"column":29},"end":{"line":222,"column":30}},"loc":{"start":{"line":222,"column":54},"end":{"line":232,"column":7}},"line":222},"9":{"name":"(anonymous_9)","decl":{"start":{"line":224,"column":28},"end":{"line":224,"column":29}},"loc":{"start":{"line":224,"column":52},"end":{"line":228,"column":11}},"line":224},"10":{"name":"(anonymous_10)","decl":{"start":{"line":229,"column":15},"end":{"line":229,"column":16}},"loc":{"start":{"line":229,"column":29},"end":{"line":231,"column":9}},"line":229},"11":{"name":"(anonymous_11)","decl":{"start":{"line":260,"column":47},"end":{"line":260,"column":48}},"loc":{"start":{"line":260,"column":55},"end":{"line":260,"column":60}},"line":260}},"branchMap":{"0":{"loc":{"start":{"line":71,"column":6},"end":{"line":71,"column":57}},"type":"if","locations":[{"start":{"line":71,"column":6},"end":{"line":71,"column":57}},{"start":{},"end":{}}],"line":71},"1":{"loc":{"start":{"line":118,"column":6},"end":{"line":158,"column":7}},"type":"if","locations":[{"start":{"line":118,"column":6},"end":{"line":158,"column":7}},{"start":{"line":153,"column":13},"end":{"line":158,"column":7}}],"line":118},"2":{"loc":{"start":{"line":170,"column":6},"end":{"line":170,"column":57}},"type":"if","locations":[{"start":{"line":170,"column":6},"end":{"line":170,"column":57}},{"start":{},"end":{}}],"line":170}},"s":{"0":1,"1":1,"2":1,"3":1,"4":1,"5":1,"6":1,"7":0,"8":0,"9":1,"10":2,"11":2,"12":2,"13":2,"14":1,"15":1,"16":1,"17":1,"18":1,"19":1,"20":0,"21":0,"22":0,"23":0,"24":0,"25":1,"26":0,"27":0,"28":0,"29":0,"30":0,"31":0,"32":0,"33":0,"34":0,"35":0,"36":0,"37":0,"38":0,"39":0,"40":0,"41":0,"42":0,"43":0,"44":0,"45":0,"46":1,"47":3,"48":3,"49":3,"50":3,"51":3,"52":0,"53":0,"54":3,"55":3,"56":1,"57":0,"58":0,"59":0,"60":0,"61":0,"62":0,"63":0,"64":1,"65":2,"66":2,"67":2,"68":6,"69":2,"70":2,"71":2,"72":2,"73":2,"74":6,"75":2,"76":2,"77":1,"78":1,"79":1},"f":{"0":1,"1":2,"2":0,"3":0,"4":0,"5":3,"6":0,"7":2,"8":2,"9":6,"10":2,"11":6},"b":{"0":[1,1],"1":[0,0],"2":[3,0]},"_coverageSchema":"1a1c01bbd47fc00a2c39e90264f33305004495a9","hash":"e11e2ccbb84523db42d805527d44405a1d6e5b84"}
,"D:\\Hacktiv8_Martha\\Phase 3\\Week 4\\backend-bw\\controllers\\usersController.js": {"path":"D:\\Hacktiv8_Martha\\Phase 3\\Week 4\\backend-bw\\controllers\\usersController.js","statementMap":{"0":{"start":{"line":1,"column":37},"end":{"line":1,"column":65}},"1":{"start":{"line":2,"column":29},"end":{"line":2,"column":49}},"2":{"start":{"line":4,"column":0},"end":{"line":109,"column":2}},"3":{"start":{"line":5,"column":23},"end":{"line":13,"column":3}},"4":{"start":{"line":6,"column":4},"end":{"line":12,"column":5}},"5":{"start":{"line":7,"column":24},"end":{"line":7,"column":44}},"6":{"start":{"line":8,"column":6},"end":{"line":8,"column":38}},"7":{"start":{"line":10,"column":6},"end":{"line":10,"column":25}},"8":{"start":{"line":11,"column":6},"end":{"line":11,"column":18}},"9":{"start":{"line":15,"column":23},"end":{"line":25,"column":3}},"10":{"start":{"line":16,"column":4},"end":{"line":24,"column":5}},"11":{"start":{"line":17,"column":21},"end":{"line":17,"column":31}},"12":{"start":{"line":18,"column":23},"end":{"line":18,"column":46}},"13":{"start":{"line":19,"column":6},"end":{"line":19,"column":56}},"14":{"start":{"line":19,"column":21},"end":{"line":19,"column":56}},"15":{"start":{"line":20,"column":6},"end":{"line":20,"column":37}},"16":{"start":{"line":22,"column":6},"end":{"line":22,"column":25}},"17":{"start":{"line":23,"column":6},"end":{"line":23,"column":18}},"18":{"start":{"line":27,"column":24},"end":{"line":46,"column":3}},"19":{"start":{"line":28,"column":4},"end":{"line":45,"column":5}},"20":{"start":{"line":31,"column":10},"end":{"line":31,"column":18}},"21":{"start":{"line":32,"column":6},"end":{"line":32,"column":53}},"22":{"start":{"line":32,"column":17},"end":{"line":32,"column":53}},"23":{"start":{"line":33,"column":6},"end":{"line":33,"column":57}},"24":{"start":{"line":33,"column":19},"end":{"line":33,"column":57}},"25":{"start":{"line":34,"column":6},"end":{"line":34,"column":55}},"26":{"start":{"line":34,"column":18},"end":{"line":34,"column":55}},"27":{"start":{"line":35,"column":6},"end":{"line":35,"column":61}},"28":{"start":{"line":35,"column":21},"end":{"line":35,"column":61}},"29":{"start":{"line":36,"column":24},"end":{"line":38,"column":8}},"30":{"start":{"line":39,"column":6},"end":{"line":41,"column":9}},"31":{"start":{"line":43,"column":6},"end":{"line":43,"column":25}},"32":{"start":{"line":44,"column":6},"end":{"line":44,"column":18}},"33":{"start":{"line":48,"column":21},"end":{"line":69,"column":3}},"34":{"start":{"line":49,"column":4},"end":{"line":68,"column":5}},"35":{"start":{"line":50,"column":35},"end":{"line":50,"column":43}},"36":{"start":{"line":51,"column":6},"end":{"line":51,"column":55}},"37":{"start":{"line":51,"column":18},"end":{"line":51,"column":55}},"38":{"start":{"line":52,"column":6},"end":{"line":52,"column":61}},"39":{"start":{"line":52,"column":21},"end":{"line":52,"column":61}},"40":{"start":{"line":53,"column":24},"end":{"line":55,"column":8}},"41":{"start":{"line":56,"column":6},"end":{"line":56,"column":63}},"42":{"start":{"line":56,"column":22},"end":{"line":56,"column":63}},"43":{"start":{"line":57,"column":28},"end":{"line":57,"column":71}},"44":{"start":{"line":58,"column":6},"end":{"line":58,"column":67}},"45":{"start":{"line":58,"column":26},"end":{"line":58,"column":67}},"46":{"start":{"line":59,"column":27},"end":{"line":62,"column":8}},"47":{"start":{"line":63,"column":6},"end":{"line":63,"column":67}},"48":{"start":{"line":66,"column":6},"end":{"line":66,"column":25}},"49":{"start":{"line":67,"column":6},"end":{"line":67,"column":18}},"50":{"start":{"line":71,"column":22},"end":{"line":82,"column":3}},"51":{"start":{"line":72,"column":4},"end":{"line":81,"column":5}},"52":{"start":{"line":73,"column":21},"end":{"line":73,"column":31}},"53":{"start":{"line":74,"column":6},"end":{"line":76,"column":9}},"54":{"start":{"line":77,"column":6},"end":{"line":77,"column":70}},"55":{"start":{"line":79,"column":6},"end":{"line":79,"column":25}},"56":{"start":{"line":80,"column":6},"end":{"line":80,"column":18}},"57":{"start":{"line":84,"column":22},"end":{"line":108,"column":3}},"58":{"start":{"line":85,"column":4},"end":{"line":107,"column":5}},"59":{"start":{"line":86,"column":21},"end":{"line":86,"column":31}},"60":{"start":{"line":89,"column":10},"end":{"line":89,"column":18}},"61":{"start":{"line":90,"column":6},"end":{"line":90,"column":53}},"62":{"start":{"line":90,"column":17},"end":{"line":90,"column":53}},"63":{"start":{"line":91,"column":6},"end":{"line":91,"column":57}},"64":{"start":{"line":91,"column":19},"end":{"line":91,"column":57}},"65":{"start":{"line":92,"column":6},"end":{"line":92,"column":63}},"66":{"start":{"line":92,"column":22},"end":{"line":92,"column":63}},"67":{"start":{"line":93,"column":6},"end":{"line":93,"column":55}},"68":{"start":{"line":93,"column":18},"end":{"line":93,"column":55}},"69":{"start":{"line":94,"column":6},"end":{"line":94,"column":68}},"70":{"start":{"line":94,"column":24},"end":{"line":94,"column":68}},"71":{"start":{"line":95,"column":6},"end":{"line":95,"column":59}},"72":{"start":{"line":95,"column":20},"end":{"line":95,"column":59}},"73":{"start":{"line":96,"column":6},"end":{"line":96,"column":56}},"74":{"start":{"line":96,"column":18},"end":{"line":96,"column":56}},"75":{"start":{"line":97,"column":6},"end":{"line":99,"column":28}},"76":{"start":{"line":101,"column":6},"end":{"line":103,"column":9}},"77":{"start":{"line":105,"column":6},"end":{"line":105,"column":25}},"78":{"start":{"line":106,"column":6},"end":{"line":106,"column":18}}},"fnMap":{"0":{"name":"(anonymous_0)","decl":{"start":{"line":5,"column":23},"end":{"line":5,"column":24}},"loc":{"start":{"line":5,"column":49},"end":{"line":13,"column":3}},"line":5},"1":{"name":"(anonymous_1)","decl":{"start":{"line":15,"column":23},"end":{"line":15,"column":24}},"loc":{"start":{"line":15,"column":49},"end":{"line":25,"column":3}},"line":15},"2":{"name":"(anonymous_2)","decl":{"start":{"line":27,"column":24},"end":{"line":27,"column":25}},"loc":{"start":{"line":27,"column":50},"end":{"line":46,"column":3}},"line":27},"3":{"name":"(anonymous_3)","decl":{"start":{"line":48,"column":21},"end":{"line":48,"column":22}},"loc":{"start":{"line":48,"column":47},"end":{"line":69,"column":3}},"line":48},"4":{"name":"(anonymous_4)","decl":{"start":{"line":71,"column":22},"end":{"line":71,"column":23}},"loc":{"start":{"line":71,"column":48},"end":{"line":82,"column":3}},"line":71},"5":{"name":"(anonymous_5)","decl":{"start":{"line":84,"column":22},"end":{"line":84,"column":23}},"loc":{"start":{"line":84,"column":48},"end":{"line":108,"column":3}},"line":84}},"branchMap":{"0":{"loc":{"start":{"line":19,"column":6},"end":{"line":19,"column":56}},"type":"if","locations":[{"start":{"line":19,"column":6},"end":{"line":19,"column":56}},{"start":{},"end":{}}],"line":19},"1":{"loc":{"start":{"line":32,"column":6},"end":{"line":32,"column":53}},"type":"if","locations":[{"start":{"line":32,"column":6},"end":{"line":32,"column":53}},{"start":{},"end":{}}],"line":32},"2":{"loc":{"start":{"line":33,"column":6},"end":{"line":33,"column":57}},"type":"if","locations":[{"start":{"line":33,"column":6},"end":{"line":33,"column":57}},{"start":{},"end":{}}],"line":33},"3":{"loc":{"start":{"line":34,"column":6},"end":{"line":34,"column":55}},"type":"if","locations":[{"start":{"line":34,"column":6},"end":{"line":34,"column":55}},{"start":{},"end":{}}],"line":34},"4":{"loc":{"start":{"line":35,"column":6},"end":{"line":35,"column":61}},"type":"if","locations":[{"start":{"line":35,"column":6},"end":{"line":35,"column":61}},{"start":{},"end":{}}],"line":35},"5":{"loc":{"start":{"line":51,"column":6},"end":{"line":51,"column":55}},"type":"if","locations":[{"start":{"line":51,"column":6},"end":{"line":51,"column":55}},{"start":{},"end":{}}],"line":51},"6":{"loc":{"start":{"line":52,"column":6},"end":{"line":52,"column":61}},"type":"if","locations":[{"start":{"line":52,"column":6},"end":{"line":52,"column":61}},{"start":{},"end":{}}],"line":52},"7":{"loc":{"start":{"line":56,"column":6},"end":{"line":56,"column":63}},"type":"if","locations":[{"start":{"line":56,"column":6},"end":{"line":56,"column":63}},{"start":{},"end":{}}],"line":56},"8":{"loc":{"start":{"line":58,"column":6},"end":{"line":58,"column":67}},"type":"if","locations":[{"start":{"line":58,"column":6},"end":{"line":58,"column":67}},{"start":{},"end":{}}],"line":58},"9":{"loc":{"start":{"line":90,"column":6},"end":{"line":90,"column":53}},"type":"if","locations":[{"start":{"line":90,"column":6},"end":{"line":90,"column":53}},{"start":{},"end":{}}],"line":90},"10":{"loc":{"start":{"line":91,"column":6},"end":{"line":91,"column":57}},"type":"if","locations":[{"start":{"line":91,"column":6},"end":{"line":91,"column":57}},{"start":{},"end":{}}],"line":91},"11":{"loc":{"start":{"line":92,"column":6},"end":{"line":92,"column":63}},"type":"if","locations":[{"start":{"line":92,"column":6},"end":{"line":92,"column":63}},{"start":{},"end":{}}],"line":92},"12":{"loc":{"start":{"line":93,"column":6},"end":{"line":93,"column":55}},"type":"if","locations":[{"start":{"line":93,"column":6},"end":{"line":93,"column":55}},{"start":{},"end":{}}],"line":93},"13":{"loc":{"start":{"line":94,"column":6},"end":{"line":94,"column":68}},"type":"if","locations":[{"start":{"line":94,"column":6},"end":{"line":94,"column":68}},{"start":{},"end":{}}],"line":94},"14":{"loc":{"start":{"line":95,"column":6},"end":{"line":95,"column":59}},"type":"if","locations":[{"start":{"line":95,"column":6},"end":{"line":95,"column":59}},{"start":{},"end":{}}],"line":95},"15":{"loc":{"start":{"line":96,"column":6},"end":{"line":96,"column":56}},"type":"if","locations":[{"start":{"line":96,"column":6},"end":{"line":96,"column":56}},{"start":{},"end":{}}],"line":96}},"s":{"0":1,"1":1,"2":1,"3":1,"4":1,"5":1,"6":1,"7":0,"8":0,"9":1,"10":2,"11":2,"12":2,"13":2,"14":1,"15":1,"16":1,"17":1,"18":1,"19":8,"20":8,"21":8,"22":2,"23":6,"24":1,"25":5,"26":1,"27":4,"28":1,"29":3,"30":1,"31":7,"32":7,"33":1,"34":5,"35":5,"36":5,"37":1,"38":4,"39":1,"40":3,"41":3,"42":1,"43":2,"44":2,"45":1,"46":1,"47":1,"48":4,"49":4,"50":1,"51":1,"52":1,"53":1,"54":0,"55":1,"56":1,"57":1,"58":2,"59":2,"60":2,"61":2,"62":1,"63":1,"64":0,"65":1,"66":0,"67":1,"68":0,"69":1,"70":0,"71":1,"72":0,"73":1,"74":0,"75":1,"76":1,"77":1,"78":1},"f":{"0":1,"1":2,"2":8,"3":5,"4":1,"5":2},"b":{"0":[1,1],"1":[2,6],"2":[1,5],"3":[1,4],"4":[1,3],"5":[1,4],"6":[1,3],"7":[1,2],"8":[1,1],"9":[1,1],"10":[0,1],"11":[0,1],"12":[0,1],"13":[0,1],"14":[0,1],"15":[0,1]},"_coverageSchema":"1a1c01bbd47fc00a2c39e90264f33305004495a9","hash":"ff3cfbd222c91f0d247ca39d8b40f87fa55ecd93"}
,"D:\\Hacktiv8_Martha\\Phase 3\\Week 4\\backend-bw\\handlers\\errorHandler.js": {"path":"D:\\Hacktiv8_Martha\\Phase 3\\Week 4\\backend-bw\\handlers\\errorHandler.js","statementMap":{"0":{"start":{"line":1,"column":0},"end":{"line":73,"column":2}},"1":{"start":{"line":2,"column":17},"end":{"line":2,"column":20}},"2":{"start":{"line":3,"column":18},"end":{"line":3,"column":41}},"3":{"start":{"line":6,"column":2},"end":{"line":19,"column":3}},"4":{"start":{"line":7,"column":4},"end":{"line":9,"column":5}},"5":{"start":{"line":8,"column":6},"end":{"line":8,"column":49}},"6":{"start":{"line":10,"column":4},"end":{"line":12,"column":5}},"7":{"start":{"line":11,"column":6},"end":{"line":11,"column":41}},"8":{"start":{"line":13,"column":4},"end":{"line":15,"column":5}},"9":{"start":{"line":14,"column":6},"end":{"line":14,"column":40}},"10":{"start":{"line":16,"column":4},"end":{"line":18,"column":5}},"11":{"start":{"line":17,"column":6},"end":{"line":17,"column":43}},"12":{"start":{"line":22,"column":2},"end":{"line":72,"column":3}},"13":{"start":{"line":51,"column":6},"end":{"line":51,"column":50}},"14":{"start":{"line":52,"column":6},"end":{"line":52,"column":12}},"15":{"start":{"line":56,"column":6},"end":{"line":56,"column":50}},"16":{"start":{"line":57,"column":6},"end":{"line":57,"column":12}},"17":{"start":{"line":62,"column":6},"end":{"line":62,"column":50}},"18":{"start":{"line":63,"column":6},"end":{"line":63,"column":12}},"19":{"start":{"line":65,"column":6},"end":{"line":65,"column":50}},"20":{"start":{"line":66,"column":6},"end":{"line":66,"column":12}},"21":{"start":{"line":70,"column":6},"end":{"line":70,"column":43}},"22":{"start":{"line":71,"column":6},"end":{"line":71,"column":12}}},"fnMap":{"0":{"name":"(anonymous_0)","decl":{"start":{"line":1,"column":17},"end":{"line":1,"column":18}},"loc":{"start":{"line":1,"column":42},"end":{"line":73,"column":1}},"line":1}},"branchMap":{"0":{"loc":{"start":{"line":6,"column":2},"end":{"line":19,"column":3}},"type":"if","locations":[{"start":{"line":6,"column":2},"end":{"line":19,"column":3}},{"start":{},"end":{}}],"line":6},"1":{"loc":{"start":{"line":7,"column":4},"end":{"line":9,"column":5}},"type":"if","locations":[{"start":{"line":7,"column":4},"end":{"line":9,"column":5}},{"start":{},"end":{}}],"line":7},"2":{"loc":{"start":{"line":10,"column":4},"end":{"line":12,"column":5}},"type":"if","locations":[{"start":{"line":10,"column":4},"end":{"line":12,"column":5}},{"start":{},"end":{}}],"line":10},"3":{"loc":{"start":{"line":13,"column":4},"end":{"line":15,"column":5}},"type":"if","locations":[{"start":{"line":13,"column":4},"end":{"line":15,"column":5}},{"start":{},"end":{}}],"line":13},"4":{"loc":{"start":{"line":16,"column":4},"end":{"line":18,"column":5}},"type":"if","locations":[{"start":{"line":16,"column":4},"end":{"line":18,"column":5}},{"start":{},"end":{}}],"line":16},"5":{"loc":{"start":{"line":22,"column":2},"end":{"line":72,"column":3}},"type":"switch","locations":[{"start":{"line":23,"column":4},"end":{"line":23,"column":29}},{"start":{"line":24,"column":4},"end":{"line":24,"column":31}},{"start":{"line":25,"column":4},"end":{"line":25,"column":34}},{"start":{"line":26,"column":4},"end":{"line":26,"column":30}},{"start":{"line":27,"column":4},"end":{"line":27,"column":33}},{"start":{"line":28,"column":4},"end":{"line":28,"column":37}},{"start":{"line":29,"column":4},"end":{"line":29,"column":32}},{"start":{"line":30,"column":4},"end":{"line":30,"column":31}},{"start":{"line":31,"column":4},"end":{"line":31,"column":41}},{"start":{"line":32,"column":4},"end":{"line":32,"column":33}},{"start":{"line":33,"column":4},"end":{"line":33,"column":32}},{"start":{"line":34,"column":4},"end":{"line":34,"column":35}},{"start":{"line":35,"column":4},"end":{"line":35,"column":33}},{"start":{"line":36,"column":4},"end":{"line":36,"column":34}},{"start":{"line":37,"column":4},"end":{"line":37,"column":34}},{"start":{"line":38,"column":4},"end":{"line":38,"column":38}},{"start":{"line":39,"column":4},"end":{"line":39,"column":36}},{"start":{"line":40,"column":4},"end":{"line":40,"column":31}},{"start":{"line":41,"column":4},"end":{"line":41,"column":32}},{"start":{"line":42,"column":4},"end":{"line":42,"column":34}},{"start":{"line":43,"column":4},"end":{"line":43,"column":35}},{"start":{"line":44,"column":4},"end":{"line":44,"column":35}},{"start":{"line":45,"column":4},"end":{"line":45,"column":33}},{"start":{"line":46,"column":4},"end":{"line":46,"column":36}},{"start":{"line":47,"column":4},"end":{"line":47,"column":37}},{"start":{"line":48,"column":4},"end":{"line":48,"column":31}},{"start":{"line":49,"column":4},"end":{"line":49,"column":31}},{"start":{"line":50,"column":4},"end":{"line":52,"column":12}},{"start":{"line":55,"column":4},"end":{"line":57,"column":12}},{"start":{"line":60,"column":4},"end":{"line":60,"column":34}},{"start":{"line":61,"column":4},"end":{"line":63,"column":12}},{"start":{"line":64,"column":4},"end":{"line":66,"column":12}},{"start":{"line":69,"column":4},"end":{"line":71,"column":12}}],"line":22}},"s":{"0":1,"1":63,"2":63,"3":63,"4":4,"5":2,"6":4,"7":2,"8":4,"9":0,"10":4,"11":0,"12":63,"13":27,"14":27,"15":10,"16":10,"17":4,"18":4,"19":16,"20":16,"21":6,"22":6},"f":{"0":63},"b":{"0":[4,59],"1":[2,2],"2":[2,2],"3":[0,4],"4":[0,4],"5":[8,9,9,13,17,17,17,17,19,21,21,21,24,24,24,24,24,24,24,24,24,24,25,25,25,26,26,27,10,2,4,16,6]},"_coverageSchema":"1a1c01bbd47fc00a2c39e90264f33305004495a9","hash":"a15ae0136996df38882ab1d15890b95f477a95ab"}
,"D:\\Hacktiv8_Martha\\Phase 3\\Week 4\\backend-bw\\helpers\\helper.js": {"path":"D:\\Hacktiv8_Martha\\Phase 3\\Week 4\\backend-bw\\helpers\\helper.js","statementMap":{"0":{"start":{"line":1,"column":0},"end":{"line":1,"column":27}},"1":{"start":{"line":2,"column":15},"end":{"line":2,"column":34}},"2":{"start":{"line":3,"column":12},"end":{"line":3,"column":35}},"3":{"start":{"line":4,"column":15},"end":{"line":4,"column":37}},"4":{"start":{"line":6,"column":21},"end":{"line":6,"column":63}},"5":{"start":{"line":6,"column":35},"end":{"line":6,"column":63}},"6":{"start":{"line":7,"column":22},"end":{"line":7,"column":80}},"7":{"start":{"line":7,"column":44},"end":{"line":7,"column":80}},"8":{"start":{"line":8,"column":18},"end":{"line":8,"column":50}},"9":{"start":{"line":8,"column":28},"end":{"line":8,"column":50}},"10":{"start":{"line":9,"column":19},"end":{"line":9,"column":69}},"11":{"start":{"line":9,"column":37},"end":{"line":9,"column":69}},"12":{"start":{"line":11,"column":0},"end":{"line":11,"column":72}}},"fnMap":{"0":{"name":"(anonymous_0)","decl":{"start":{"line":6,"column":21},"end":{"line":6,"column":22}},"loc":{"start":{"line":6,"column":35},"end":{"line":6,"column":63}},"line":6},"1":{"name":"(anonymous_1)","decl":{"start":{"line":7,"column":22},"end":{"line":7,"column":23}},"loc":{"start":{"line":7,"column":44},"end":{"line":7,"column":80}},"line":7},"2":{"name":"(anonymous_2)","decl":{"start":{"line":8,"column":18},"end":{"line":8,"column":19}},"loc":{"start":{"line":8,"column":28},"end":{"line":8,"column":50}},"line":8},"3":{"name":"(anonymous_3)","decl":{"start":{"line":9,"column":19},"end":{"line":9,"column":20}},"loc":{"start":{"line":9,"column":37},"end":{"line":9,"column":69}},"line":9}},"branchMap":{},"s":{"0":1,"1":1,"2":1,"3":1,"4":1,"5":6,"6":1,"7":4,"8":1,"9":2,"10":1,"11":48,"12":1},"f":{"0":6,"1":4,"2":2,"3":48},"b":{},"_coverageSchema":"1a1c01bbd47fc00a2c39e90264f33305004495a9","hash":"2f2c0c276ba936c5e817d69c8699bfec90fd08e1"}
,"D:\\Hacktiv8_Martha\\Phase 3\\Week 4\\backend-bw\\middlewares\\adminAuth.js": {"path":"D:\\Hacktiv8_Martha\\Phase 3\\Week 4\\backend-bw\\middlewares\\adminAuth.js","statementMap":{"0":{"start":{"line":1,"column":23},"end":{"line":1,"column":51}},"1":{"start":{"line":2,"column":18},"end":{"line":2,"column":44}},"2":{"start":{"line":6,"column":0},"end":{"line":27,"column":2}},"3":{"start":{"line":7,"column":2},"end":{"line":26,"column":3}},"4":{"start":{"line":8,"column":29},"end":{"line":8,"column":40}},"5":{"start":{"line":9,"column":4},"end":{"line":9,"column":64}},"6":{"start":{"line":9,"column":23},"end":{"line":9,"column":64}},"7":{"start":{"line":10,"column":18},"end":{"line":10,"column":42}},"8":{"start":{"line":11,"column":4},"end":{"line":11,"column":57}},"9":{"start":{"line":11,"column":16},"end":{"line":11,"column":57}},"10":{"start":{"line":12,"column":17},"end":{"line":12,"column":47}},"11":{"start":{"line":13,"column":4},"end":{"line":13,"column":56}},"12":{"start":{"line":13,"column":15},"end":{"line":13,"column":56}},"13":{"start":{"line":14,"column":4},"end":{"line":18,"column":6}},"14":{"start":{"line":19,"column":4},"end":{"line":19,"column":11}},"15":{"start":{"line":22,"column":4},"end":{"line":24,"column":5}},"16":{"start":{"line":23,"column":6},"end":{"line":23,"column":44}},"17":{"start":{"line":25,"column":4},"end":{"line":25,"column":16}}},"fnMap":{"0":{"name":"(anonymous_0)","decl":{"start":{"line":6,"column":17},"end":{"line":6,"column":18}},"loc":{"start":{"line":6,"column":43},"end":{"line":27,"column":1}},"line":6}},"branchMap":{"0":{"loc":{"start":{"line":9,"column":4},"end":{"line":9,"column":64}},"type":"if","locations":[{"start":{"line":9,"column":4},"end":{"line":9,"column":64}},{"start":{},"end":{}}],"line":9},"1":{"loc":{"start":{"line":11,"column":4},"end":{"line":11,"column":57}},"type":"if","locations":[{"start":{"line":11,"column":4},"end":{"line":11,"column":57}},{"start":{},"end":{}}],"line":11},"2":{"loc":{"start":{"line":13,"column":4},"end":{"line":13,"column":56}},"type":"if","locations":[{"start":{"line":13,"column":4},"end":{"line":13,"column":56}},{"start":{},"end":{}}],"line":13},"3":{"loc":{"start":{"line":22,"column":4},"end":{"line":24,"column":5}},"type":"if","locations":[{"start":{"line":22,"column":4},"end":{"line":24,"column":5}},{"start":{},"end":{}}],"line":22}},"s":{"0":1,"1":1,"2":1,"3":36,"4":36,"5":36,"6":0,"7":36,"8":24,"9":0,"10":24,"11":24,"12":0,"13":24,"14":24,"15":12,"16":12,"17":12},"f":{"0":36},"b":{"0":[0,36],"1":[0,24],"2":[0,24],"3":[12,0]},"_coverageSchema":"1a1c01bbd47fc00a2c39e90264f33305004495a9","hash":"c43db328b6006176f006542f72f52832c1d9d788"}
,"D:\\Hacktiv8_Martha\\Phase 3\\Week 4\\backend-bw\\middlewares\\usersAuth.js": {"path":"D:\\Hacktiv8_Martha\\Phase 3\\Week 4\\backend-bw\\middlewares\\usersAuth.js","statementMap":{"0":{"start":{"line":1,"column":23},"end":{"line":1,"column":51}},"1":{"start":{"line":2,"column":17},"end":{"line":2,"column":43}},"2":{"start":{"line":6,"column":0},"end":{"line":27,"column":2}},"3":{"start":{"line":7,"column":2},"end":{"line":26,"column":3}},"4":{"start":{"line":8,"column":29},"end":{"line":8,"column":40}},"5":{"start":{"line":9,"column":4},"end":{"line":9,"column":64}},"6":{"start":{"line":9,"column":23},"end":{"line":9,"column":64}},"7":{"start":{"line":10,"column":18},"end":{"line":10,"column":42}},"8":{"start":{"line":11,"column":4},"end":{"line":11,"column":57}},"9":{"start":{"line":11,"column":16},"end":{"line":11,"column":57}},"10":{"start":{"line":12,"column":17},"end":{"line":12,"column":46}},"11":{"start":{"line":13,"column":4},"end":{"line":13,"column":56}},"12":{"start":{"line":13,"column":15},"end":{"line":13,"column":56}},"13":{"start":{"line":14,"column":4},"end":{"line":18,"column":6}},"14":{"start":{"line":19,"column":4},"end":{"line":19,"column":11}},"15":{"start":{"line":22,"column":4},"end":{"line":24,"column":5}},"16":{"start":{"line":23,"column":6},"end":{"line":23,"column":44}},"17":{"start":{"line":25,"column":4},"end":{"line":25,"column":16}}},"fnMap":{"0":{"name":"(anonymous_0)","decl":{"start":{"line":6,"column":17},"end":{"line":6,"column":18}},"loc":{"start":{"line":6,"column":43},"end":{"line":27,"column":1}},"line":6}},"branchMap":{"0":{"loc":{"start":{"line":9,"column":4},"end":{"line":9,"column":64}},"type":"if","locations":[{"start":{"line":9,"column":4},"end":{"line":9,"column":64}},{"start":{},"end":{}}],"line":9},"1":{"loc":{"start":{"line":11,"column":4},"end":{"line":11,"column":57}},"type":"if","locations":[{"start":{"line":11,"column":4},"end":{"line":11,"column":57}},{"start":{},"end":{}}],"line":11},"2":{"loc":{"start":{"line":13,"column":4},"end":{"line":13,"column":56}},"type":"if","locations":[{"start":{"line":13,"column":4},"end":{"line":13,"column":56}},{"start":{},"end":{}}],"line":13},"3":{"loc":{"start":{"line":22,"column":4},"end":{"line":24,"column":5}},"type":"if","locations":[{"start":{"line":22,"column":4},"end":{"line":24,"column":5}},{"start":{},"end":{}}],"line":22}},"s":{"0":1,"1":1,"2":1,"3":12,"4":12,"5":12,"6":0,"7":12,"8":8,"9":0,"10":8,"11":8,"12":0,"13":8,"14":8,"15":4,"16":4,"17":4},"f":{"0":12},"b":{"0":[0,12],"1":[0,8],"2":[0,8],"3":[4,0]},"_coverageSchema":"1a1c01bbd47fc00a2c39e90264f33305004495a9","hash":"28a16696fef887b88f936d4a9b6d21e3698176b3"}
,"D:\\Hacktiv8_Martha\\Phase 3\\Week 4\\backend-bw\\models\\admin.js": {"path":"D:\\Hacktiv8_Martha\\Phase 3\\Week 4\\backend-bw\\models\\admin.js","statementMap":{"0":{"start":{"line":4,"column":4},"end":{"line":4,"column":24}},"1":{"start":{"line":5,"column":25},"end":{"line":5,"column":53}},"2":{"start":{"line":6,"column":0},"end":{"line":84,"column":2}},"3":{"start":{"line":15,"column":6},"end":{"line":15,"column":61}},"4":{"start":{"line":19,"column":2},"end":{"line":78,"column":5}},"5":{"start":{"line":80,"column":2},"end":{"line":82,"column":5}},"6":{"start":{"line":81,"column":4},"end":{"line":81,"column":42}},"7":{"start":{"line":83,"column":2},"end":{"line":83,"column":15}}},"fnMap":{"0":{"name":"(anonymous_0)","decl":{"start":{"line":6,"column":17},"end":{"line":6,"column":18}},"loc":{"start":{"line":6,"column":43},"end":{"line":84,"column":1}},"line":6},"1":{"name":"(anonymous_1)","decl":{"start":{"line":13,"column":4},"end":{"line":13,"column":5}},"loc":{"start":{"line":13,"column":29},"end":{"line":17,"column":5}},"line":13},"2":{"name":"(anonymous_2)","decl":{"start":{"line":80,"column":32},"end":{"line":80,"column":33}},"loc":{"start":{"line":80,"column":39},"end":{"line":82,"column":3}},"line":80}},"branchMap":{},"s":{"0":1,"1":1,"2":1,"3":1,"4":1,"5":1,"6":1,"7":1},"f":{"0":1,"1":1,"2":1},"b":{},"_coverageSchema":"1a1c01bbd47fc00a2c39e90264f33305004495a9","hash":"53a228b99690330af770df03414e15f3bac83558"}
,"D:\\Hacktiv8_Martha\\Phase 3\\Week 4\\backend-bw\\models\\answerquiz.js": {"path":"D:\\Hacktiv8_Martha\\Phase 3\\Week 4\\backend-bw\\models\\answerquiz.js","statementMap":{"0":{"start":{"line":4,"column":4},"end":{"line":4,"column":24}},"1":{"start":{"line":5,"column":0},"end":{"line":27,"column":2}},"2":{"start":{"line":14,"column":6},"end":{"line":14,"column":66}},"3":{"start":{"line":15,"column":6},"end":{"line":15,"column":78}},"4":{"start":{"line":18,"column":2},"end":{"line":25,"column":5}},"5":{"start":{"line":26,"column":2},"end":{"line":26,"column":20}}},"fnMap":{"0":{"name":"(anonymous_0)","decl":{"start":{"line":5,"column":17},"end":{"line":5,"column":18}},"loc":{"start":{"line":5,"column":43},"end":{"line":27,"column":1}},"line":5},"1":{"name":"(anonymous_1)","decl":{"start":{"line":12,"column":4},"end":{"line":12,"column":5}},"loc":{"start":{"line":12,"column":29},"end":{"line":16,"column":5}},"line":12}},"branchMap":{},"s":{"0":1,"1":1,"2":1,"3":1,"4":1,"5":1},"f":{"0":1,"1":1},"b":{},"_coverageSchema":"1a1c01bbd47fc00a2c39e90264f33305004495a9","hash":"76551f1932857291682c954523f1ccbab1a713c9"}
,"D:\\Hacktiv8_Martha\\Phase 3\\Week 4\\backend-bw\\models\\category.js": {"path":"D:\\Hacktiv8_Martha\\Phase 3\\Week 4\\backend-bw\\models\\category.js","statementMap":{"0":{"start":{"line":4,"column":4},"end":{"line":4,"column":24}},"1":{"start":{"line":5,"column":0},"end":{"line":24,"column":2}},"2":{"start":{"line":14,"column":6},"end":{"line":14,"column":67}},"3":{"start":{"line":17,"column":2},"end":{"line":22,"column":5}},"4":{"start":{"line":23,"column":2},"end":{"line":23,"column":18}}},"fnMap":{"0":{"name":"(anonymous_0)","decl":{"start":{"line":5,"column":17},"end":{"line":5,"column":18}},"loc":{"start":{"line":5,"column":43},"end":{"line":24,"column":1}},"line":5},"1":{"name":"(anonymous_1)","decl":{"start":{"line":12,"column":4},"end":{"line":12,"column":5}},"loc":{"start":{"line":12,"column":29},"end":{"line":15,"column":5}},"line":12}},"branchMap":{},"s":{"0":1,"1":1,"2":1,"3":1,"4":1},"f":{"0":1,"1":1},"b":{},"_coverageSchema":"1a1c01bbd47fc00a2c39e90264f33305004495a9","hash":"d133607aeead84ac01e4c8bf7fb09a401a371c4c"}
,"D:\\Hacktiv8_Martha\\Phase 3\\Week 4\\backend-bw\\models\\checkpoint.js": {"path":"D:\\Hacktiv8_Martha\\Phase 3\\Week 4\\backend-bw\\models\\checkpoint.js","statementMap":{"0":{"start":{"line":4,"column":4},"end":{"line":4,"column":24}},"1":{"start":{"line":5,"column":0},"end":{"line":35,"column":2}},"2":{"start":{"line":14,"column":6},"end":{"line":14,"column":68}},"3":{"start":{"line":17,"column":2},"end":{"line":33,"column":5}},"4":{"start":{"line":34,"column":2},"end":{"line":34,"column":20}}},"fnMap":{"0":{"name":"(anonymous_0)","decl":{"start":{"line":5,"column":17},"end":{"line":5,"column":18}},"loc":{"start":{"line":5,"column":43},"end":{"line":35,"column":1}},"line":5},"1":{"name":"(anonymous_1)","decl":{"start":{"line":12,"column":4},"end":{"line":12,"column":5}},"loc":{"start":{"line":12,"column":29},"end":{"line":15,"column":5}},"line":12}},"branchMap":{},"s":{"0":1,"1":1,"2":1,"3":1,"4":1},"f":{"0":1,"1":1},"b":{},"_coverageSchema":"1a1c01bbd47fc00a2c39e90264f33305004495a9","hash":"e750ea0eab710f933a0667faa982e5eb07b38009"}
,"D:\\Hacktiv8_Martha\\Phase 3\\Week 4\\backend-bw\\models\\event.js": {"path":"D:\\Hacktiv8_Martha\\Phase 3\\Week 4\\backend-bw\\models\\event.js","statementMap":{"0":{"start":{"line":4,"column":4},"end":{"line":4,"column":24}},"1":{"start":{"line":5,"column":0},"end":{"line":43,"column":2}},"2":{"start":{"line":14,"column":6},"end":{"line":14,"column":63}},"3":{"start":{"line":15,"column":6},"end":{"line":15,"column":69}},"4":{"start":{"line":16,"column":6},"end":{"line":16,"column":94}},"5":{"start":{"line":17,"column":6},"end":{"line":17,"column":67}},"6":{"start":{"line":18,"column":6},"end":{"line":18,"column":66}},"7":{"start":{"line":21,"column":2},"end":{"line":41,"column":5}},"8":{"start":{"line":42,"column":2},"end":{"line":42,"column":15}}},"fnMap":{"0":{"name":"(anonymous_0)","decl":{"start":{"line":5,"column":17},"end":{"line":5,"column":18}},"loc":{"start":{"line":5,"column":43},"end":{"line":43,"column":1}},"line":5},"1":{"name":"(anonymous_1)","decl":{"start":{"line":12,"column":4},"end":{"line":12,"column":5}},"loc":{"start":{"line":12,"column":29},"end":{"line":19,"column":5}},"line":12}},"branchMap":{},"s":{"0":1,"1":1,"2":1,"3":1,"4":1,"5":1,"6":1,"7":1,"8":1},"f":{"0":1,"1":1},"b":{},"_coverageSchema":"1a1c01bbd47fc00a2c39e90264f33305004495a9","hash":"04f03045fe3cf45a9816379eb750ad211816fceb"}
,"D:\\Hacktiv8_Martha\\Phase 3\\Week 4\\backend-bw\\models\\index.js": {"path":"D:\\Hacktiv8_Martha\\Phase 3\\Week 4\\backend-bw\\models\\index.js","statementMap":{"0":{"start":{"line":3,"column":11},"end":{"line":3,"column":24}},"1":{"start":{"line":4,"column":13},"end":{"line":4,"column":28}},"2":{"start":{"line":5,"column":18},"end":{"line":5,"column":38}},"3":{"start":{"line":6,"column":16},"end":{"line":6,"column":34}},"4":{"start":{"line":7,"column":17},"end":{"line":7,"column":42}},"5":{"start":{"line":8,"column":12},"end":{"line":8,"column":49}},"6":{"start":{"line":9,"column":15},"end":{"line":9,"column":65}},"7":{"start":{"line":10,"column":11},"end":{"line":10,"column":13}},"8":{"start":{"line":13,"column":0},"end":{"line":17,"column":1}},"9":{"start":{"line":14,"column":2},"end":{"line":14,"column":74}},"10":{"start":{"line":16,"column":2},"end":{"line":16,"column":87}},"11":{"start":{"line":19,"column":0},"end":{"line":32,"column":5}},"12":{"start":{"line":22,"column":4},"end":{"line":27,"column":6}},"13":{"start":{"line":30,"column":18},"end":{"line":30,"column":85}},"14":{"start":{"line":31,"column":4},"end":{"line":31,"column":27}},"15":{"start":{"line":34,"column":0},"end":{"line":38,"column":3}},"16":{"start":{"line":35,"column":2},"end":{"line":37,"column":3}},"17":{"start":{"line":36,"column":4},"end":{"line":36,"column":32}},"18":{"start":{"line":40,"column":0},"end":{"line":40,"column":25}},"19":{"start":{"line":41,"column":0},"end":{"line":41,"column":25}},"20":{"start":{"line":43,"column":0},"end":{"line":43,"column":20}}},"fnMap":{"0":{"name":"(anonymous_0)","decl":{"start":{"line":21,"column":10},"end":{"line":21,"column":11}},"loc":{"start":{"line":21,"column":18},"end":{"line":28,"column":3}},"line":21},"1":{"name":"(anonymous_1)","decl":{"start":{"line":29,"column":11},"end":{"line":29,"column":12}},"loc":{"start":{"line":29,"column":19},"end":{"line":32,"column":3}},"line":29},"2":{"name":"(anonymous_2)","decl":{"start":{"line":34,"column":24},"end":{"line":34,"column":25}},"loc":{"start":{"line":34,"column":37},"end":{"line":38,"column":1}},"line":34}},"branchMap":{"0":{"loc":{"start":{"line":8,"column":12},"end":{"line":8,"column":49}},"type":"binary-expr","locations":[{"start":{"line":8,"column":12},"end":{"line":8,"column":32}},{"start":{"line":8,"column":36},"end":{"line":8,"column":49}}],"line":8},"1":{"loc":{"start":{"line":13,"column":0},"end":{"line":17,"column":1}},"type":"if","locations":[{"start":{"line":13,"column":0},"end":{"line":17,"column":1}},{"start":{"line":15,"column":7},"end":{"line":17,"column":1}}],"line":13},"2":{"loc":{"start":{"line":23,"column":6},"end":{"line":26,"column":37}},"type":"binary-expr","locations":[{"start":{"line":23,"column":6},"end":{"line":23,"column":29}},{"start":{"line":24,"column":6},"end":{"line":24,"column":23}},{"start":{"line":25,"column":6},"end":{"line":25,"column":30}},{"start":{"line":26,"column":6},"end":{"line":26,"column":37}}],"line":23},"3":{"loc":{"start":{"line":35,"column":2},"end":{"line":37,"column":3}},"type":"if","locations":[{"start":{"line":35,"column":2},"end":{"line":37,"column":3}},{"start":{},"end":{}}],"line":35}},"s":{"0":1,"1":1,"2":1,"3":1,"4":1,"5":1,"6":1,"7":1,"8":1,"9":0,"10":1,"11":1,"12":9,"13":8,"14":8,"15":1,"16":8,"17":8,"18":1,"19":1,"20":1},"f":{"0":9,"1":8,"2":8},"b":{"0":[1,0],"1":[0,1],"2":[9,9,8,8],"3":[8,0]},"_coverageSchema":"1a1c01bbd47fc00a2c39e90264f33305004495a9","hash":"cfe412017c1fe70491a4907c13c5b17581a06771"}
,"D:\\Hacktiv8_Martha\\Phase 3\\Week 4\\backend-bw\\models\\leaderboard.js": {"path":"D:\\Hacktiv8_Martha\\Phase 3\\Week 4\\backend-bw\\models\\leaderboard.js","statementMap":{"0":{"start":{"line":4,"column":4},"end":{"line":4,"column":24}},"1":{"start":{"line":5,"column":0},"end":{"line":27,"column":2}},"2":{"start":{"line":14,"column":6},"end":{"line":14,"column":67}},"3":{"start":{"line":15,"column":6},"end":{"line":15,"column":69}},"4":{"start":{"line":18,"column":2},"end":{"line":25,"column":5}},"5":{"start":{"line":26,"column":2},"end":{"line":26,"column":21}}},"fnMap":{"0":{"name":"(anonymous_0)","decl":{"start":{"line":5,"column":17},"end":{"line":5,"column":18}},"loc":{"start":{"line":5,"column":43},"end":{"line":27,"column":1}},"line":5},"1":{"name":"(anonymous_1)","decl":{"start":{"line":12,"column":4},"end":{"line":12,"column":5}},"loc":{"start":{"line":12,"column":29},"end":{"line":16,"column":5}},"line":12}},"branchMap":{},"s":{"0":1,"1":1,"2":1,"3":1,"4":1,"5":1},"f":{"0":1,"1":1},"b":{},"_coverageSchema":"1a1c01bbd47fc00a2c39e90264f33305004495a9","hash":"612827c488789d4459c72ccb295b5513e75ca291"}
,"D:\\Hacktiv8_Martha\\Phase 3\\Week 4\\backend-bw\\models\\user.js": {"path":"D:\\Hacktiv8_Martha\\Phase 3\\Week 4\\backend-bw\\models\\user.js","statementMap":{"0":{"start":{"line":4,"column":4},"end":{"line":4,"column":24}},"1":{"start":{"line":5,"column":25},"end":{"line":5,"column":53}},"2":{"start":{"line":6,"column":0},"end":{"line":134,"column":2}},"3":{"start":{"line":15,"column":6},"end":{"line":15,"column":93}},"4":{"start":{"line":16,"column":6},"end":{"line":16,"column":65}},"5":{"start":{"line":17,"column":6},"end":{"line":17,"column":64}},"6":{"start":{"line":20,"column":2},"end":{"line":127,"column":5}},"7":{"start":{"line":129,"column":2},"end":{"line":131,"column":5}},"8":{"start":{"line":130,"column":4},"end":{"line":130,"column":42}},"9":{"start":{"line":133,"column":2},"end":{"line":133,"column":14}}},"fnMap":{"0":{"name":"(anonymous_0)","decl":{"start":{"line":6,"column":17},"end":{"line":6,"column":18}},"loc":{"start":{"line":6,"column":43},"end":{"line":134,"column":1}},"line":6},"1":{"name":"(anonymous_1)","decl":{"start":{"line":13,"column":4},"end":{"line":13,"column":5}},"loc":{"start":{"line":13,"column":29},"end":{"line":18,"column":5}},"line":13},"2":{"name":"(anonymous_2)","decl":{"start":{"line":129,"column":31},"end":{"line":129,"column":32}},"loc":{"start":{"line":129,"column":38},"end":{"line":131,"column":3}},"line":129}},"branchMap":{},"s":{"0":1,"1":1,"2":1,"3":1,"4":1,"5":1,"6":1,"7":1,"8":1,"9":1},"f":{"0":1,"1":1,"2":1},"b":{},"_coverageSchema":"1a1c01bbd47fc00a2c39e90264f33305004495a9","hash":"0fb353257e9fecf5c155f0e25d17f8e9b596c5f2"}
,"D:\\Hacktiv8_Martha\\Phase 3\\Week 4\\backend-bw\\models\\user_event.js": {"path":"D:\\Hacktiv8_Martha\\Phase 3\\Week 4\\backend-bw\\models\\user_event.js","statementMap":{"0":{"start":{"line":4,"column":4},"end":{"line":4,"column":24}},"1":{"start":{"line":5,"column":0},"end":{"line":27,"column":2}},"2":{"start":{"line":14,"column":6},"end":{"line":14,"column":66}},"3":{"start":{"line":15,"column":6},"end":{"line":15,"column":68}},"4":{"start":{"line":18,"column":2},"end":{"line":25,"column":5}},"5":{"start":{"line":26,"column":2},"end":{"line":26,"column":20}}},"fnMap":{"0":{"name":"(anonymous_0)","decl":{"start":{"line":5,"column":17},"end":{"line":5,"column":18}},"loc":{"start":{"line":5,"column":43},"end":{"line":27,"column":1}},"line":5},"1":{"name":"(anonymous_1)","decl":{"start":{"line":12,"column":4},"end":{"line":12,"column":5}},"loc":{"start":{"line":12,"column":29},"end":{"line":16,"column":5}},"line":12}},"branchMap":{},"s":{"0":1,"1":1,"2":1,"3":1,"4":1,"5":1},"f":{"0":1,"1":1},"b":{},"_coverageSchema":"1a1c01bbd47fc00a2c39e90264f33305004495a9","hash":"83b94bd653dca2e00ddf4554edec8694671c5627"}
,"D:\\Hacktiv8_Martha\\Phase 3\\Week 4\\backend-bw\\routers\\admin.js": {"path":"D:\\Hacktiv8_Martha\\Phase 3\\Week 4\\backend-bw\\routers\\admin.js","statementMap":{"0":{"start":{"line":1,"column":16},"end":{"line":1,"column":34}},"1":{"start":{"line":2,"column":14},"end":{"line":2,"column":30}},"2":{"start":{"line":3,"column":24},"end":{"line":3,"column":65}},"3":{"start":{"line":4,"column":18},"end":{"line":4,"column":53}},"4":{"start":{"line":7,"column":0},"end":{"line":13,"column":61}},"5":{"start":{"line":18,"column":0},"end":{"line":18,"column":23}}},"fnMap":{},"branchMap":{},"s":{"0":1,"1":1,"2":1,"3":1,"4":1,"5":1},"f":{},"b":{},"_coverageSchema":"1a1c01bbd47fc00a2c39e90264f33305004495a9","hash":"4fb0f55a8fbb27e09c7dcf83877e4e35e1c4fd2d"}
,"D:\\Hacktiv8_Martha\\Phase 3\\Week 4\\backend-bw\\routers\\category.js": {"path":"D:\\Hacktiv8_Martha\\Phase 3\\Week 4\\backend-bw\\routers\\category.js","statementMap":{"0":{"start":{"line":1,"column":16},"end":{"line":1,"column":34}},"1":{"start":{"line":2,"column":27},"end":{"line":2,"column":71}},"2":{"start":{"line":3,"column":17},"end":{"line":3,"column":33}},"3":{"start":{"line":4,"column":18},"end":{"line":4,"column":53}},"4":{"start":{"line":6,"column":0},"end":{"line":11,"column":72}},"5":{"start":{"line":17,"column":0},"end":{"line":17,"column":26}}},"fnMap":{},"branchMap":{},"s":{"0":1,"1":1,"2":1,"3":1,"4":1,"5":1},"f":{},"b":{},"_coverageSchema":"1a1c01bbd47fc00a2c39e90264f33305004495a9","hash":"96b206ede127c5d0a091cffae579d1325ec55425"}
,"D:\\Hacktiv8_Martha\\Phase 3\\Week 4\\backend-bw\\routers\\checkpoint.js": {"path":"D:\\Hacktiv8_Martha\\Phase 3\\Week 4\\backend-bw\\routers\\checkpoint.js","statementMap":{"0":{"start":{"line":1,"column":16},"end":{"line":1,"column":34}},"1":{"start":{"line":2,"column":29},"end":{"line":2,"column":75}},"2":{"start":{"line":3,"column":18},"end":{"line":3,"column":53}},"3":{"start":{"line":4,"column":19},"end":{"line":4,"column":35}},"4":{"start":{"line":6,"column":0},"end":{"line":9,"column":84}},"5":{"start":{"line":11,"column":0},"end":{"line":11,"column":28}}},"fnMap":{},"branchMap":{},"s":{"0":1,"1":1,"2":1,"3":1,"4":1,"5":1},"f":{},"b":{},"_coverageSchema":"1a1c01bbd47fc00a2c39e90264f33305004495a9","hash":"535d1db83431a269775d6c94d40c25fa9634b9f9"}
,"D:\\Hacktiv8_Martha\\Phase 3\\Week 4\\backend-bw\\routers\\event.js": {"path":"D:\\Hacktiv8_Martha\\Phase 3\\Week 4\\backend-bw\\routers\\event.js","statementMap":{"0":{"start":{"line":1,"column":16},"end":{"line":1,"column":34}},"1":{"start":{"line":2,"column":24},"end":{"line":2,"column":65}},"2":{"start":{"line":3,"column":18},"end":{"line":3,"column":53}},"3":{"start":{"line":4,"column":14},"end":{"line":4,"column":30}},"4":{"start":{"line":6,"column":0},"end":{"line":11,"column":60}},"5":{"start":{"line":13,"column":0},"end":{"line":13,"column":23}}},"fnMap":{},"branchMap":{},"s":{"0":1,"1":1,"2":1,"3":1,"4":1,"5":1},"f":{},"b":{},"_coverageSchema":"1a1c01bbd47fc00a2c39e90264f33305004495a9","hash":"6cffe719a0eaa266e9d3c61f1a23dc1eefa2cbe9"}
,"D:\\Hacktiv8_Martha\\Phase 3\\Week 4\\backend-bw\\routers\\index.js": {"path":"D:\\Hacktiv8_Martha\\Phase 3\\Week 4\\backend-bw\\routers\\index.js","statementMap":{"0":{"start":{"line":1,"column":16},"end":{"line":1,"column":34}},"1":{"start":{"line":2,"column":15},"end":{"line":2,"column":31}},"2":{"start":{"line":3,"column":19},"end":{"line":3,"column":37}},"3":{"start":{"line":4,"column":20},"end":{"line":4,"column":38}},"4":{"start":{"line":5,"column":23},"end":{"line":5,"column":44}},"5":{"start":{"line":6,"column":20},"end":{"line":6,"column":38}},"6":{"start":{"line":7,"column":26},"end":{"line":7,"column":50}},"7":{"start":{"line":8,"column":24},"end":{"line":8,"column":47}},"8":{"start":{"line":9,"column":25},"end":{"line":9,"column":48}},"9":{"start":{"line":10,"column":22},"end":{"line":10,"column":42}},"10":{"start":{"line":12,"column":0},"end":{"line":20,"column":22}},"11":{"start":{"line":22,"column":0},"end":{"line":22,"column":23}}},"fnMap":{},"branchMap":{},"s":{"0":1,"1":1,"2":1,"3":1,"4":1,"5":1,"6":1,"7":1,"8":1,"9":1,"10":1,"11":1},"f":{},"b":{},"_coverageSchema":"1a1c01bbd47fc00a2c39e90264f33305004495a9","hash":"856d5ea6c0aa13d8327b928c1d48fa57325decbd"}
,"D:\\Hacktiv8_Martha\\Phase 3\\Week 4\\backend-bw\\routers\\leaderboard.js": {"path":"D:\\Hacktiv8_Martha\\Phase 3\\Week 4\\backend-bw\\routers\\leaderboard.js","statementMap":{"0":{"start":{"line":1,"column":16},"end":{"line":1,"column":34}},"1":{"start":{"line":2,"column":18},"end":{"line":2,"column":53}},"2":{"start":{"line":3,"column":30},"end":{"line":3,"column":77}},"3":{"start":{"line":4,"column":20},"end":{"line":4,"column":36}},"4":{"start":{"line":6,"column":0},"end":{"line":10,"column":83}},"5":{"start":{"line":12,"column":0},"end":{"line":12,"column":29}}},"fnMap":{},"branchMap":{},"s":{"0":1,"1":1,"2":1,"3":1,"4":1,"5":1},"f":{},"b":{},"_coverageSchema":"1a1c01bbd47fc00a2c39e90264f33305004495a9","hash":"28bcb5bf26c2d177bbb83b363ef123e7e5868e46"}
,"D:\\Hacktiv8_Martha\\Phase 3\\Week 4\\backend-bw\\routers\\payment.js": {"path":"D:\\Hacktiv8_Martha\\Phase 3\\Week 4\\backend-bw\\routers\\payment.js","statementMap":{"0":{"start":{"line":1,"column":16},"end":{"line":1,"column":34}},"1":{"start":{"line":2,"column":26},"end":{"line":2,"column":59}},"2":{"start":{"line":3,"column":18},"end":{"line":3,"column":53}},"3":{"start":{"line":4,"column":16},"end":{"line":4,"column":32}},"4":{"start":{"line":6,"column":0},"end":{"line":7,"column":70}},"5":{"start":{"line":9,"column":0},"end":{"line":9,"column":25}}},"fnMap":{},"branchMap":{},"s":{"0":1,"1":1,"2":1,"3":1,"4":1,"5":1},"f":{},"b":{},"_coverageSchema":"1a1c01bbd47fc00a2c39e90264f33305004495a9","hash":"ab7e283f24f63dbf03bdb9ba183ef226482bdefa"}
,"D:\\Hacktiv8_Martha\\Phase 3\\Week 4\\backend-bw\\routers\\user_event.js": {"path":"D:\\Hacktiv8_Martha\\Phase 3\\Week 4\\backend-bw\\routers\\user_event.js","statementMap":{"0":{"start":{"line":1,"column":16},"end":{"line":1,"column":34}},"1":{"start":{"line":2,"column":18},"end":{"line":2,"column":53}},"2":{"start":{"line":3,"column":18},"end":{"line":3,"column":53}},"3":{"start":{"line":4,"column":28},"end":{"line":4,"column":64}},"4":{"start":{"line":5,"column":19},"end":{"line":5,"column":35}},"5":{"start":{"line":7,"column":0},"end":{"line":13,"column":74}},"6":{"start":{"line":15,"column":0},"end":{"line":15,"column":28}}},"fnMap":{},"branchMap":{},"s":{"0":1,"1":1,"2":1,"3":1,"4":1,"5":1,"6":1},"f":{},"b":{},"_coverageSchema":"1a1c01bbd47fc00a2c39e90264f33305004495a9","hash":"18716930d0c829e6c492f4132980beb1ecd8f35c"}
,"D:\\Hacktiv8_Martha\\Phase 3\\Week 4\\backend-bw\\routers\\users.js": {"path":"D:\\Hacktiv8_Martha\\Phase 3\\Week 4\\backend-bw\\routers\\users.js","statementMap":{"0":{"start":{"line":1,"column":16},"end":{"line":1,"column":34}},"1":{"start":{"line":2,"column":13},"end":{"line":2,"column":29}},"2":{"start":{"line":3,"column":24},"end":{"line":3,"column":65}},"3":{"start":{"line":4,"column":18},"end":{"line":4,"column":53}},"4":{"start":{"line":5,"column":18},"end":{"line":5,"column":53}},"5":{"start":{"line":8,"column":0},"end":{"line":14,"column":49}},"6":{"start":{"line":20,"column":0},"end":{"line":20,"column":22}}},"fnMap":{},"branchMap":{},"s":{"0":1,"1":1,"2":1,"3":1,"4":1,"5":1,"6":1},"f":{},"b":{},"_coverageSchema":"1a1c01bbd47fc00a2c39e90264f33305004495a9","hash":"628532b11b7ba8d8c9c83f1e601b1a91b23a0424"}
}
