{"D:\\Hacktiv8_Martha\\Phase 3\\Week 4\\backend-bw\\app.js": {"path":"D:\\Hacktiv8_Martha\\Phase 3\\Week 4\\backend-bw\\app.js","statementMap":{"0":{"start":{"line":1,"column":0},"end":{"line":3,"column":1}},"1":{"start":{"line":2,"column":2},"end":{"line":2,"column":29}},"2":{"start":{"line":5,"column":16},"end":{"line":5,"column":34}},"3":{"start":{"line":6,"column":12},"end":{"line":6,"column":21}},"4":{"start":{"line":7,"column":13},"end":{"line":7,"column":37}},"5":{"start":{"line":8,"column":13},"end":{"line":8,"column":28}},"6":{"start":{"line":9,"column":15},"end":{"line":9,"column":35}},"7":{"start":{"line":10,"column":15},"end":{"line":10,"column":32}},"8":{"start":{"line":11,"column":21},"end":{"line":11,"column":55}},"9":{"start":{"line":12,"column":20},"end":{"line":12,"column":46}},"10":{"start":{"line":14,"column":0},"end":{"line":14,"column":16}},"11":{"start":{"line":15,"column":0},"end":{"line":15,"column":24}},"12":{"start":{"line":16,"column":0},"end":{"line":16,"column":49}},"13":{"start":{"line":17,"column":0},"end":{"line":21,"column":2}},"14":{"start":{"line":23,"column":0},"end":{"line":23,"column":16}},"15":{"start":{"line":24,"column":0},"end":{"line":24,"column":22}},"16":{"start":{"line":27,"column":0},"end":{"line":27,"column":21}}},"fnMap":{},"branchMap":{"0":{"loc":{"start":{"line":1,"column":0},"end":{"line":3,"column":1}},"type":"if","locations":[{"start":{"line":1,"column":0},"end":{"line":3,"column":1}},{"start":{},"end":{}}],"line":1},"1":{"loc":{"start":{"line":7,"column":13},"end":{"line":7,"column":37}},"type":"binary-expr","locations":[{"start":{"line":7,"column":13},"end":{"line":7,"column":29}},{"start":{"line":7,"column":33},"end":{"line":7,"column":37}}],"line":7}},"s":{"0":1,"1":1,"2":1,"3":1,"4":1,"5":1,"6":1,"7":1,"8":1,"9":1,"10":1,"11":1,"12":1,"13":1,"14":1,"15":1,"16":1},"f":{},"b":{"0":[1,0],"1":[1,1]},"_coverageSchema":"1a1c01bbd47fc00a2c39e90264f33305004495a9","hash":"45e62854403665cce5ceebd16d29dac77e673ba3"}
,"D:\\Hacktiv8_Martha\\Phase 3\\Week 4\\backend-bw\\config\\imagekit.js": {"path":"D:\\Hacktiv8_Martha\\Phase 3\\Week 4\\backend-bw\\config\\imagekit.js","statementMap":{"0":{"start":{"line":1,"column":17},"end":{"line":1,"column":36}},"1":{"start":{"line":3,"column":17},"end":{"line":7,"column":2}},"2":{"start":{"line":9,"column":0},"end":{"line":9,"column":26}}},"fnMap":{},"branchMap":{},"s":{"0":1,"1":1,"2":1},"f":{},"b":{},"_coverageSchema":"1a1c01bbd47fc00a2c39e90264f33305004495a9","hash":"4fc5e6c49f8d6082e917521c575e6bbcd3fd9c2c"}
,"D:\\Hacktiv8_Martha\\Phase 3\\Week 4\\backend-bw\\config\\multer.js": {"path":"D:\\Hacktiv8_Martha\\Phase 3\\Week 4\\backend-bw\\config\\multer.js","statementMap":{"0":{"start":{"line":1,"column":20},"end":{"line":12,"column":1}},"1":{"start":{"line":2,"column":2},"end":{"line":11,"column":3}},"2":{"start":{"line":8,"column":4},"end":{"line":8,"column":19}},"3":{"start":{"line":10,"column":4},"end":{"line":10,"column":19}},"4":{"start":{"line":14,"column":0},"end":{"line":14,"column":33}}},"fnMap":{"0":{"name":"(anonymous_0)","decl":{"start":{"line":1,"column":20},"end":{"line":1,"column":21}},"loc":{"start":{"line":1,"column":39},"end":{"line":12,"column":1}},"line":1}},"branchMap":{"0":{"loc":{"start":{"line":2,"column":2},"end":{"line":11,"column":3}},"type":"if","locations":[{"start":{"line":2,"column":2},"end":{"line":11,"column":3}},{"start":{"line":9,"column":9},"end":{"line":11,"column":3}}],"line":2},"1":{"loc":{"start":{"line":3,"column":4},"end":{"line":6,"column":35}},"type":"binary-expr","locations":[{"start":{"line":3,"column":4},"end":{"line":3,"column":34}},{"start":{"line":4,"column":4},"end":{"line":4,"column":34}},{"start":{"line":5,"column":4},"end":{"line":5,"column":35}},{"start":{"line":6,"column":4},"end":{"line":6,"column":35}}],"line":3}},"s":{"0":1,"1":0,"2":0,"3":0,"4":1},"f":{"0":0},"b":{"0":[0,0],"1":[0,0,0,0]},"_coverageSchema":"1a1c01bbd47fc00a2c39e90264f33305004495a9","hash":"2584a1e77976b7689c1dc9ee97fa9aa43126e3e8"}
,"D:\\Hacktiv8_Martha\\Phase 3\\Week 4\\backend-bw\\controllers\\adminController.js": {"path":"D:\\Hacktiv8_Martha\\Phase 3\\Week 4\\backend-bw\\controllers\\adminController.js","statementMap":{"0":{"start":{"line":1,"column":37},"end":{"line":1,"column":65}},"1":{"start":{"line":2,"column":18},"end":{"line":2,"column":38}},"2":{"start":{"line":4,"column":0},"end":{"line":106,"column":2}},"3":{"start":{"line":5,"column":23},"end":{"line":13,"column":3}},"4":{"start":{"line":6,"column":4},"end":{"line":12,"column":5}},"5":{"start":{"line":7,"column":25},"end":{"line":7,"column":46}},"6":{"start":{"line":8,"column":6},"end":{"line":8,"column":39}},"7":{"start":{"line":10,"column":6},"end":{"line":10,"column":25}},"8":{"start":{"line":11,"column":6},"end":{"line":11,"column":18}},"9":{"start":{"line":15,"column":24},"end":{"line":24,"column":3}},"10":{"start":{"line":16,"column":4},"end":{"line":23,"column":5}},"11":{"start":{"line":17,"column":21},"end":{"line":17,"column":31}},"12":{"start":{"line":18,"column":24},"end":{"line":18,"column":48}},"13":{"start":{"line":19,"column":6},"end":{"line":19,"column":38}},"14":{"start":{"line":21,"column":6},"end":{"line":21,"column":25}},"15":{"start":{"line":22,"column":6},"end":{"line":22,"column":18}},"16":{"start":{"line":26,"column":25},"end":{"line":45,"column":3}},"17":{"start":{"line":27,"column":4},"end":{"line":44,"column":5}},"18":{"start":{"line":30,"column":10},"end":{"line":30,"column":18}},"19":{"start":{"line":31,"column":6},"end":{"line":31,"column":61}},"20":{"start":{"line":31,"column":21},"end":{"line":31,"column":61}},"21":{"start":{"line":32,"column":6},"end":{"line":32,"column":53}},"22":{"start":{"line":32,"column":17},"end":{"line":32,"column":53}},"23":{"start":{"line":33,"column":6},"end":{"line":33,"column":55}},"24":{"start":{"line":33,"column":18},"end":{"line":33,"column":55}},"25":{"start":{"line":34,"column":6},"end":{"line":34,"column":61}},"26":{"start":{"line":34,"column":21},"end":{"line":34,"column":61}},"27":{"start":{"line":35,"column":24},"end":{"line":37,"column":8}},"28":{"start":{"line":38,"column":6},"end":{"line":40,"column":9}},"29":{"start":{"line":42,"column":6},"end":{"line":42,"column":25}},"30":{"start":{"line":43,"column":6},"end":{"line":43,"column":18}},"31":{"start":{"line":47,"column":22},"end":{"line":70,"column":3}},"32":{"start":{"line":48,"column":4},"end":{"line":69,"column":5}},"33":{"start":{"line":49,"column":37},"end":{"line":49,"column":45}},"34":{"start":{"line":50,"column":6},"end":{"line":50,"column":61}},"35":{"start":{"line":50,"column":21},"end":{"line":50,"column":61}},"36":{"start":{"line":51,"column":6},"end":{"line":51,"column":61}},"37":{"start":{"line":51,"column":21},"end":{"line":51,"column":61}},"38":{"start":{"line":53,"column":25},"end":{"line":55,"column":8}},"39":{"start":{"line":56,"column":6},"end":{"line":56,"column":67}},"40":{"start":{"line":56,"column":23},"end":{"line":56,"column":67}},"41":{"start":{"line":57,"column":28},"end":{"line":57,"column":72}},"42":{"start":{"line":58,"column":6},"end":{"line":58,"column":70}},"43":{"start":{"line":58,"column":26},"end":{"line":58,"column":70}},"44":{"start":{"line":59,"column":27},"end":{"line":63,"column":8}},"45":{"start":{"line":64,"column":6},"end":{"line":64,"column":76}},"46":{"start":{"line":67,"column":6},"end":{"line":67,"column":25}},"47":{"start":{"line":68,"column":6},"end":{"line":68,"column":18}},"48":{"start":{"line":72,"column":23},"end":{"line":83,"column":3}},"49":{"start":{"line":73,"column":4},"end":{"line":82,"column":5}},"50":{"start":{"line":74,"column":21},"end":{"line":74,"column":31}},"51":{"start":{"line":75,"column":6},"end":{"line":77,"column":9}},"52":{"start":{"line":78,"column":6},"end":{"line":78,"column":70}},"53":{"start":{"line":80,"column":6},"end":{"line":80,"column":25}},"54":{"start":{"line":81,"column":6},"end":{"line":81,"column":18}},"55":{"start":{"line":85,"column":23},"end":{"line":105,"column":3}},"56":{"start":{"line":86,"column":4},"end":{"line":104,"column":5}},"57":{"start":{"line":87,"column":21},"end":{"line":87,"column":31}},"58":{"start":{"line":90,"column":10},"end":{"line":90,"column":18}},"59":{"start":{"line":91,"column":6},"end":{"line":91,"column":61}},"60":{"start":{"line":91,"column":21},"end":{"line":91,"column":61}},"61":{"start":{"line":92,"column":6},"end":{"line":92,"column":53}},"62":{"start":{"line":92,"column":17},"end":{"line":92,"column":53}},"63":{"start":{"line":93,"column":6},"end":{"line":93,"column":55}},"64":{"start":{"line":93,"column":18},"end":{"line":93,"column":55}},"65":{"start":{"line":94,"column":6},"end":{"line":96,"column":28}},"66":{"start":{"line":98,"column":6},"end":{"line":100,"column":9}},"67":{"start":{"line":102,"column":6},"end":{"line":102,"column":25}},"68":{"start":{"line":103,"column":6},"end":{"line":103,"column":18}}},"fnMap":{"0":{"name":"(anonymous_0)","decl":{"start":{"line":5,"column":23},"end":{"line":5,"column":24}},"loc":{"start":{"line":5,"column":49},"end":{"line":13,"column":3}},"line":5},"1":{"name":"(anonymous_1)","decl":{"start":{"line":15,"column":24},"end":{"line":15,"column":25}},"loc":{"start":{"line":15,"column":50},"end":{"line":24,"column":3}},"line":15},"2":{"name":"(anonymous_2)","decl":{"start":{"line":26,"column":25},"end":{"line":26,"column":26}},"loc":{"start":{"line":26,"column":51},"end":{"line":45,"column":3}},"line":26},"3":{"name":"(anonymous_3)","decl":{"start":{"line":47,"column":22},"end":{"line":47,"column":23}},"loc":{"start":{"line":47,"column":48},"end":{"line":70,"column":3}},"line":47},"4":{"name":"(anonymous_4)","decl":{"start":{"line":72,"column":23},"end":{"line":72,"column":24}},"loc":{"start":{"line":72,"column":49},"end":{"line":83,"column":3}},"line":72},"5":{"name":"(anonymous_5)","decl":{"start":{"line":85,"column":23},"end":{"line":85,"column":24}},"loc":{"start":{"line":85,"column":49},"end":{"line":105,"column":3}},"line":85}},"branchMap":{"0":{"loc":{"start":{"line":31,"column":6},"end":{"line":31,"column":61}},"type":"if","locations":[{"start":{"line":31,"column":6},"end":{"line":31,"column":61}},{"start":{},"end":{}}],"line":31},"1":{"loc":{"start":{"line":32,"column":6},"end":{"line":32,"column":53}},"type":"if","locations":[{"start":{"line":32,"column":6},"end":{"line":32,"column":53}},{"start":{},"end":{}}],"line":32},"2":{"loc":{"start":{"line":33,"column":6},"end":{"line":33,"column":55}},"type":"if","locations":[{"start":{"line":33,"column":6},"end":{"line":33,"column":55}},{"start":{},"end":{}}],"line":33},"3":{"loc":{"start":{"line":34,"column":6},"end":{"line":34,"column":61}},"type":"if","locations":[{"start":{"line":34,"column":6},"end":{"line":34,"column":61}},{"start":{},"end":{}}],"line":34},"4":{"loc":{"start":{"line":50,"column":6},"end":{"line":50,"column":61}},"type":"if","locations":[{"start":{"line":50,"column":6},"end":{"line":50,"column":61}},{"start":{},"end":{}}],"line":50},"5":{"loc":{"start":{"line":51,"column":6},"end":{"line":51,"column":61}},"type":"if","locations":[{"start":{"line":51,"column":6},"end":{"line":51,"column":61}},{"start":{},"end":{}}],"line":51},"6":{"loc":{"start":{"line":56,"column":6},"end":{"line":56,"column":67}},"type":"if","locations":[{"start":{"line":56,"column":6},"end":{"line":56,"column":67}},{"start":{},"end":{}}],"line":56},"7":{"loc":{"start":{"line":58,"column":6},"end":{"line":58,"column":70}},"type":"if","locations":[{"start":{"line":58,"column":6},"end":{"line":58,"column":70}},{"start":{},"end":{}}],"line":58},"8":{"loc":{"start":{"line":91,"column":6},"end":{"line":91,"column":61}},"type":"if","locations":[{"start":{"line":91,"column":6},"end":{"line":91,"column":61}},{"start":{},"end":{}}],"line":91},"9":{"loc":{"start":{"line":92,"column":6},"end":{"line":92,"column":53}},"type":"if","locations":[{"start":{"line":92,"column":6},"end":{"line":92,"column":53}},{"start":{},"end":{}}],"line":92},"10":{"loc":{"start":{"line":93,"column":6},"end":{"line":93,"column":55}},"type":"if","locations":[{"start":{"line":93,"column":6},"end":{"line":93,"column":55}},{"start":{},"end":{}}],"line":93}},"s":{"0":1,"1":1,"2":1,"3":1,"4":0,"5":0,"6":0,"7":0,"8":0,"9":1,"10":0,"11":0,"12":0,"13":0,"14":0,"15":0,"16":1,"17":7,"18":7,"19":7,"20":1,"21":6,"22":1,"23":5,"24":1,"25":4,"26":1,"27":3,"28":1,"29":6,"30":6,"31":1,"32":5,"33":5,"34":5,"35":1,"36":4,"37":1,"38":3,"39":3,"40":1,"41":2,"42":2,"43":1,"44":1,"45":1,"46":4,"47":4,"48":1,"49":0,"50":0,"51":0,"52":0,"53":0,"54":0,"55":1,"56":0,"57":0,"58":0,"59":0,"60":0,"61":0,"62":0,"63":0,"64":0,"65":0,"66":0,"67":0,"68":0},"f":{"0":0,"1":0,"2":7,"3":5,"4":0,"5":0},"b":{"0":[1,6],"1":[1,5],"2":[1,4],"3":[1,3],"4":[1,4],"5":[1,3],"6":[1,2],"7":[1,1],"8":[0,0],"9":[0,0],"10":[0,0]},"_coverageSchema":"1a1c01bbd47fc00a2c39e90264f33305004495a9","hash":"3d13a646c65ca3185d3d02b4dafe65706f3305eb"}
,"D:\\Hacktiv8_Martha\\Phase 3\\Week 4\\backend-bw\\controllers\\categoryController.js": {"path":"D:\\Hacktiv8_Martha\\Phase 3\\Week 4\\backend-bw\\controllers\\categoryController.js","statementMap":{"0":{"start":{"line":1,"column":21},"end":{"line":1,"column":41}},"1":{"start":{"line":3,"column":0},"end":{"line":68,"column":2}},"2":{"start":{"line":4,"column":26},"end":{"line":12,"column":3}},"3":{"start":{"line":5,"column":4},"end":{"line":11,"column":5}},"4":{"start":{"line":6,"column":24},"end":{"line":6,"column":48}},"5":{"start":{"line":7,"column":6},"end":{"line":7,"column":38}},"6":{"start":{"line":9,"column":6},"end":{"line":9,"column":25}},"7":{"start":{"line":10,"column":6},"end":{"line":10,"column":18}},"8":{"start":{"line":14,"column":27},"end":{"line":23,"column":3}},"9":{"start":{"line":15,"column":4},"end":{"line":22,"column":5}},"10":{"start":{"line":16,"column":21},"end":{"line":16,"column":31}},"11":{"start":{"line":17,"column":27},"end":{"line":17,"column":54}},"12":{"start":{"line":18,"column":6},"end":{"line":18,"column":41}},"13":{"start":{"line":20,"column":6},"end":{"line":20,"column":25}},"14":{"start":{"line":21,"column":6},"end":{"line":21,"column":18}},"15":{"start":{"line":25,"column":24},"end":{"line":37,"column":3}},"16":{"start":{"line":26,"column":4},"end":{"line":36,"column":5}},"17":{"start":{"line":27,"column":23},"end":{"line":27,"column":31}},"18":{"start":{"line":28,"column":6},"end":{"line":28,"column":53}},"19":{"start":{"line":28,"column":17},"end":{"line":28,"column":53}},"20":{"start":{"line":29,"column":26},"end":{"line":29,"column":57}},"21":{"start":{"line":30,"column":6},"end":{"line":32,"column":9}},"22":{"start":{"line":34,"column":6},"end":{"line":34,"column":25}},"23":{"start":{"line":35,"column":6},"end":{"line":35,"column":18}},"24":{"start":{"line":39,"column":26},"end":{"line":50,"column":3}},"25":{"start":{"line":40,"column":4},"end":{"line":49,"column":5}},"26":{"start":{"line":41,"column":21},"end":{"line":41,"column":31}},"27":{"start":{"line":42,"column":6},"end":{"line":44,"column":9}},"28":{"start":{"line":45,"column":6},"end":{"line":45,"column":73}},"29":{"start":{"line":47,"column":6},"end":{"line":47,"column":25}},"30":{"start":{"line":48,"column":6},"end":{"line":48,"column":18}},"31":{"start":{"line":52,"column":26},"end":{"line":65,"column":3}},"32":{"start":{"line":53,"column":4},"end":{"line":64,"column":5}},"33":{"start":{"line":54,"column":21},"end":{"line":54,"column":31}},"34":{"start":{"line":55,"column":23},"end":{"line":55,"column":31}},"35":{"start":{"line":56,"column":6},"end":{"line":56,"column":53}},"36":{"start":{"line":56,"column":17},"end":{"line":56,"column":53}},"37":{"start":{"line":57,"column":6},"end":{"line":57,"column":57}},"38":{"start":{"line":58,"column":6},"end":{"line":60,"column":9}},"39":{"start":{"line":62,"column":6},"end":{"line":62,"column":25}},"40":{"start":{"line":63,"column":6},"end":{"line":63,"column":18}}},"fnMap":{"0":{"name":"(anonymous_0)","decl":{"start":{"line":4,"column":26},"end":{"line":4,"column":27}},"loc":{"start":{"line":4,"column":52},"end":{"line":12,"column":3}},"line":4},"1":{"name":"(anonymous_1)","decl":{"start":{"line":14,"column":27},"end":{"line":14,"column":28}},"loc":{"start":{"line":14,"column":53},"end":{"line":23,"column":3}},"line":14},"2":{"name":"(anonymous_2)","decl":{"start":{"line":25,"column":24},"end":{"line":25,"column":25}},"loc":{"start":{"line":25,"column":50},"end":{"line":37,"column":3}},"line":25},"3":{"name":"(anonymous_3)","decl":{"start":{"line":39,"column":26},"end":{"line":39,"column":27}},"loc":{"start":{"line":39,"column":52},"end":{"line":50,"column":3}},"line":39},"4":{"name":"(anonymous_4)","decl":{"start":{"line":52,"column":26},"end":{"line":52,"column":27}},"loc":{"start":{"line":52,"column":52},"end":{"line":65,"column":3}},"line":52}},"branchMap":{"0":{"loc":{"start":{"line":28,"column":6},"end":{"line":28,"column":53}},"type":"if","locations":[{"start":{"line":28,"column":6},"end":{"line":28,"column":53}},{"start":{},"end":{}}],"line":28},"1":{"loc":{"start":{"line":56,"column":6},"end":{"line":56,"column":53}},"type":"if","locations":[{"start":{"line":56,"column":6},"end":{"line":56,"column":53}},{"start":{},"end":{}}],"line":56}},"s":{"0":1,"1":1,"2":1,"3":1,"4":1,"5":1,"6":0,"7":0,"8":1,"9":1,"10":1,"11":1,"12":1,"13":0,"14":0,"15":1,"16":2,"17":2,"18":2,"19":1,"20":1,"21":1,"22":1,"23":1,"24":1,"25":1,"26":1,"27":1,"28":0,"29":1,"30":1,"31":1,"32":1,"33":1,"34":1,"35":1,"36":0,"37":1,"38":1,"39":0,"40":0},"f":{"0":1,"1":1,"2":2,"3":1,"4":1},"b":{"0":[1,1],"1":[0,1]},"_coverageSchema":"1a1c01bbd47fc00a2c39e90264f33305004495a9","hash":"0ed3a718c88e8502b02d7c6d5ae4ecb084aca21e"}
,"D:\\Hacktiv8_Martha\\Phase 3\\Week 4\\backend-bw\\controllers\\checkpointController.js": {"path":"D:\\Hacktiv8_Martha\\Phase 3\\Week 4\\backend-bw\\controllers\\checkpointController.js","statementMap":{"0":{"start":{"line":1,"column":46},"end":{"line":1,"column":66}},"1":{"start":{"line":3,"column":0},"end":{"line":48,"column":2}},"2":{"start":{"line":4,"column":28},"end":{"line":12,"column":3}},"3":{"start":{"line":5,"column":4},"end":{"line":11,"column":5}},"4":{"start":{"line":6,"column":26},"end":{"line":6,"column":52}},"5":{"start":{"line":7,"column":6},"end":{"line":7,"column":40}},"6":{"start":{"line":9,"column":6},"end":{"line":9,"column":25}},"7":{"start":{"line":10,"column":6},"end":{"line":10,"column":18}},"8":{"start":{"line":14,"column":37},"end":{"line":27,"column":3}},"9":{"start":{"line":15,"column":4},"end":{"line":26,"column":5}},"10":{"start":{"line":16,"column":26},"end":{"line":16,"column":36}},"11":{"start":{"line":17,"column":27},"end":{"line":21,"column":8}},"12":{"start":{"line":22,"column":6},"end":{"line":22,"column":41}},"13":{"start":{"line":24,"column":6},"end":{"line":24,"column":25}},"14":{"start":{"line":25,"column":6},"end":{"line":25,"column":18}},"15":{"start":{"line":29,"column":28},"end":{"line":45,"column":3}},"16":{"start":{"line":30,"column":4},"end":{"line":44,"column":5}},"17":{"start":{"line":31,"column":31},"end":{"line":31,"column":41}},"18":{"start":{"line":32,"column":25},"end":{"line":32,"column":33}},"19":{"start":{"line":33,"column":6},"end":{"line":37,"column":9}},"20":{"start":{"line":40,"column":6},"end":{"line":40,"column":68}},"21":{"start":{"line":42,"column":6},"end":{"line":42,"column":25}},"22":{"start":{"line":43,"column":6},"end":{"line":43,"column":18}}},"fnMap":{"0":{"name":"(anonymous_0)","decl":{"start":{"line":4,"column":28},"end":{"line":4,"column":29}},"loc":{"start":{"line":4,"column":54},"end":{"line":12,"column":3}},"line":4},"1":{"name":"(anonymous_1)","decl":{"start":{"line":14,"column":37},"end":{"line":14,"column":38}},"loc":{"start":{"line":14,"column":63},"end":{"line":27,"column":3}},"line":14},"2":{"name":"(anonymous_2)","decl":{"start":{"line":29,"column":28},"end":{"line":29,"column":29}},"loc":{"start":{"line":29,"column":54},"end":{"line":45,"column":3}},"line":29}},"branchMap":{},"s":{"0":1,"1":1,"2":1,"3":1,"4":1,"5":1,"6":0,"7":0,"8":1,"9":1,"10":1,"11":1,"12":1,"13":0,"14":0,"15":1,"16":0,"17":0,"18":0,"19":0,"20":0,"21":0,"22":0},"f":{"0":1,"1":1,"2":0},"b":{},"_coverageSchema":"1a1c01bbd47fc00a2c39e90264f33305004495a9","hash":"6c207f59037489ecdcd722ab854e52e05efccde4"}
,"D:\\Hacktiv8_Martha\\Phase 3\\Week 4\\backend-bw\\controllers\\eventController.js": {"path":"D:\\Hacktiv8_Martha\\Phase 3\\Week 4\\backend-bw\\controllers\\eventController.js","statementMap":{"0":{"start":{"line":1,"column":17},"end":{"line":1,"column":46}},"1":{"start":{"line":9,"column":4},"end":{"line":9,"column":24}},"2":{"start":{"line":11,"column":0},"end":{"line":189,"column":2}},"3":{"start":{"line":12,"column":24},"end":{"line":30,"column":3}},"4":{"start":{"line":13,"column":4},"end":{"line":29,"column":5}},"5":{"start":{"line":14,"column":25},"end":{"line":24,"column":8}},"6":{"start":{"line":25,"column":6},"end":{"line":25,"column":39}},"7":{"start":{"line":27,"column":6},"end":{"line":27,"column":25}},"8":{"start":{"line":28,"column":6},"end":{"line":28,"column":18}},"9":{"start":{"line":32,"column":24},"end":{"line":51,"column":3}},"10":{"start":{"line":33,"column":4},"end":{"line":50,"column":5}},"11":{"start":{"line":34,"column":21},"end":{"line":34,"column":31}},"12":{"start":{"line":35,"column":24},"end":{"line":45,"column":8}},"13":{"start":{"line":46,"column":6},"end":{"line":46,"column":38}},"14":{"start":{"line":48,"column":6},"end":{"line":48,"column":25}},"15":{"start":{"line":49,"column":6},"end":{"line":49,"column":18}},"16":{"start":{"line":53,"column":21},"end":{"line":122,"column":3}},"17":{"start":{"line":54,"column":14},"end":{"line":54,"column":43}},"18":{"start":{"line":55,"column":4},"end":{"line":121,"column":5}},"19":{"start":{"line":68,"column":10},"end":{"line":68,"column":18}},"20":{"start":{"line":69,"column":6},"end":{"line":69,"column":53}},"21":{"start":{"line":69,"column":17},"end":{"line":69,"column":53}},"22":{"start":{"line":70,"column":6},"end":{"line":70,"column":63}},"23":{"start":{"line":70,"column":22},"end":{"line":70,"column":63}},"24":{"start":{"line":71,"column":6},"end":{"line":71,"column":61}},"25":{"start":{"line":71,"column":20},"end":{"line":71,"column":61}},"26":{"start":{"line":72,"column":6},"end":{"line":72,"column":64}},"27":{"start":{"line":72,"column":19},"end":{"line":72,"column":64}},"28":{"start":{"line":73,"column":6},"end":{"line":73,"column":67}},"29":{"start":{"line":73,"column":24},"end":{"line":73,"column":67}},"30":{"start":{"line":74,"column":6},"end":{"line":74,"column":57}},"31":{"start":{"line":74,"column":19},"end":{"line":74,"column":57}},"32":{"start":{"line":75,"column":6},"end":{"line":75,"column":59}},"33":{"start":{"line":75,"column":20},"end":{"line":75,"column":59}},"34":{"start":{"line":76,"column":6},"end":{"line":76,"column":57}},"35":{"start":{"line":76,"column":16},"end":{"line":76,"column":57}},"36":{"start":{"line":77,"column":6},"end":{"line":77,"column":59}},"37":{"start":{"line":77,"column":17},"end":{"line":77,"column":59}},"38":{"start":{"line":78,"column":6},"end":{"line":78,"column":65}},"39":{"start":{"line":78,"column":23},"end":{"line":78,"column":65}},"40":{"start":{"line":79,"column":6},"end":{"line":79,"column":61}},"41":{"start":{"line":79,"column":21},"end":{"line":79,"column":61}},"42":{"start":{"line":80,"column":6},"end":{"line":80,"column":67}},"43":{"start":{"line":80,"column":24},"end":{"line":80,"column":67}},"44":{"start":{"line":81,"column":25},"end":{"line":81,"column":72}},"45":{"start":{"line":83,"column":22},"end":{"line":86,"column":8}},"46":{"start":{"line":88,"column":24},"end":{"line":104,"column":7}},"47":{"start":{"line":105,"column":33},"end":{"line":105,"column":62}},"48":{"start":{"line":106,"column":6},"end":{"line":106,"column":81}},"49":{"start":{"line":106,"column":43},"end":{"line":106,"column":81}},"50":{"start":{"line":107,"column":26},"end":{"line":110,"column":8}},"51":{"start":{"line":108,"column":8},"end":{"line":108,"column":33}},"52":{"start":{"line":109,"column":8},"end":{"line":109,"column":17}},"53":{"start":{"line":111,"column":6},"end":{"line":111,"column":67}},"54":{"start":{"line":113,"column":6},"end":{"line":113,"column":23}},"55":{"start":{"line":114,"column":6},"end":{"line":116,"column":9}},"56":{"start":{"line":118,"column":6},"end":{"line":118,"column":25}},"57":{"start":{"line":119,"column":6},"end":{"line":119,"column":25}},"58":{"start":{"line":120,"column":6},"end":{"line":120,"column":18}},"59":{"start":{"line":124,"column":21},"end":{"line":175,"column":3}},"60":{"start":{"line":125,"column":4},"end":{"line":174,"column":5}},"61":{"start":{"line":126,"column":21},"end":{"line":126,"column":31}},"62":{"start":{"line":139,"column":10},"end":{"line":139,"column":18}},"63":{"start":{"line":140,"column":6},"end":{"line":140,"column":53}},"64":{"start":{"line":140,"column":17},"end":{"line":140,"column":53}},"65":{"start":{"line":141,"column":6},"end":{"line":141,"column":63}},"66":{"start":{"line":141,"column":22},"end":{"line":141,"column":63}},"67":{"start":{"line":142,"column":6},"end":{"line":142,"column":61}},"68":{"start":{"line":142,"column":20},"end":{"line":142,"column":61}},"69":{"start":{"line":143,"column":6},"end":{"line":143,"column":64}},"70":{"start":{"line":143,"column":19},"end":{"line":143,"column":64}},"71":{"start":{"line":144,"column":6},"end":{"line":144,"column":67}},"72":{"start":{"line":144,"column":24},"end":{"line":144,"column":67}},"73":{"start":{"line":145,"column":6},"end":{"line":145,"column":57}},"74":{"start":{"line":145,"column":19},"end":{"line":145,"column":57}},"75":{"start":{"line":146,"column":6},"end":{"line":146,"column":59}},"76":{"start":{"line":146,"column":20},"end":{"line":146,"column":59}},"77":{"start":{"line":147,"column":6},"end":{"line":147,"column":57}},"78":{"start":{"line":147,"column":16},"end":{"line":147,"column":57}},"79":{"start":{"line":148,"column":6},"end":{"line":148,"column":59}},"80":{"start":{"line":148,"column":17},"end":{"line":148,"column":59}},"81":{"start":{"line":149,"column":6},"end":{"line":149,"column":65}},"82":{"start":{"line":149,"column":23},"end":{"line":149,"column":65}},"83":{"start":{"line":150,"column":6},"end":{"line":150,"column":57}},"84":{"start":{"line":150,"column":17},"end":{"line":150,"column":57}},"85":{"start":{"line":151,"column":6},"end":{"line":167,"column":8}},"86":{"start":{"line":168,"column":6},"end":{"line":170,"column":9}},"87":{"start":{"line":172,"column":6},"end":{"line":172,"column":25}},"88":{"start":{"line":173,"column":6},"end":{"line":173,"column":18}},"89":{"start":{"line":177,"column":23},"end":{"line":188,"column":3}},"90":{"start":{"line":178,"column":4},"end":{"line":187,"column":5}},"91":{"start":{"line":179,"column":21},"end":{"line":179,"column":31}},"92":{"start":{"line":180,"column":6},"end":{"line":182,"column":9}},"93":{"start":{"line":183,"column":6},"end":{"line":183,"column":70}},"94":{"start":{"line":185,"column":6},"end":{"line":185,"column":25}},"95":{"start":{"line":186,"column":6},"end":{"line":186,"column":18}}},"fnMap":{"0":{"name":"(anonymous_0)","decl":{"start":{"line":12,"column":24},"end":{"line":12,"column":25}},"loc":{"start":{"line":12,"column":50},"end":{"line":30,"column":3}},"line":12},"1":{"name":"(anonymous_1)","decl":{"start":{"line":32,"column":24},"end":{"line":32,"column":25}},"loc":{"start":{"line":32,"column":50},"end":{"line":51,"column":3}},"line":32},"2":{"name":"(anonymous_2)","decl":{"start":{"line":53,"column":21},"end":{"line":53,"column":22}},"loc":{"start":{"line":53,"column":47},"end":{"line":122,"column":3}},"line":53},"3":{"name":"(anonymous_3)","decl":{"start":{"line":107,"column":55},"end":{"line":107,"column":56}},"loc":{"start":{"line":107,"column":62},"end":{"line":110,"column":7}},"line":107},"4":{"name":"(anonymous_4)","decl":{"start":{"line":124,"column":21},"end":{"line":124,"column":22}},"loc":{"start":{"line":124,"column":47},"end":{"line":175,"column":3}},"line":124},"5":{"name":"(anonymous_5)","decl":{"start":{"line":177,"column":23},"end":{"line":177,"column":24}},"loc":{"start":{"line":177,"column":49},"end":{"line":188,"column":3}},"line":177}},"branchMap":{"0":{"loc":{"start":{"line":69,"column":6},"end":{"line":69,"column":53}},"type":"if","locations":[{"start":{"line":69,"column":6},"end":{"line":69,"column":53}},{"start":{},"end":{}}],"line":69},"1":{"loc":{"start":{"line":70,"column":6},"end":{"line":70,"column":63}},"type":"if","locations":[{"start":{"line":70,"column":6},"end":{"line":70,"column":63}},{"start":{},"end":{}}],"line":70},"2":{"loc":{"start":{"line":71,"column":6},"end":{"line":71,"column":61}},"type":"if","locations":[{"start":{"line":71,"column":6},"end":{"line":71,"column":61}},{"start":{},"end":{}}],"line":71},"3":{"loc":{"start":{"line":72,"column":6},"end":{"line":72,"column":64}},"type":"if","locations":[{"start":{"line":72,"column":6},"end":{"line":72,"column":64}},{"start":{},"end":{}}],"line":72},"4":{"loc":{"start":{"line":73,"column":6},"end":{"line":73,"column":67}},"type":"if","locations":[{"start":{"line":73,"column":6},"end":{"line":73,"column":67}},{"start":{},"end":{}}],"line":73},"5":{"loc":{"start":{"line":74,"column":6},"end":{"line":74,"column":57}},"type":"if","locations":[{"start":{"line":74,"column":6},"end":{"line":74,"column":57}},{"start":{},"end":{}}],"line":74},"6":{"loc":{"start":{"line":75,"column":6},"end":{"line":75,"column":59}},"type":"if","locations":[{"start":{"line":75,"column":6},"end":{"line":75,"column":59}},{"start":{},"end":{}}],"line":75},"7":{"loc":{"start":{"line":76,"column":6},"end":{"line":76,"column":57}},"type":"if","locations":[{"start":{"line":76,"column":6},"end":{"line":76,"column":57}},{"start":{},"end":{}}],"line":76},"8":{"loc":{"start":{"line":77,"column":6},"end":{"line":77,"column":59}},"type":"if","locations":[{"start":{"line":77,"column":6},"end":{"line":77,"column":59}},{"start":{},"end":{}}],"line":77},"9":{"loc":{"start":{"line":78,"column":6},"end":{"line":78,"column":65}},"type":"if","locations":[{"start":{"line":78,"column":6},"end":{"line":78,"column":65}},{"start":{},"end":{}}],"line":78},"10":{"loc":{"start":{"line":79,"column":6},"end":{"line":79,"column":61}},"type":"if","locations":[{"start":{"line":79,"column":6},"end":{"line":79,"column":61}},{"start":{},"end":{}}],"line":79},"11":{"loc":{"start":{"line":80,"column":6},"end":{"line":80,"column":67}},"type":"if","locations":[{"start":{"line":80,"column":6},"end":{"line":80,"column":67}},{"start":{},"end":{}}],"line":80},"12":{"loc":{"start":{"line":106,"column":6},"end":{"line":106,"column":81}},"type":"if","locations":[{"start":{"line":106,"column":6},"end":{"line":106,"column":81}},{"start":{},"end":{}}],"line":106},"13":{"loc":{"start":{"line":140,"column":6},"end":{"line":140,"column":53}},"type":"if","locations":[{"start":{"line":140,"column":6},"end":{"line":140,"column":53}},{"start":{},"end":{}}],"line":140},"14":{"loc":{"start":{"line":141,"column":6},"end":{"line":141,"column":63}},"type":"if","locations":[{"start":{"line":141,"column":6},"end":{"line":141,"column":63}},{"start":{},"end":{}}],"line":141},"15":{"loc":{"start":{"line":142,"column":6},"end":{"line":142,"column":61}},"type":"if","locations":[{"start":{"line":142,"column":6},"end":{"line":142,"column":61}},{"start":{},"end":{}}],"line":142},"16":{"loc":{"start":{"line":143,"column":6},"end":{"line":143,"column":64}},"type":"if","locations":[{"start":{"line":143,"column":6},"end":{"line":143,"column":64}},{"start":{},"end":{}}],"line":143},"17":{"loc":{"start":{"line":144,"column":6},"end":{"line":144,"column":67}},"type":"if","locations":[{"start":{"line":144,"column":6},"end":{"line":144,"column":67}},{"start":{},"end":{}}],"line":144},"18":{"loc":{"start":{"line":145,"column":6},"end":{"line":145,"column":57}},"type":"if","locations":[{"start":{"line":145,"column":6},"end":{"line":145,"column":57}},{"start":{},"end":{}}],"line":145},"19":{"loc":{"start":{"line":146,"column":6},"end":{"line":146,"column":59}},"type":"if","locations":[{"start":{"line":146,"column":6},"end":{"line":146,"column":59}},{"start":{},"end":{}}],"line":146},"20":{"loc":{"start":{"line":147,"column":6},"end":{"line":147,"column":57}},"type":"if","locations":[{"start":{"line":147,"column":6},"end":{"line":147,"column":57}},{"start":{},"end":{}}],"line":147},"21":{"loc":{"start":{"line":148,"column":6},"end":{"line":148,"column":59}},"type":"if","locations":[{"start":{"line":148,"column":6},"end":{"line":148,"column":59}},{"start":{},"end":{}}],"line":148},"22":{"loc":{"start":{"line":149,"column":6},"end":{"line":149,"column":65}},"type":"if","locations":[{"start":{"line":149,"column":6},"end":{"line":149,"column":65}},{"start":{},"end":{}}],"line":149},"23":{"loc":{"start":{"line":150,"column":6},"end":{"line":150,"column":57}},"type":"if","locations":[{"start":{"line":150,"column":6},"end":{"line":150,"column":57}},{"start":{},"end":{}}],"line":150}},"s":{"0":1,"1":1,"2":1,"3":1,"4":1,"5":1,"6":1,"7":0,"8":0,"9":1,"10":1,"11":1,"12":1,"13":1,"14":0,"15":0,"16":1,"17":1,"18":1,"19":1,"20":1,"21":0,"22":1,"23":0,"24":1,"25":0,"26":1,"27":0,"28":1,"29":0,"30":1,"31":0,"32":1,"33":0,"34":1,"35":0,"36":1,"37":0,"38":1,"39":0,"40":1,"41":1,"42":0,"43":0,"44":0,"45":0,"46":0,"47":0,"48":0,"49":0,"50":0,"51":0,"52":0,"53":0,"54":0,"55":0,"56":1,"57":1,"58":1,"59":1,"60":0,"61":0,"62":0,"63":0,"64":0,"65":0,"66":0,"67":0,"68":0,"69":0,"70":0,"71":0,"72":0,"73":0,"74":0,"75":0,"76":0,"77":0,"78":0,"79":0,"80":0,"81":0,"82":0,"83":0,"84":0,"85":0,"86":0,"87":0,"88":0,"89":1,"90":0,"91":0,"92":0,"93":0,"94":0,"95":0},"f":{"0":1,"1":1,"2":1,"3":0,"4":0,"5":0},"b":{"0":[0,1],"1":[0,1],"2":[0,1],"3":[0,1],"4":[0,1],"5":[0,1],"6":[0,1],"7":[0,1],"8":[0,1],"9":[0,1],"10":[1,0],"11":[0,0],"12":[0,0],"13":[0,0],"14":[0,0],"15":[0,0],"16":[0,0],"17":[0,0],"18":[0,0],"19":[0,0],"20":[0,0],"21":[0,0],"22":[0,0],"23":[0,0]},"_coverageSchema":"1a1c01bbd47fc00a2c39e90264f33305004495a9","hash":"f94a2718be9c44f448b260f704664a5db25d50db"}
,"D:\\Hacktiv8_Martha\\Phase 3\\Week 4\\backend-bw\\controllers\\leaderboardController.js": {"path":"D:\\Hacktiv8_Martha\\Phase 3\\Week 4\\backend-bw\\controllers\\leaderboardController.js","statementMap":{"0":{"start":{"line":1,"column":37},"end":{"line":1,"column":57}},"1":{"start":{"line":3,"column":0},"end":{"line":78,"column":2}},"2":{"start":{"line":4,"column":30},"end":{"line":22,"column":3}},"3":{"start":{"line":5,"column":4},"end":{"line":21,"column":5}},"4":{"start":{"line":6,"column":31},"end":{"line":16,"column":8}},"5":{"start":{"line":17,"column":6},"end":{"line":17,"column":45}},"6":{"start":{"line":19,"column":6},"end":{"line":19,"column":25}},"7":{"start":{"line":20,"column":6},"end":{"line":20,"column":18}},"8":{"start":{"line":24,"column":33},"end":{"line":44,"column":3}},"9":{"start":{"line":25,"column":4},"end":{"line":43,"column":5}},"10":{"start":{"line":26,"column":21},"end":{"line":26,"column":31}},"11":{"start":{"line":27,"column":30},"end":{"line":38,"column":10}},"12":{"start":{"line":39,"column":6},"end":{"line":39,"column":44}},"13":{"start":{"line":41,"column":6},"end":{"line":41,"column":25}},"14":{"start":{"line":42,"column":6},"end":{"line":42,"column":18}},"15":{"start":{"line":46,"column":27},"end":{"line":62,"column":3}},"16":{"start":{"line":47,"column":4},"end":{"line":61,"column":5}},"17":{"start":{"line":48,"column":26},"end":{"line":48,"column":36}},"18":{"start":{"line":49,"column":35},"end":{"line":49,"column":43}},"19":{"start":{"line":52,"column":30},"end":{"line":56,"column":8}},"20":{"start":{"line":57,"column":6},"end":{"line":57,"column":111}},"21":{"start":{"line":59,"column":6},"end":{"line":59,"column":25}},"22":{"start":{"line":60,"column":6},"end":{"line":60,"column":18}},"23":{"start":{"line":64,"column":29},"end":{"line":75,"column":3}},"24":{"start":{"line":65,"column":4},"end":{"line":74,"column":5}},"25":{"start":{"line":66,"column":21},"end":{"line":66,"column":31}},"26":{"start":{"line":67,"column":6},"end":{"line":69,"column":9}},"27":{"start":{"line":70,"column":6},"end":{"line":70,"column":76}},"28":{"start":{"line":72,"column":6},"end":{"line":72,"column":25}},"29":{"start":{"line":73,"column":6},"end":{"line":73,"column":18}}},"fnMap":{"0":{"name":"(anonymous_0)","decl":{"start":{"line":4,"column":30},"end":{"line":4,"column":31}},"loc":{"start":{"line":4,"column":56},"end":{"line":22,"column":3}},"line":4},"1":{"name":"(anonymous_1)","decl":{"start":{"line":24,"column":33},"end":{"line":24,"column":34}},"loc":{"start":{"line":24,"column":59},"end":{"line":44,"column":3}},"line":24},"2":{"name":"(anonymous_2)","decl":{"start":{"line":46,"column":27},"end":{"line":46,"column":28}},"loc":{"start":{"line":46,"column":53},"end":{"line":62,"column":3}},"line":46},"3":{"name":"(anonymous_3)","decl":{"start":{"line":64,"column":29},"end":{"line":64,"column":30}},"loc":{"start":{"line":64,"column":55},"end":{"line":75,"column":3}},"line":64}},"branchMap":{},"s":{"0":1,"1":1,"2":1,"3":1,"4":1,"5":1,"6":0,"7":0,"8":1,"9":0,"10":0,"11":0,"12":0,"13":0,"14":0,"15":1,"16":0,"17":0,"18":0,"19":0,"20":0,"21":0,"22":0,"23":1,"24":0,"25":0,"26":0,"27":0,"28":0,"29":0},"f":{"0":1,"1":0,"2":0,"3":0},"b":{},"_coverageSchema":"1a1c01bbd47fc00a2c39e90264f33305004495a9","hash":"b110d405bd381c5f92f6f9a1ce8756bba38bb28a"}
,"D:\\Hacktiv8_Martha\\Phase 3\\Week 4\\backend-bw\\controllers\\user_event.js": {"path":"D:\\Hacktiv8_Martha\\Phase 3\\Week 4\\backend-bw\\controllers\\user_event.js","statementMap":{"0":{"start":{"line":1,"column":77},"end":{"line":1,"column":97}},"1":{"start":{"line":3,"column":0},"end":{"line":130,"column":2}},"2":{"start":{"line":4,"column":24},"end":{"line":31,"column":3}},"3":{"start":{"line":5,"column":4},"end":{"line":30,"column":5}},"4":{"start":{"line":6,"column":25},"end":{"line":25,"column":8}},"5":{"start":{"line":26,"column":6},"end":{"line":26,"column":39}},"6":{"start":{"line":28,"column":6},"end":{"line":28,"column":25}},"7":{"start":{"line":29,"column":6},"end":{"line":29,"column":18}},"8":{"start":{"line":33,"column":28},"end":{"line":61,"column":3}},"9":{"start":{"line":34,"column":4},"end":{"line":60,"column":5}},"10":{"start":{"line":35,"column":21},"end":{"line":35,"column":31}},"11":{"start":{"line":36,"column":24},"end":{"line":55,"column":8}},"12":{"start":{"line":56,"column":6},"end":{"line":56,"column":38}},"13":{"start":{"line":58,"column":6},"end":{"line":58,"column":25}},"14":{"start":{"line":59,"column":6},"end":{"line":59,"column":18}},"15":{"start":{"line":64,"column":20},"end":{"line":78,"column":3}},"16":{"start":{"line":65,"column":4},"end":{"line":77,"column":5}},"17":{"start":{"line":66,"column":27},"end":{"line":66,"column":37}},"18":{"start":{"line":67,"column":6},"end":{"line":70,"column":9}},"19":{"start":{"line":71,"column":6},"end":{"line":73,"column":9}},"20":{"start":{"line":75,"column":6},"end":{"line":75,"column":25}},"21":{"start":{"line":76,"column":6},"end":{"line":76,"column":18}},"22":{"start":{"line":80,"column":23},"end":{"line":91,"column":3}},"23":{"start":{"line":81,"column":4},"end":{"line":90,"column":5}},"24":{"start":{"line":82,"column":21},"end":{"line":82,"column":31}},"25":{"start":{"line":83,"column":6},"end":{"line":85,"column":9}},"26":{"start":{"line":86,"column":6},"end":{"line":86,"column":70}},"27":{"start":{"line":88,"column":6},"end":{"line":88,"column":25}},"28":{"start":{"line":89,"column":6},"end":{"line":89,"column":18}},"29":{"start":{"line":95,"column":29},"end":{"line":129,"column":3}},"30":{"start":{"line":96,"column":4},"end":{"line":128,"column":5}},"31":{"start":{"line":97,"column":25},"end":{"line":116,"column":44}},"32":{"start":{"line":117,"column":29},"end":{"line":119,"column":8}},"33":{"start":{"line":120,"column":29},"end":{"line":122,"column":8}},"34":{"start":{"line":123,"column":6},"end":{"line":123,"column":75}},"35":{"start":{"line":125,"column":6},"end":{"line":125,"column":25}},"36":{"start":{"line":126,"column":6},"end":{"line":126,"column":18}}},"fnMap":{"0":{"name":"(anonymous_0)","decl":{"start":{"line":4,"column":24},"end":{"line":4,"column":25}},"loc":{"start":{"line":4,"column":50},"end":{"line":31,"column":3}},"line":4},"1":{"name":"(anonymous_1)","decl":{"start":{"line":33,"column":28},"end":{"line":33,"column":29}},"loc":{"start":{"line":33,"column":54},"end":{"line":61,"column":3}},"line":33},"2":{"name":"(anonymous_2)","decl":{"start":{"line":64,"column":20},"end":{"line":64,"column":21}},"loc":{"start":{"line":64,"column":46},"end":{"line":78,"column":3}},"line":64},"3":{"name":"(anonymous_3)","decl":{"start":{"line":80,"column":23},"end":{"line":80,"column":24}},"loc":{"start":{"line":80,"column":49},"end":{"line":91,"column":3}},"line":80},"4":{"name":"(anonymous_4)","decl":{"start":{"line":95,"column":29},"end":{"line":95,"column":30}},"loc":{"start":{"line":95,"column":55},"end":{"line":129,"column":3}},"line":95}},"branchMap":{},"s":{"0":1,"1":1,"2":1,"3":1,"4":1,"5":1,"6":0,"7":0,"8":1,"9":1,"10":1,"11":1,"12":1,"13":0,"14":0,"15":1,"16":0,"17":0,"18":0,"19":0,"20":0,"21":0,"22":1,"23":1,"24":1,"25":1,"26":1,"27":0,"28":0,"29":1,"30":0,"31":0,"32":0,"33":0,"34":0,"35":0,"36":0},"f":{"0":1,"1":1,"2":0,"3":1,"4":0},"b":{},"_coverageSchema":"1a1c01bbd47fc00a2c39e90264f33305004495a9","hash":"312fb60ea8d209abc6520e23d790cc1270b76283"}
,"D:\\Hacktiv8_Martha\\Phase 3\\Week 4\\backend-bw\\controllers\\usersController.js": {"path":"D:\\Hacktiv8_Martha\\Phase 3\\Week 4\\backend-bw\\controllers\\usersController.js","statementMap":{"0":{"start":{"line":1,"column":37},"end":{"line":1,"column":65}},"1":{"start":{"line":2,"column":29},"end":{"line":2,"column":49}},"2":{"start":{"line":4,"column":0},"end":{"line":108,"column":2}},"3":{"start":{"line":5,"column":23},"end":{"line":13,"column":3}},"4":{"start":{"line":6,"column":4},"end":{"line":12,"column":5}},"5":{"start":{"line":7,"column":24},"end":{"line":7,"column":44}},"6":{"start":{"line":8,"column":6},"end":{"line":8,"column":38}},"7":{"start":{"line":10,"column":6},"end":{"line":10,"column":25}},"8":{"start":{"line":11,"column":6},"end":{"line":11,"column":18}},"9":{"start":{"line":15,"column":23},"end":{"line":24,"column":3}},"10":{"start":{"line":16,"column":4},"end":{"line":23,"column":5}},"11":{"start":{"line":17,"column":21},"end":{"line":17,"column":31}},"12":{"start":{"line":18,"column":23},"end":{"line":18,"column":46}},"13":{"start":{"line":19,"column":6},"end":{"line":19,"column":37}},"14":{"start":{"line":21,"column":6},"end":{"line":21,"column":25}},"15":{"start":{"line":22,"column":6},"end":{"line":22,"column":18}},"16":{"start":{"line":26,"column":24},"end":{"line":45,"column":3}},"17":{"start":{"line":27,"column":4},"end":{"line":44,"column":5}},"18":{"start":{"line":30,"column":10},"end":{"line":30,"column":18}},"19":{"start":{"line":31,"column":6},"end":{"line":31,"column":53}},"20":{"start":{"line":31,"column":17},"end":{"line":31,"column":53}},"21":{"start":{"line":32,"column":6},"end":{"line":32,"column":57}},"22":{"start":{"line":32,"column":19},"end":{"line":32,"column":57}},"23":{"start":{"line":33,"column":6},"end":{"line":33,"column":55}},"24":{"start":{"line":33,"column":18},"end":{"line":33,"column":55}},"25":{"start":{"line":34,"column":6},"end":{"line":34,"column":61}},"26":{"start":{"line":34,"column":21},"end":{"line":34,"column":61}},"27":{"start":{"line":35,"column":24},"end":{"line":37,"column":8}},"28":{"start":{"line":38,"column":6},"end":{"line":40,"column":9}},"29":{"start":{"line":42,"column":6},"end":{"line":42,"column":25}},"30":{"start":{"line":43,"column":6},"end":{"line":43,"column":18}},"31":{"start":{"line":47,"column":21},"end":{"line":68,"column":3}},"32":{"start":{"line":48,"column":4},"end":{"line":67,"column":5}},"33":{"start":{"line":49,"column":35},"end":{"line":49,"column":43}},"34":{"start":{"line":50,"column":6},"end":{"line":50,"column":55}},"35":{"start":{"line":50,"column":18},"end":{"line":50,"column":55}},"36":{"start":{"line":51,"column":6},"end":{"line":51,"column":61}},"37":{"start":{"line":51,"column":21},"end":{"line":51,"column":61}},"38":{"start":{"line":52,"column":24},"end":{"line":54,"column":8}},"39":{"start":{"line":55,"column":6},"end":{"line":55,"column":63}},"40":{"start":{"line":55,"column":22},"end":{"line":55,"column":63}},"41":{"start":{"line":56,"column":28},"end":{"line":56,"column":71}},"42":{"start":{"line":57,"column":6},"end":{"line":57,"column":67}},"43":{"start":{"line":57,"column":26},"end":{"line":57,"column":67}},"44":{"start":{"line":58,"column":27},"end":{"line":61,"column":8}},"45":{"start":{"line":62,"column":6},"end":{"line":62,"column":67}},"46":{"start":{"line":65,"column":6},"end":{"line":65,"column":25}},"47":{"start":{"line":66,"column":6},"end":{"line":66,"column":18}},"48":{"start":{"line":70,"column":22},"end":{"line":81,"column":3}},"49":{"start":{"line":71,"column":4},"end":{"line":80,"column":5}},"50":{"start":{"line":72,"column":21},"end":{"line":72,"column":31}},"51":{"start":{"line":73,"column":6},"end":{"line":75,"column":9}},"52":{"start":{"line":76,"column":6},"end":{"line":76,"column":70}},"53":{"start":{"line":78,"column":6},"end":{"line":78,"column":25}},"54":{"start":{"line":79,"column":6},"end":{"line":79,"column":18}},"55":{"start":{"line":83,"column":22},"end":{"line":107,"column":3}},"56":{"start":{"line":84,"column":4},"end":{"line":106,"column":5}},"57":{"start":{"line":85,"column":21},"end":{"line":85,"column":31}},"58":{"start":{"line":88,"column":10},"end":{"line":88,"column":18}},"59":{"start":{"line":89,"column":6},"end":{"line":89,"column":53}},"60":{"start":{"line":89,"column":17},"end":{"line":89,"column":53}},"61":{"start":{"line":90,"column":6},"end":{"line":90,"column":57}},"62":{"start":{"line":90,"column":19},"end":{"line":90,"column":57}},"63":{"start":{"line":91,"column":6},"end":{"line":91,"column":63}},"64":{"start":{"line":91,"column":22},"end":{"line":91,"column":63}},"65":{"start":{"line":92,"column":6},"end":{"line":92,"column":55}},"66":{"start":{"line":92,"column":18},"end":{"line":92,"column":55}},"67":{"start":{"line":93,"column":6},"end":{"line":93,"column":68}},"68":{"start":{"line":93,"column":24},"end":{"line":93,"column":68}},"69":{"start":{"line":94,"column":6},"end":{"line":94,"column":59}},"70":{"start":{"line":94,"column":20},"end":{"line":94,"column":59}},"71":{"start":{"line":95,"column":6},"end":{"line":95,"column":56}},"72":{"start":{"line":95,"column":18},"end":{"line":95,"column":56}},"73":{"start":{"line":96,"column":6},"end":{"line":98,"column":28}},"74":{"start":{"line":100,"column":6},"end":{"line":102,"column":9}},"75":{"start":{"line":104,"column":6},"end":{"line":104,"column":25}},"76":{"start":{"line":105,"column":6},"end":{"line":105,"column":18}}},"fnMap":{"0":{"name":"(anonymous_0)","decl":{"start":{"line":5,"column":23},"end":{"line":5,"column":24}},"loc":{"start":{"line":5,"column":49},"end":{"line":13,"column":3}},"line":5},"1":{"name":"(anonymous_1)","decl":{"start":{"line":15,"column":23},"end":{"line":15,"column":24}},"loc":{"start":{"line":15,"column":49},"end":{"line":24,"column":3}},"line":15},"2":{"name":"(anonymous_2)","decl":{"start":{"line":26,"column":24},"end":{"line":26,"column":25}},"loc":{"start":{"line":26,"column":50},"end":{"line":45,"column":3}},"line":26},"3":{"name":"(anonymous_3)","decl":{"start":{"line":47,"column":21},"end":{"line":47,"column":22}},"loc":{"start":{"line":47,"column":47},"end":{"line":68,"column":3}},"line":47},"4":{"name":"(anonymous_4)","decl":{"start":{"line":70,"column":22},"end":{"line":70,"column":23}},"loc":{"start":{"line":70,"column":48},"end":{"line":81,"column":3}},"line":70},"5":{"name":"(anonymous_5)","decl":{"start":{"line":83,"column":22},"end":{"line":83,"column":23}},"loc":{"start":{"line":83,"column":48},"end":{"line":107,"column":3}},"line":83}},"branchMap":{"0":{"loc":{"start":{"line":31,"column":6},"end":{"line":31,"column":53}},"type":"if","locations":[{"start":{"line":31,"column":6},"end":{"line":31,"column":53}},{"start":{},"end":{}}],"line":31},"1":{"loc":{"start":{"line":32,"column":6},"end":{"line":32,"column":57}},"type":"if","locations":[{"start":{"line":32,"column":6},"end":{"line":32,"column":57}},{"start":{},"end":{}}],"line":32},"2":{"loc":{"start":{"line":33,"column":6},"end":{"line":33,"column":55}},"type":"if","locations":[{"start":{"line":33,"column":6},"end":{"line":33,"column":55}},{"start":{},"end":{}}],"line":33},"3":{"loc":{"start":{"line":34,"column":6},"end":{"line":34,"column":61}},"type":"if","locations":[{"start":{"line":34,"column":6},"end":{"line":34,"column":61}},{"start":{},"end":{}}],"line":34},"4":{"loc":{"start":{"line":50,"column":6},"end":{"line":50,"column":55}},"type":"if","locations":[{"start":{"line":50,"column":6},"end":{"line":50,"column":55}},{"start":{},"end":{}}],"line":50},"5":{"loc":{"start":{"line":51,"column":6},"end":{"line":51,"column":61}},"type":"if","locations":[{"start":{"line":51,"column":6},"end":{"line":51,"column":61}},{"start":{},"end":{}}],"line":51},"6":{"loc":{"start":{"line":55,"column":6},"end":{"line":55,"column":63}},"type":"if","locations":[{"start":{"line":55,"column":6},"end":{"line":55,"column":63}},{"start":{},"end":{}}],"line":55},"7":{"loc":{"start":{"line":57,"column":6},"end":{"line":57,"column":67}},"type":"if","locations":[{"start":{"line":57,"column":6},"end":{"line":57,"column":67}},{"start":{},"end":{}}],"line":57},"8":{"loc":{"start":{"line":89,"column":6},"end":{"line":89,"column":53}},"type":"if","locations":[{"start":{"line":89,"column":6},"end":{"line":89,"column":53}},{"start":{},"end":{}}],"line":89},"9":{"loc":{"start":{"line":90,"column":6},"end":{"line":90,"column":57}},"type":"if","locations":[{"start":{"line":90,"column":6},"end":{"line":90,"column":57}},{"start":{},"end":{}}],"line":90},"10":{"loc":{"start":{"line":91,"column":6},"end":{"line":91,"column":63}},"type":"if","locations":[{"start":{"line":91,"column":6},"end":{"line":91,"column":63}},{"start":{},"end":{}}],"line":91},"11":{"loc":{"start":{"line":92,"column":6},"end":{"line":92,"column":55}},"type":"if","locations":[{"start":{"line":92,"column":6},"end":{"line":92,"column":55}},{"start":{},"end":{}}],"line":92},"12":{"loc":{"start":{"line":93,"column":6},"end":{"line":93,"column":68}},"type":"if","locations":[{"start":{"line":93,"column":6},"end":{"line":93,"column":68}},{"start":{},"end":{}}],"line":93},"13":{"loc":{"start":{"line":94,"column":6},"end":{"line":94,"column":59}},"type":"if","locations":[{"start":{"line":94,"column":6},"end":{"line":94,"column":59}},{"start":{},"end":{}}],"line":94},"14":{"loc":{"start":{"line":95,"column":6},"end":{"line":95,"column":56}},"type":"if","locations":[{"start":{"line":95,"column":6},"end":{"line":95,"column":56}},{"start":{},"end":{}}],"line":95}},"s":{"0":1,"1":1,"2":1,"3":1,"4":1,"5":1,"6":1,"7":0,"8":0,"9":1,"10":1,"11":1,"12":1,"13":1,"14":0,"15":0,"16":1,"17":8,"18":8,"19":8,"20":2,"21":6,"22":1,"23":5,"24":1,"25":4,"26":1,"27":3,"28":1,"29":7,"30":7,"31":1,"32":5,"33":5,"34":5,"35":1,"36":4,"37":1,"38":3,"39":3,"40":1,"41":2,"42":2,"43":1,"44":1,"45":1,"46":4,"47":4,"48":1,"49":1,"50":1,"51":1,"52":0,"53":1,"54":1,"55":1,"56":1,"57":1,"58":1,"59":1,"60":0,"61":1,"62":0,"63":1,"64":1,"65":0,"66":0,"67":0,"68":0,"69":0,"70":0,"71":0,"72":0,"73":0,"74":0,"75":1,"76":1},"f":{"0":1,"1":1,"2":8,"3":5,"4":1,"5":1},"b":{"0":[2,6],"1":[1,5],"2":[1,4],"3":[1,3],"4":[1,4],"5":[1,3],"6":[1,2],"7":[1,1],"8":[0,1],"9":[0,1],"10":[1,0],"11":[0,0],"12":[0,0],"13":[0,0],"14":[0,0]},"_coverageSchema":"1a1c01bbd47fc00a2c39e90264f33305004495a9","hash":"12d83d7ad269b926d0883fe62341dc0dcea2fba2"}
,"D:\\Hacktiv8_Martha\\Phase 3\\Week 4\\backend-bw\\handlers\\errorHandler.js": {"path":"D:\\Hacktiv8_Martha\\Phase 3\\Week 4\\backend-bw\\handlers\\errorHandler.js","statementMap":{"0":{"start":{"line":1,"column":0},"end":{"line":65,"column":2}},"1":{"start":{"line":2,"column":17},"end":{"line":2,"column":20}},"2":{"start":{"line":3,"column":18},"end":{"line":3,"column":41}},"3":{"start":{"line":6,"column":2},"end":{"line":19,"column":3}},"4":{"start":{"line":7,"column":4},"end":{"line":9,"column":5}},"5":{"start":{"line":8,"column":6},"end":{"line":8,"column":49}},"6":{"start":{"line":10,"column":4},"end":{"line":12,"column":5}},"7":{"start":{"line":11,"column":6},"end":{"line":11,"column":41}},"8":{"start":{"line":13,"column":4},"end":{"line":15,"column":5}},"9":{"start":{"line":14,"column":6},"end":{"line":14,"column":40}},"10":{"start":{"line":16,"column":4},"end":{"line":18,"column":5}},"11":{"start":{"line":17,"column":6},"end":{"line":17,"column":43}},"12":{"start":{"line":22,"column":2},"end":{"line":64,"column":3}},"13":{"start":{"line":48,"column":6},"end":{"line":48,"column":50}},"14":{"start":{"line":49,"column":6},"end":{"line":49,"column":12}},"15":{"start":{"line":54,"column":6},"end":{"line":54,"column":50}},"16":{"start":{"line":55,"column":6},"end":{"line":55,"column":12}},"17":{"start":{"line":57,"column":6},"end":{"line":57,"column":50}},"18":{"start":{"line":58,"column":6},"end":{"line":58,"column":12}},"19":{"start":{"line":62,"column":6},"end":{"line":62,"column":43}},"20":{"start":{"line":63,"column":6},"end":{"line":63,"column":12}}},"fnMap":{"0":{"name":"(anonymous_0)","decl":{"start":{"line":1,"column":17},"end":{"line":1,"column":18}},"loc":{"start":{"line":1,"column":42},"end":{"line":65,"column":1}},"line":1}},"branchMap":{"0":{"loc":{"start":{"line":6,"column":2},"end":{"line":19,"column":3}},"type":"if","locations":[{"start":{"line":6,"column":2},"end":{"line":19,"column":3}},{"start":{},"end":{}}],"line":6},"1":{"loc":{"start":{"line":7,"column":4},"end":{"line":9,"column":5}},"type":"if","locations":[{"start":{"line":7,"column":4},"end":{"line":9,"column":5}},{"start":{},"end":{}}],"line":7},"2":{"loc":{"start":{"line":10,"column":4},"end":{"line":12,"column":5}},"type":"if","locations":[{"start":{"line":10,"column":4},"end":{"line":12,"column":5}},{"start":{},"end":{}}],"line":10},"3":{"loc":{"start":{"line":13,"column":4},"end":{"line":15,"column":5}},"type":"if","locations":[{"start":{"line":13,"column":4},"end":{"line":15,"column":5}},{"start":{},"end":{}}],"line":13},"4":{"loc":{"start":{"line":16,"column":4},"end":{"line":18,"column":5}},"type":"if","locations":[{"start":{"line":16,"column":4},"end":{"line":18,"column":5}},{"start":{},"end":{}}],"line":16},"5":{"loc":{"start":{"line":22,"column":2},"end":{"line":64,"column":3}},"type":"switch","locations":[{"start":{"line":23,"column":4},"end":{"line":23,"column":29}},{"start":{"line":24,"column":4},"end":{"line":24,"column":31}},{"start":{"line":25,"column":4},"end":{"line":25,"column":34}},{"start":{"line":26,"column":4},"end":{"line":26,"column":30}},{"start":{"line":27,"column":4},"end":{"line":27,"column":33}},{"start":{"line":28,"column":4},"end":{"line":28,"column":37}},{"start":{"line":29,"column":4},"end":{"line":29,"column":32}},{"start":{"line":30,"column":4},"end":{"line":30,"column":31}},{"start":{"line":31,"column":4},"end":{"line":31,"column":41}},{"start":{"line":32,"column":4},"end":{"line":32,"column":33}},{"start":{"line":33,"column":4},"end":{"line":33,"column":32}},{"start":{"line":34,"column":4},"end":{"line":34,"column":35}},{"start":{"line":35,"column":4},"end":{"line":35,"column":33}},{"start":{"line":36,"column":4},"end":{"line":36,"column":34}},{"start":{"line":37,"column":4},"end":{"line":37,"column":34}},{"start":{"line":38,"column":4},"end":{"line":38,"column":38}},{"start":{"line":39,"column":4},"end":{"line":39,"column":36}},{"start":{"line":40,"column":4},"end":{"line":40,"column":31}},{"start":{"line":41,"column":4},"end":{"line":41,"column":32}},{"start":{"line":42,"column":4},"end":{"line":42,"column":34}},{"start":{"line":43,"column":4},"end":{"line":43,"column":35}},{"start":{"line":44,"column":4},"end":{"line":44,"column":35}},{"start":{"line":45,"column":4},"end":{"line":45,"column":33}},{"start":{"line":46,"column":4},"end":{"line":46,"column":36}},{"start":{"line":47,"column":4},"end":{"line":49,"column":12}},{"start":{"line":52,"column":4},"end":{"line":52,"column":34}},{"start":{"line":53,"column":4},"end":{"line":55,"column":12}},{"start":{"line":56,"column":4},"end":{"line":58,"column":12}},{"start":{"line":61,"column":4},"end":{"line":63,"column":12}}],"line":22}},"s":{"0":1,"1":31,"2":31,"3":31,"4":4,"5":2,"6":4,"7":2,"8":4,"9":0,"10":4,"11":0,"12":31,"13":20,"14":20,"15":4,"16":4,"17":5,"18":5,"19":2,"20":2},"f":{"0":31},"b":{"0":[4,27],"1":[2,2],"2":[2,2],"3":[0,4],"4":[0,4],"5":[4,5,6,9,13,13,13,13,15,17,17,17,19,19,19,19,19,19,19,19,19,19,20,20,20,2,4,5,2]},"_coverageSchema":"1a1c01bbd47fc00a2c39e90264f33305004495a9","hash":"6ac9e310ab8b8a85b17b3ecd8d9c25a1c381fe6c"}
,"D:\\Hacktiv8_Martha\\Phase 3\\Week 4\\backend-bw\\helpers\\helper.js": {"path":"D:\\Hacktiv8_Martha\\Phase 3\\Week 4\\backend-bw\\helpers\\helper.js","statementMap":{"0":{"start":{"line":1,"column":0},"end":{"line":1,"column":27}},"1":{"start":{"line":2,"column":15},"end":{"line":2,"column":34}},"2":{"start":{"line":3,"column":12},"end":{"line":3,"column":35}},"3":{"start":{"line":4,"column":15},"end":{"line":4,"column":37}},"4":{"start":{"line":6,"column":21},"end":{"line":6,"column":63}},"5":{"start":{"line":6,"column":35},"end":{"line":6,"column":63}},"6":{"start":{"line":7,"column":22},"end":{"line":7,"column":80}},"7":{"start":{"line":7,"column":44},"end":{"line":7,"column":80}},"8":{"start":{"line":8,"column":18},"end":{"line":8,"column":50}},"9":{"start":{"line":8,"column":28},"end":{"line":8,"column":50}},"10":{"start":{"line":9,"column":19},"end":{"line":9,"column":69}},"11":{"start":{"line":9,"column":37},"end":{"line":9,"column":69}},"12":{"start":{"line":11,"column":0},"end":{"line":11,"column":72}}},"fnMap":{"0":{"name":"(anonymous_0)","decl":{"start":{"line":6,"column":21},"end":{"line":6,"column":22}},"loc":{"start":{"line":6,"column":35},"end":{"line":6,"column":63}},"line":6},"1":{"name":"(anonymous_1)","decl":{"start":{"line":7,"column":22},"end":{"line":7,"column":23}},"loc":{"start":{"line":7,"column":44},"end":{"line":7,"column":80}},"line":7},"2":{"name":"(anonymous_2)","decl":{"start":{"line":8,"column":18},"end":{"line":8,"column":19}},"loc":{"start":{"line":8,"column":28},"end":{"line":8,"column":50}},"line":8},"3":{"name":"(anonymous_3)","decl":{"start":{"line":9,"column":19},"end":{"line":9,"column":20}},"loc":{"start":{"line":9,"column":37},"end":{"line":9,"column":69}},"line":9}},"branchMap":{},"s":{"0":1,"1":1,"2":1,"3":1,"4":1,"5":6,"6":1,"7":4,"8":1,"9":3,"10":1,"11":15,"12":1},"f":{"0":6,"1":4,"2":3,"3":15},"b":{},"_coverageSchema":"1a1c01bbd47fc00a2c39e90264f33305004495a9","hash":"2f2c0c276ba936c5e817d69c8699bfec90fd08e1"}
,"D:\\Hacktiv8_Martha\\Phase 3\\Week 4\\backend-bw\\middlewares\\adminAuth.js": {"path":"D:\\Hacktiv8_Martha\\Phase 3\\Week 4\\backend-bw\\middlewares\\adminAuth.js","statementMap":{"0":{"start":{"line":1,"column":23},"end":{"line":1,"column":51}},"1":{"start":{"line":2,"column":18},"end":{"line":2,"column":44}},"2":{"start":{"line":6,"column":0},"end":{"line":27,"column":2}},"3":{"start":{"line":7,"column":2},"end":{"line":26,"column":3}},"4":{"start":{"line":8,"column":29},"end":{"line":8,"column":40}},"5":{"start":{"line":9,"column":4},"end":{"line":9,"column":64}},"6":{"start":{"line":9,"column":23},"end":{"line":9,"column":64}},"7":{"start":{"line":10,"column":18},"end":{"line":10,"column":42}},"8":{"start":{"line":11,"column":4},"end":{"line":11,"column":57}},"9":{"start":{"line":11,"column":16},"end":{"line":11,"column":57}},"10":{"start":{"line":12,"column":17},"end":{"line":12,"column":47}},"11":{"start":{"line":13,"column":4},"end":{"line":13,"column":56}},"12":{"start":{"line":13,"column":15},"end":{"line":13,"column":56}},"13":{"start":{"line":14,"column":4},"end":{"line":18,"column":6}},"14":{"start":{"line":19,"column":4},"end":{"line":19,"column":11}},"15":{"start":{"line":22,"column":4},"end":{"line":24,"column":5}},"16":{"start":{"line":23,"column":6},"end":{"line":23,"column":44}},"17":{"start":{"line":25,"column":4},"end":{"line":25,"column":16}}},"fnMap":{"0":{"name":"(anonymous_0)","decl":{"start":{"line":6,"column":17},"end":{"line":6,"column":18}},"loc":{"start":{"line":6,"column":43},"end":{"line":27,"column":1}},"line":6}},"branchMap":{"0":{"loc":{"start":{"line":9,"column":4},"end":{"line":9,"column":64}},"type":"if","locations":[{"start":{"line":9,"column":4},"end":{"line":9,"column":64}},{"start":{},"end":{}}],"line":9},"1":{"loc":{"start":{"line":11,"column":4},"end":{"line":11,"column":57}},"type":"if","locations":[{"start":{"line":11,"column":4},"end":{"line":11,"column":57}},{"start":{},"end":{}}],"line":11},"2":{"loc":{"start":{"line":13,"column":4},"end":{"line":13,"column":56}},"type":"if","locations":[{"start":{"line":13,"column":4},"end":{"line":13,"column":56}},{"start":{},"end":{}}],"line":13},"3":{"loc":{"start":{"line":22,"column":4},"end":{"line":24,"column":5}},"type":"if","locations":[{"start":{"line":22,"column":4},"end":{"line":24,"column":5}},{"start":{},"end":{}}],"line":22}},"s":{"0":1,"1":1,"2":1,"3":15,"4":15,"5":15,"6":0,"7":15,"8":10,"9":0,"10":10,"11":10,"12":0,"13":10,"14":10,"15":5,"16":5,"17":5},"f":{"0":15},"b":{"0":[0,15],"1":[0,10],"2":[0,10],"3":[5,0]},"_coverageSchema":"1a1c01bbd47fc00a2c39e90264f33305004495a9","hash":"c43db328b6006176f006542f72f52832c1d9d788"}
,"D:\\Hacktiv8_Martha\\Phase 3\\Week 4\\backend-bw\\middlewares\\usersAuth.js": {"path":"D:\\Hacktiv8_Martha\\Phase 3\\Week 4\\backend-bw\\middlewares\\usersAuth.js","statementMap":{"0":{"start":{"line":1,"column":23},"end":{"line":1,"column":51}},"1":{"start":{"line":2,"column":17},"end":{"line":2,"column":43}},"2":{"start":{"line":6,"column":0},"end":{"line":27,"column":2}},"3":{"start":{"line":7,"column":2},"end":{"line":26,"column":3}},"4":{"start":{"line":8,"column":29},"end":{"line":8,"column":40}},"5":{"start":{"line":9,"column":4},"end":{"line":9,"column":64}},"6":{"start":{"line":9,"column":23},"end":{"line":9,"column":64}},"7":{"start":{"line":10,"column":18},"end":{"line":10,"column":42}},"8":{"start":{"line":11,"column":4},"end":{"line":11,"column":57}},"9":{"start":{"line":11,"column":16},"end":{"line":11,"column":57}},"10":{"start":{"line":12,"column":17},"end":{"line":12,"column":46}},"11":{"start":{"line":13,"column":4},"end":{"line":13,"column":56}},"12":{"start":{"line":13,"column":15},"end":{"line":13,"column":56}},"13":{"start":{"line":14,"column":4},"end":{"line":18,"column":6}},"14":{"start":{"line":19,"column":4},"end":{"line":19,"column":11}},"15":{"start":{"line":22,"column":4},"end":{"line":24,"column":5}},"16":{"start":{"line":23,"column":6},"end":{"line":23,"column":44}},"17":{"start":{"line":25,"column":4},"end":{"line":25,"column":16}}},"fnMap":{"0":{"name":"(anonymous_0)","decl":{"start":{"line":6,"column":17},"end":{"line":6,"column":18}},"loc":{"start":{"line":6,"column":43},"end":{"line":27,"column":1}},"line":6}},"branchMap":{"0":{"loc":{"start":{"line":9,"column":4},"end":{"line":9,"column":64}},"type":"if","locations":[{"start":{"line":9,"column":4},"end":{"line":9,"column":64}},{"start":{},"end":{}}],"line":9},"1":{"loc":{"start":{"line":11,"column":4},"end":{"line":11,"column":57}},"type":"if","locations":[{"start":{"line":11,"column":4},"end":{"line":11,"column":57}},{"start":{},"end":{}}],"line":11},"2":{"loc":{"start":{"line":13,"column":4},"end":{"line":13,"column":56}},"type":"if","locations":[{"start":{"line":13,"column":4},"end":{"line":13,"column":56}},{"start":{},"end":{}}],"line":13},"3":{"loc":{"start":{"line":22,"column":4},"end":{"line":24,"column":5}},"type":"if","locations":[{"start":{"line":22,"column":4},"end":{"line":24,"column":5}},{"start":{},"end":{}}],"line":22}},"s":{"0":1,"1":1,"2":1,"3":0,"4":0,"5":0,"6":0,"7":0,"8":0,"9":0,"10":0,"11":0,"12":0,"13":0,"14":0,"15":0,"16":0,"17":0},"f":{"0":0},"b":{"0":[0,0],"1":[0,0],"2":[0,0],"3":[0,0]},"_coverageSchema":"1a1c01bbd47fc00a2c39e90264f33305004495a9","hash":"28a16696fef887b88f936d4a9b6d21e3698176b3"}
,"D:\\Hacktiv8_Martha\\Phase 3\\Week 4\\backend-bw\\models\\admin.js": {"path":"D:\\Hacktiv8_Martha\\Phase 3\\Week 4\\backend-bw\\models\\admin.js","statementMap":{"0":{"start":{"line":4,"column":4},"end":{"line":4,"column":24}},"1":{"start":{"line":5,"column":25},"end":{"line":5,"column":53}},"2":{"start":{"line":6,"column":0},"end":{"line":84,"column":2}},"3":{"start":{"line":15,"column":6},"end":{"line":15,"column":61}},"4":{"start":{"line":19,"column":2},"end":{"line":78,"column":5}},"5":{"start":{"line":80,"column":2},"end":{"line":82,"column":5}},"6":{"start":{"line":81,"column":4},"end":{"line":81,"column":42}},"7":{"start":{"line":83,"column":2},"end":{"line":83,"column":15}}},"fnMap":{"0":{"name":"(anonymous_0)","decl":{"start":{"line":6,"column":17},"end":{"line":6,"column":18}},"loc":{"start":{"line":6,"column":43},"end":{"line":84,"column":1}},"line":6},"1":{"name":"(anonymous_1)","decl":{"start":{"line":13,"column":4},"end":{"line":13,"column":5}},"loc":{"start":{"line":13,"column":29},"end":{"line":17,"column":5}},"line":13},"2":{"name":"(anonymous_2)","decl":{"start":{"line":80,"column":32},"end":{"line":80,"column":33}},"loc":{"start":{"line":80,"column":39},"end":{"line":82,"column":3}},"line":80}},"branchMap":{},"s":{"0":1,"1":1,"2":1,"3":1,"4":1,"5":1,"6":1,"7":1},"f":{"0":1,"1":1,"2":1},"b":{},"_coverageSchema":"1a1c01bbd47fc00a2c39e90264f33305004495a9","hash":"53a228b99690330af770df03414e15f3bac83558"}
,"D:\\Hacktiv8_Martha\\Phase 3\\Week 4\\backend-bw\\models\\answerquiz.js": {"path":"D:\\Hacktiv8_Martha\\Phase 3\\Week 4\\backend-bw\\models\\answerquiz.js","statementMap":{"0":{"start":{"line":4,"column":4},"end":{"line":4,"column":24}},"1":{"start":{"line":5,"column":0},"end":{"line":27,"column":2}},"2":{"start":{"line":14,"column":6},"end":{"line":14,"column":66}},"3":{"start":{"line":15,"column":6},"end":{"line":15,"column":78}},"4":{"start":{"line":18,"column":2},"end":{"line":25,"column":5}},"5":{"start":{"line":26,"column":2},"end":{"line":26,"column":20}}},"fnMap":{"0":{"name":"(anonymous_0)","decl":{"start":{"line":5,"column":17},"end":{"line":5,"column":18}},"loc":{"start":{"line":5,"column":43},"end":{"line":27,"column":1}},"line":5},"1":{"name":"(anonymous_1)","decl":{"start":{"line":12,"column":4},"end":{"line":12,"column":5}},"loc":{"start":{"line":12,"column":29},"end":{"line":16,"column":5}},"line":12}},"branchMap":{},"s":{"0":1,"1":1,"2":1,"3":1,"4":1,"5":1},"f":{"0":1,"1":1},"b":{},"_coverageSchema":"1a1c01bbd47fc00a2c39e90264f33305004495a9","hash":"76551f1932857291682c954523f1ccbab1a713c9"}
,"D:\\Hacktiv8_Martha\\Phase 3\\Week 4\\backend-bw\\models\\category.js": {"path":"D:\\Hacktiv8_Martha\\Phase 3\\Week 4\\backend-bw\\models\\category.js","statementMap":{"0":{"start":{"line":4,"column":4},"end":{"line":4,"column":24}},"1":{"start":{"line":5,"column":0},"end":{"line":24,"column":2}},"2":{"start":{"line":14,"column":6},"end":{"line":14,"column":67}},"3":{"start":{"line":17,"column":2},"end":{"line":22,"column":5}},"4":{"start":{"line":23,"column":2},"end":{"line":23,"column":18}}},"fnMap":{"0":{"name":"(anonymous_0)","decl":{"start":{"line":5,"column":17},"end":{"line":5,"column":18}},"loc":{"start":{"line":5,"column":43},"end":{"line":24,"column":1}},"line":5},"1":{"name":"(anonymous_1)","decl":{"start":{"line":12,"column":4},"end":{"line":12,"column":5}},"loc":{"start":{"line":12,"column":29},"end":{"line":15,"column":5}},"line":12}},"branchMap":{},"s":{"0":1,"1":1,"2":1,"3":1,"4":1},"f":{"0":1,"1":1},"b":{},"_coverageSchema":"1a1c01bbd47fc00a2c39e90264f33305004495a9","hash":"d133607aeead84ac01e4c8bf7fb09a401a371c4c"}
,"D:\\Hacktiv8_Martha\\Phase 3\\Week 4\\backend-bw\\models\\checkpoint.js": {"path":"D:\\Hacktiv8_Martha\\Phase 3\\Week 4\\backend-bw\\models\\checkpoint.js","statementMap":{"0":{"start":{"line":4,"column":4},"end":{"line":4,"column":24}},"1":{"start":{"line":5,"column":0},"end":{"line":35,"column":2}},"2":{"start":{"line":14,"column":6},"end":{"line":14,"column":68}},"3":{"start":{"line":17,"column":2},"end":{"line":33,"column":5}},"4":{"start":{"line":34,"column":2},"end":{"line":34,"column":20}}},"fnMap":{"0":{"name":"(anonymous_0)","decl":{"start":{"line":5,"column":17},"end":{"line":5,"column":18}},"loc":{"start":{"line":5,"column":43},"end":{"line":35,"column":1}},"line":5},"1":{"name":"(anonymous_1)","decl":{"start":{"line":12,"column":4},"end":{"line":12,"column":5}},"loc":{"start":{"line":12,"column":29},"end":{"line":15,"column":5}},"line":12}},"branchMap":{},"s":{"0":1,"1":1,"2":1,"3":1,"4":1},"f":{"0":1,"1":1},"b":{},"_coverageSchema":"1a1c01bbd47fc00a2c39e90264f33305004495a9","hash":"e750ea0eab710f933a0667faa982e5eb07b38009"}
,"D:\\Hacktiv8_Martha\\Phase 3\\Week 4\\backend-bw\\models\\event.js": {"path":"D:\\Hacktiv8_Martha\\Phase 3\\Week 4\\backend-bw\\models\\event.js","statementMap":{"0":{"start":{"line":4,"column":4},"end":{"line":4,"column":24}},"1":{"start":{"line":5,"column":0},"end":{"line":43,"column":2}},"2":{"start":{"line":14,"column":6},"end":{"line":14,"column":63}},"3":{"start":{"line":15,"column":6},"end":{"line":15,"column":69}},"4":{"start":{"line":16,"column":6},"end":{"line":16,"column":94}},"5":{"start":{"line":17,"column":6},"end":{"line":17,"column":67}},"6":{"start":{"line":18,"column":6},"end":{"line":18,"column":66}},"7":{"start":{"line":21,"column":2},"end":{"line":41,"column":5}},"8":{"start":{"line":42,"column":2},"end":{"line":42,"column":15}}},"fnMap":{"0":{"name":"(anonymous_0)","decl":{"start":{"line":5,"column":17},"end":{"line":5,"column":18}},"loc":{"start":{"line":5,"column":43},"end":{"line":43,"column":1}},"line":5},"1":{"name":"(anonymous_1)","decl":{"start":{"line":12,"column":4},"end":{"line":12,"column":5}},"loc":{"start":{"line":12,"column":29},"end":{"line":19,"column":5}},"line":12}},"branchMap":{},"s":{"0":1,"1":1,"2":1,"3":1,"4":1,"5":1,"6":1,"7":1,"8":1},"f":{"0":1,"1":1},"b":{},"_coverageSchema":"1a1c01bbd47fc00a2c39e90264f33305004495a9","hash":"04f03045fe3cf45a9816379eb750ad211816fceb"}
,"D:\\Hacktiv8_Martha\\Phase 3\\Week 4\\backend-bw\\models\\index.js": {"path":"D:\\Hacktiv8_Martha\\Phase 3\\Week 4\\backend-bw\\models\\index.js","statementMap":{"0":{"start":{"line":3,"column":11},"end":{"line":3,"column":24}},"1":{"start":{"line":4,"column":13},"end":{"line":4,"column":28}},"2":{"start":{"line":5,"column":18},"end":{"line":5,"column":38}},"3":{"start":{"line":6,"column":16},"end":{"line":6,"column":34}},"4":{"start":{"line":7,"column":17},"end":{"line":7,"column":42}},"5":{"start":{"line":8,"column":12},"end":{"line":8,"column":49}},"6":{"start":{"line":9,"column":15},"end":{"line":9,"column":65}},"7":{"start":{"line":10,"column":11},"end":{"line":10,"column":13}},"8":{"start":{"line":13,"column":0},"end":{"line":17,"column":1}},"9":{"start":{"line":14,"column":2},"end":{"line":14,"column":74}},"10":{"start":{"line":16,"column":2},"end":{"line":16,"column":87}},"11":{"start":{"line":19,"column":0},"end":{"line":32,"column":5}},"12":{"start":{"line":22,"column":4},"end":{"line":27,"column":6}},"13":{"start":{"line":30,"column":18},"end":{"line":30,"column":85}},"14":{"start":{"line":31,"column":4},"end":{"line":31,"column":27}},"15":{"start":{"line":34,"column":0},"end":{"line":38,"column":3}},"16":{"start":{"line":35,"column":2},"end":{"line":37,"column":3}},"17":{"start":{"line":36,"column":4},"end":{"line":36,"column":32}},"18":{"start":{"line":40,"column":0},"end":{"line":40,"column":25}},"19":{"start":{"line":41,"column":0},"end":{"line":41,"column":25}},"20":{"start":{"line":43,"column":0},"end":{"line":43,"column":20}}},"fnMap":{"0":{"name":"(anonymous_0)","decl":{"start":{"line":21,"column":10},"end":{"line":21,"column":11}},"loc":{"start":{"line":21,"column":18},"end":{"line":28,"column":3}},"line":21},"1":{"name":"(anonymous_1)","decl":{"start":{"line":29,"column":11},"end":{"line":29,"column":12}},"loc":{"start":{"line":29,"column":19},"end":{"line":32,"column":3}},"line":29},"2":{"name":"(anonymous_2)","decl":{"start":{"line":34,"column":24},"end":{"line":34,"column":25}},"loc":{"start":{"line":34,"column":37},"end":{"line":38,"column":1}},"line":34}},"branchMap":{"0":{"loc":{"start":{"line":8,"column":12},"end":{"line":8,"column":49}},"type":"binary-expr","locations":[{"start":{"line":8,"column":12},"end":{"line":8,"column":32}},{"start":{"line":8,"column":36},"end":{"line":8,"column":49}}],"line":8},"1":{"loc":{"start":{"line":13,"column":0},"end":{"line":17,"column":1}},"type":"if","locations":[{"start":{"line":13,"column":0},"end":{"line":17,"column":1}},{"start":{"line":15,"column":7},"end":{"line":17,"column":1}}],"line":13},"2":{"loc":{"start":{"line":23,"column":6},"end":{"line":26,"column":37}},"type":"binary-expr","locations":[{"start":{"line":23,"column":6},"end":{"line":23,"column":29}},{"start":{"line":24,"column":6},"end":{"line":24,"column":23}},{"start":{"line":25,"column":6},"end":{"line":25,"column":30}},{"start":{"line":26,"column":6},"end":{"line":26,"column":37}}],"line":23},"3":{"loc":{"start":{"line":35,"column":2},"end":{"line":37,"column":3}},"type":"if","locations":[{"start":{"line":35,"column":2},"end":{"line":37,"column":3}},{"start":{},"end":{}}],"line":35}},"s":{"0":1,"1":1,"2":1,"3":1,"4":1,"5":1,"6":1,"7":1,"8":1,"9":0,"10":1,"11":1,"12":9,"13":8,"14":8,"15":1,"16":8,"17":8,"18":1,"19":1,"20":1},"f":{"0":9,"1":8,"2":8},"b":{"0":[1,0],"1":[0,1],"2":[9,9,8,8],"3":[8,0]},"_coverageSchema":"1a1c01bbd47fc00a2c39e90264f33305004495a9","hash":"cfe412017c1fe70491a4907c13c5b17581a06771"}
,"D:\\Hacktiv8_Martha\\Phase 3\\Week 4\\backend-bw\\models\\leaderboard.js": {"path":"D:\\Hacktiv8_Martha\\Phase 3\\Week 4\\backend-bw\\models\\leaderboard.js","statementMap":{"0":{"start":{"line":4,"column":4},"end":{"line":4,"column":24}},"1":{"start":{"line":5,"column":0},"end":{"line":27,"column":2}},"2":{"start":{"line":14,"column":6},"end":{"line":14,"column":67}},"3":{"start":{"line":15,"column":6},"end":{"line":15,"column":69}},"4":{"start":{"line":18,"column":2},"end":{"line":25,"column":5}},"5":{"start":{"line":26,"column":2},"end":{"line":26,"column":21}}},"fnMap":{"0":{"name":"(anonymous_0)","decl":{"start":{"line":5,"column":17},"end":{"line":5,"column":18}},"loc":{"start":{"line":5,"column":43},"end":{"line":27,"column":1}},"line":5},"1":{"name":"(anonymous_1)","decl":{"start":{"line":12,"column":4},"end":{"line":12,"column":5}},"loc":{"start":{"line":12,"column":29},"end":{"line":16,"column":5}},"line":12}},"branchMap":{},"s":{"0":1,"1":1,"2":1,"3":1,"4":1,"5":1},"f":{"0":1,"1":1},"b":{},"_coverageSchema":"1a1c01bbd47fc00a2c39e90264f33305004495a9","hash":"612827c488789d4459c72ccb295b5513e75ca291"}
,"D:\\Hacktiv8_Martha\\Phase 3\\Week 4\\backend-bw\\models\\user.js": {"path":"D:\\Hacktiv8_Martha\\Phase 3\\Week 4\\backend-bw\\models\\user.js","statementMap":{"0":{"start":{"line":4,"column":4},"end":{"line":4,"column":24}},"1":{"start":{"line":5,"column":25},"end":{"line":5,"column":53}},"2":{"start":{"line":6,"column":0},"end":{"line":134,"column":2}},"3":{"start":{"line":15,"column":6},"end":{"line":15,"column":93}},"4":{"start":{"line":16,"column":6},"end":{"line":16,"column":65}},"5":{"start":{"line":17,"column":6},"end":{"line":17,"column":64}},"6":{"start":{"line":20,"column":2},"end":{"line":127,"column":5}},"7":{"start":{"line":129,"column":2},"end":{"line":131,"column":5}},"8":{"start":{"line":130,"column":4},"end":{"line":130,"column":42}},"9":{"start":{"line":133,"column":2},"end":{"line":133,"column":14}}},"fnMap":{"0":{"name":"(anonymous_0)","decl":{"start":{"line":6,"column":17},"end":{"line":6,"column":18}},"loc":{"start":{"line":6,"column":43},"end":{"line":134,"column":1}},"line":6},"1":{"name":"(anonymous_1)","decl":{"start":{"line":13,"column":4},"end":{"line":13,"column":5}},"loc":{"start":{"line":13,"column":29},"end":{"line":18,"column":5}},"line":13},"2":{"name":"(anonymous_2)","decl":{"start":{"line":129,"column":31},"end":{"line":129,"column":32}},"loc":{"start":{"line":129,"column":38},"end":{"line":131,"column":3}},"line":129}},"branchMap":{},"s":{"0":1,"1":1,"2":1,"3":1,"4":1,"5":1,"6":1,"7":1,"8":1,"9":1},"f":{"0":1,"1":1,"2":1},"b":{},"_coverageSchema":"1a1c01bbd47fc00a2c39e90264f33305004495a9","hash":"0fb353257e9fecf5c155f0e25d17f8e9b596c5f2"}
,"D:\\Hacktiv8_Martha\\Phase 3\\Week 4\\backend-bw\\models\\user_event.js": {"path":"D:\\Hacktiv8_Martha\\Phase 3\\Week 4\\backend-bw\\models\\user_event.js","statementMap":{"0":{"start":{"line":4,"column":4},"end":{"line":4,"column":24}},"1":{"start":{"line":5,"column":0},"end":{"line":27,"column":2}},"2":{"start":{"line":14,"column":6},"end":{"line":14,"column":66}},"3":{"start":{"line":15,"column":6},"end":{"line":15,"column":68}},"4":{"start":{"line":18,"column":2},"end":{"line":25,"column":5}},"5":{"start":{"line":26,"column":2},"end":{"line":26,"column":20}}},"fnMap":{"0":{"name":"(anonymous_0)","decl":{"start":{"line":5,"column":17},"end":{"line":5,"column":18}},"loc":{"start":{"line":5,"column":43},"end":{"line":27,"column":1}},"line":5},"1":{"name":"(anonymous_1)","decl":{"start":{"line":12,"column":4},"end":{"line":12,"column":5}},"loc":{"start":{"line":12,"column":29},"end":{"line":16,"column":5}},"line":12}},"branchMap":{},"s":{"0":1,"1":1,"2":1,"3":1,"4":1,"5":1},"f":{"0":1,"1":1},"b":{},"_coverageSchema":"1a1c01bbd47fc00a2c39e90264f33305004495a9","hash":"83b94bd653dca2e00ddf4554edec8694671c5627"}
,"D:\\Hacktiv8_Martha\\Phase 3\\Week 4\\backend-bw\\routers\\admin.js": {"path":"D:\\Hacktiv8_Martha\\Phase 3\\Week 4\\backend-bw\\routers\\admin.js","statementMap":{"0":{"start":{"line":1,"column":16},"end":{"line":1,"column":34}},"1":{"start":{"line":2,"column":14},"end":{"line":2,"column":30}},"2":{"start":{"line":3,"column":24},"end":{"line":3,"column":65}},"3":{"start":{"line":4,"column":18},"end":{"line":4,"column":53}},"4":{"start":{"line":7,"column":0},"end":{"line":13,"column":61}},"5":{"start":{"line":18,"column":0},"end":{"line":18,"column":23}}},"fnMap":{},"branchMap":{},"s":{"0":1,"1":1,"2":1,"3":1,"4":1,"5":1},"f":{},"b":{},"_coverageSchema":"1a1c01bbd47fc00a2c39e90264f33305004495a9","hash":"4fb0f55a8fbb27e09c7dcf83877e4e35e1c4fd2d"}
,"D:\\Hacktiv8_Martha\\Phase 3\\Week 4\\backend-bw\\routers\\category.js": {"path":"D:\\Hacktiv8_Martha\\Phase 3\\Week 4\\backend-bw\\routers\\category.js","statementMap":{"0":{"start":{"line":1,"column":16},"end":{"line":1,"column":34}},"1":{"start":{"line":2,"column":27},"end":{"line":2,"column":71}},"2":{"start":{"line":3,"column":17},"end":{"line":3,"column":33}},"3":{"start":{"line":4,"column":18},"end":{"line":4,"column":53}},"4":{"start":{"line":6,"column":0},"end":{"line":11,"column":72}},"5":{"start":{"line":17,"column":0},"end":{"line":17,"column":26}}},"fnMap":{},"branchMap":{},"s":{"0":1,"1":1,"2":1,"3":1,"4":1,"5":1},"f":{},"b":{},"_coverageSchema":"1a1c01bbd47fc00a2c39e90264f33305004495a9","hash":"96b206ede127c5d0a091cffae579d1325ec55425"}
,"D:\\Hacktiv8_Martha\\Phase 3\\Week 4\\backend-bw\\routers\\checkpoint.js": {"path":"D:\\Hacktiv8_Martha\\Phase 3\\Week 4\\backend-bw\\routers\\checkpoint.js","statementMap":{"0":{"start":{"line":1,"column":16},"end":{"line":1,"column":34}},"1":{"start":{"line":2,"column":29},"end":{"line":2,"column":75}},"2":{"start":{"line":3,"column":18},"end":{"line":3,"column":53}},"3":{"start":{"line":4,"column":19},"end":{"line":4,"column":35}},"4":{"start":{"line":6,"column":0},"end":{"line":9,"column":84}},"5":{"start":{"line":11,"column":0},"end":{"line":11,"column":28}}},"fnMap":{},"branchMap":{},"s":{"0":1,"1":1,"2":1,"3":1,"4":1,"5":1},"f":{},"b":{},"_coverageSchema":"1a1c01bbd47fc00a2c39e90264f33305004495a9","hash":"535d1db83431a269775d6c94d40c25fa9634b9f9"}
,"D:\\Hacktiv8_Martha\\Phase 3\\Week 4\\backend-bw\\routers\\event.js": {"path":"D:\\Hacktiv8_Martha\\Phase 3\\Week 4\\backend-bw\\routers\\event.js","statementMap":{"0":{"start":{"line":1,"column":16},"end":{"line":1,"column":34}},"1":{"start":{"line":2,"column":24},"end":{"line":2,"column":65}},"2":{"start":{"line":3,"column":18},"end":{"line":3,"column":53}},"3":{"start":{"line":4,"column":14},"end":{"line":4,"column":30}},"4":{"start":{"line":6,"column":0},"end":{"line":11,"column":60}},"5":{"start":{"line":13,"column":0},"end":{"line":13,"column":23}}},"fnMap":{},"branchMap":{},"s":{"0":1,"1":1,"2":1,"3":1,"4":1,"5":1},"f":{},"b":{},"_coverageSchema":"1a1c01bbd47fc00a2c39e90264f33305004495a9","hash":"6cffe719a0eaa266e9d3c61f1a23dc1eefa2cbe9"}
,"D:\\Hacktiv8_Martha\\Phase 3\\Week 4\\backend-bw\\routers\\index.js": {"path":"D:\\Hacktiv8_Martha\\Phase 3\\Week 4\\backend-bw\\routers\\index.js","statementMap":{"0":{"start":{"line":1,"column":16},"end":{"line":1,"column":34}},"1":{"start":{"line":2,"column":15},"end":{"line":2,"column":31}},"2":{"start":{"line":3,"column":19},"end":{"line":3,"column":37}},"3":{"start":{"line":4,"column":20},"end":{"line":4,"column":38}},"4":{"start":{"line":5,"column":23},"end":{"line":5,"column":44}},"5":{"start":{"line":6,"column":20},"end":{"line":6,"column":38}},"6":{"start":{"line":7,"column":26},"end":{"line":7,"column":50}},"7":{"start":{"line":8,"column":24},"end":{"line":8,"column":47}},"8":{"start":{"line":9,"column":25},"end":{"line":9,"column":48}},"9":{"start":{"line":11,"column":0},"end":{"line":18,"column":25}},"10":{"start":{"line":20,"column":0},"end":{"line":20,"column":23}}},"fnMap":{},"branchMap":{},"s":{"0":1,"1":1,"2":1,"3":1,"4":1,"5":1,"6":1,"7":1,"8":1,"9":1,"10":1},"f":{},"b":{},"_coverageSchema":"1a1c01bbd47fc00a2c39e90264f33305004495a9","hash":"f632902ad52e0bbaf304eff766e386495d52a3dd"}
,"D:\\Hacktiv8_Martha\\Phase 3\\Week 4\\backend-bw\\routers\\leaderboard.js": {"path":"D:\\Hacktiv8_Martha\\Phase 3\\Week 4\\backend-bw\\routers\\leaderboard.js","statementMap":{"0":{"start":{"line":1,"column":16},"end":{"line":1,"column":34}},"1":{"start":{"line":2,"column":18},"end":{"line":2,"column":53}},"2":{"start":{"line":3,"column":30},"end":{"line":3,"column":77}},"3":{"start":{"line":4,"column":20},"end":{"line":4,"column":36}},"4":{"start":{"line":6,"column":0},"end":{"line":10,"column":83}},"5":{"start":{"line":12,"column":0},"end":{"line":12,"column":29}}},"fnMap":{},"branchMap":{},"s":{"0":1,"1":1,"2":1,"3":1,"4":1,"5":1},"f":{},"b":{},"_coverageSchema":"1a1c01bbd47fc00a2c39e90264f33305004495a9","hash":"28bcb5bf26c2d177bbb83b363ef123e7e5868e46"}
,"D:\\Hacktiv8_Martha\\Phase 3\\Week 4\\backend-bw\\routers\\user_event.js": {"path":"D:\\Hacktiv8_Martha\\Phase 3\\Week 4\\backend-bw\\routers\\user_event.js","statementMap":{"0":{"start":{"line":1,"column":16},"end":{"line":1,"column":34}},"1":{"start":{"line":2,"column":18},"end":{"line":2,"column":53}},"2":{"start":{"line":3,"column":18},"end":{"line":3,"column":53}},"3":{"start":{"line":4,"column":28},"end":{"line":4,"column":64}},"4":{"start":{"line":5,"column":19},"end":{"line":5,"column":35}},"5":{"start":{"line":7,"column":0},"end":{"line":12,"column":74}},"6":{"start":{"line":14,"column":0},"end":{"line":14,"column":28}}},"fnMap":{},"branchMap":{},"s":{"0":1,"1":1,"2":1,"3":1,"4":1,"5":1,"6":1},"f":{},"b":{},"_coverageSchema":"1a1c01bbd47fc00a2c39e90264f33305004495a9","hash":"a3d1a20b0261c9b87059db8d823e977b91072a85"}
,"D:\\Hacktiv8_Martha\\Phase 3\\Week 4\\backend-bw\\routers\\users.js": {"path":"D:\\Hacktiv8_Martha\\Phase 3\\Week 4\\backend-bw\\routers\\users.js","statementMap":{"0":{"start":{"line":1,"column":16},"end":{"line":1,"column":34}},"1":{"start":{"line":2,"column":13},"end":{"line":2,"column":29}},"2":{"start":{"line":3,"column":24},"end":{"line":3,"column":65}},"3":{"start":{"line":4,"column":18},"end":{"line":4,"column":53}},"4":{"start":{"line":7,"column":0},"end":{"line":13,"column":60}},"5":{"start":{"line":19,"column":0},"end":{"line":19,"column":22}}},"fnMap":{},"branchMap":{},"s":{"0":1,"1":1,"2":1,"3":1,"4":1,"5":1},"f":{},"b":{},"_coverageSchema":"1a1c01bbd47fc00a2c39e90264f33305004495a9","hash":"e0926ea5ea8245057ca3a39b57f925bfc33cc8f1"}
}
