TN:
SF:app.js
FN:26,(anonymous_0)
FNF:1
FNH:1
FNDA:1,(anonymous_0)
DA:1,1
DA:2,1
DA:5,1
DA:6,1
DA:7,1
DA:8,1
DA:9,1
DA:10,1
DA:11,1
DA:12,1
DA:14,1
DA:15,1
DA:16,1
DA:17,1
DA:23,1
DA:24,1
DA:26,1
DA:27,1
LF:18
LH:18
BRDA:1,0,0,1
BRDA:1,0,1,0
BRDA:7,1,0,1
BRDA:7,1,1,1
BRF:4
BRH:3
end_of_record
TN:
SF:config\imagekit.js
FNF:0
FNH:0
DA:1,1
DA:3,1
DA:9,1
LF:3
LH:3
BRF:0
BRH:0
end_of_record
TN:
SF:config\multer.js
FN:1,(anonymous_0)
FNF:1
FNH:1
FNDA:2,(anonymous_0)
DA:1,1
DA:2,2
DA:8,0
DA:10,2
DA:14,1
LF:5
LH:4
BRDA:2,0,0,0
BRDA:2,0,1,2
BRDA:3,1,0,2
BRDA:3,1,1,2
BRDA:3,1,2,2
BRDA:3,1,3,2
BRF:6
BRH:5
end_of_record
TN:
SF:controllers\adminController.js
FN:5,(anonymous_0)
FN:15,(anonymous_1)
FN:27,(anonymous_2)
FN:48,(anonymous_3)
FN:73,(anonymous_4)
FN:86,(anonymous_5)
FNF:6
FNH:6
FNDA:1,(anonymous_0)
FNDA:2,(anonymous_1)
FNDA:7,(anonymous_2)
FNDA:5,(anonymous_3)
FNDA:1,(anonymous_4)
FNDA:4,(anonymous_5)
DA:1,1
DA:2,1
DA:4,1
DA:5,1
DA:6,1
DA:7,1
DA:8,1
DA:10,0
DA:11,0
DA:15,1
DA:16,2
DA:17,2
DA:18,2
DA:19,2
DA:20,1
DA:22,1
DA:23,1
DA:27,1
DA:28,7
DA:31,7
DA:32,7
DA:33,6
DA:34,5
DA:35,4
DA:36,3
DA:39,1
DA:43,6
DA:44,6
DA:48,1
DA:49,5
DA:50,5
DA:51,5
DA:52,4
DA:54,3
DA:57,3
DA:58,2
DA:59,2
DA:60,1
DA:65,1
DA:68,4
DA:69,4
DA:73,1
DA:74,1
DA:75,1
DA:76,1
DA:79,0
DA:81,1
DA:82,1
DA:86,1
DA:87,4
DA:88,4
DA:91,4
DA:92,4
DA:93,3
DA:94,2
DA:95,1
DA:99,1
DA:103,3
DA:104,3
LF:59
LH:56
BRDA:19,0,0,1
BRDA:19,0,1,1
BRDA:32,1,0,1
BRDA:32,1,1,6
BRDA:33,2,0,1
BRDA:33,2,1,5
BRDA:34,3,0,1
BRDA:34,3,1,4
BRDA:35,4,0,1
BRDA:35,4,1,3
BRDA:51,5,0,1
BRDA:51,5,1,4
BRDA:52,6,0,1
BRDA:52,6,1,3
BRDA:57,7,0,1
BRDA:57,7,1,2
BRDA:59,8,0,1
BRDA:59,8,1,1
BRDA:92,9,0,1
BRDA:92,9,1,3
BRDA:93,10,0,1
BRDA:93,10,1,2
BRDA:94,11,0,1
BRDA:94,11,1,1
BRF:24
BRH:24
end_of_record
TN:
SF:controllers\categoryController.js
FN:4,(anonymous_0)
FN:14,(anonymous_1)
FN:26,(anonymous_2)
FN:40,(anonymous_3)
FN:53,(anonymous_4)
FNF:5
FNH:5
FNDA:1,(anonymous_0)
FNDA:2,(anonymous_1)
FNDA:2,(anonymous_2)
FNDA:1,(anonymous_3)
FNDA:2,(anonymous_4)
DA:1,1
DA:3,1
DA:4,1
DA:5,1
DA:6,1
DA:7,1
DA:9,0
DA:10,0
DA:14,1
DA:15,2
DA:16,2
DA:17,2
DA:18,2
DA:19,1
DA:21,1
DA:22,1
DA:26,1
DA:27,2
DA:28,2
DA:29,2
DA:30,1
DA:31,1
DA:35,1
DA:36,1
DA:40,1
DA:41,1
DA:42,1
DA:43,1
DA:46,0
DA:48,1
DA:49,1
DA:53,1
DA:54,2
DA:55,2
DA:56,2
DA:57,2
DA:58,1
DA:59,1
DA:63,1
DA:64,1
LF:40
LH:37
BRDA:18,0,0,1
BRDA:18,0,1,1
BRDA:29,1,0,1
BRDA:29,1,1,1
BRDA:57,2,0,1
BRDA:57,2,1,1
BRF:6
BRH:6
end_of_record
TN:
SF:controllers\checkpointController.js
FN:5,(anonymous_0)
FN:15,(anonymous_1)
FN:31,(anonymous_2)
FNF:3
FNH:3
FNDA:1,(anonymous_0)
FNDA:2,(anonymous_1)
FNDA:2,(anonymous_2)
DA:1,1
DA:2,1
DA:4,1
DA:5,1
DA:6,1
DA:7,1
DA:8,1
DA:10,0
DA:11,0
DA:15,1
DA:16,2
DA:17,2
DA:18,2
DA:23,2
DA:24,1
DA:26,1
DA:27,1
DA:31,1
DA:32,2
DA:33,2
DA:34,2
DA:35,2
DA:36,2
DA:42,1
DA:44,1
DA:45,1
LF:26
LH:24
BRDA:23,0,0,1
BRDA:23,0,1,1
BRDA:35,1,0,0
BRDA:35,1,1,2
BRF:4
BRH:3
end_of_record
TN:
SF:controllers\eventController.js
FN:13,(anonymous_0)
FN:33,(anonymous_1)
FN:63,(anonymous_2)
FN:118,(anonymous_3)
FN:135,(anonymous_4)
FN:188,(anonymous_5)
FNF:6
FNH:4
FNDA:2,(anonymous_0)
FNDA:2,(anonymous_1)
FNDA:2,(anonymous_2)
FNDA:0,(anonymous_3)
FNDA:0,(anonymous_4)
FNDA:1,(anonymous_5)
DA:1,1
DA:10,1
DA:12,1
DA:13,1
DA:14,2
DA:15,2
DA:26,2
DA:28,0
DA:29,0
DA:33,1
DA:34,2
DA:35,2
DA:36,2
DA:47,2
DA:48,1
DA:56,1
DA:58,1
DA:59,1
DA:63,1
DA:64,2
DA:65,2
DA:78,2
DA:80,2
DA:81,1
DA:82,1
DA:83,1
DA:84,1
DA:85,1
DA:86,1
DA:87,1
DA:88,1
DA:89,1
DA:90,1
DA:91,0
DA:92,0
DA:94,0
DA:99,0
DA:116,0
DA:117,0
DA:118,0
DA:119,0
DA:120,0
DA:122,0
DA:124,0
DA:125,0
DA:129,2
DA:130,2
DA:131,2
DA:135,1
DA:136,0
DA:137,0
DA:150,0
DA:151,0
DA:152,0
DA:153,0
DA:154,0
DA:155,0
DA:156,0
DA:157,0
DA:158,0
DA:159,0
DA:160,0
DA:161,0
DA:162,0
DA:179,0
DA:183,0
DA:184,0
DA:188,1
DA:189,1
DA:190,1
DA:191,1
DA:192,1
DA:196,0
DA:199,0
DA:200,0
DA:202,1
DA:203,1
DA:204,1
LF:78
LH:43
BRDA:47,0,0,1
BRDA:47,0,1,1
BRDA:80,1,0,1
BRDA:80,1,1,1
BRDA:81,2,0,0
BRDA:81,2,1,1
BRDA:82,3,0,0
BRDA:82,3,1,1
BRDA:83,4,0,0
BRDA:83,4,1,1
BRDA:84,5,0,0
BRDA:84,5,1,1
BRDA:85,6,0,0
BRDA:85,6,1,1
BRDA:86,7,0,0
BRDA:86,7,1,1
BRDA:87,8,0,0
BRDA:87,8,1,1
BRDA:88,9,0,0
BRDA:88,9,1,1
BRDA:89,10,0,0
BRDA:89,10,1,1
BRDA:90,11,0,1
BRDA:90,11,1,0
BRDA:91,12,0,0
BRDA:91,12,1,0
BRDA:117,13,0,0
BRDA:117,13,1,0
BRDA:151,14,0,0
BRDA:151,14,1,0
BRDA:152,15,0,0
BRDA:152,15,1,0
BRDA:153,16,0,0
BRDA:153,16,1,0
BRDA:154,17,0,0
BRDA:154,17,1,0
BRDA:155,18,0,0
BRDA:155,18,1,0
BRDA:156,19,0,0
BRDA:156,19,1,0
BRDA:157,20,0,0
BRDA:157,20,1,0
BRDA:158,21,0,0
BRDA:158,21,1,0
BRDA:159,22,0,0
BRDA:159,22,1,0
BRDA:160,23,0,0
BRDA:160,23,1,0
BRDA:161,24,0,0
BRDA:161,24,1,0
BRF:50
BRH:14
end_of_record
TN:
SF:controllers\leaderboardController.js
FN:4,(anonymous_0)
FN:24,(anonymous_1)
FN:47,(anonymous_2)
FN:67,(anonymous_3)
FNF:4
FNH:4
FNDA:1,(anonymous_0)
FNDA:2,(anonymous_1)
FNDA:2,(anonymous_2)
FNDA:1,(anonymous_3)
DA:1,1
DA:3,1
DA:4,1
DA:5,1
DA:6,1
DA:17,1
DA:19,0
DA:20,0
DA:24,1
DA:25,2
DA:26,2
DA:27,2
DA:39,2
DA:40,1
DA:42,1
DA:43,1
DA:47,1
DA:48,2
DA:49,2
DA:50,2
DA:54,2
DA:55,1
DA:60,1
DA:62,1
DA:63,1
DA:67,1
DA:68,1
DA:69,1
DA:70,1
DA:71,1
DA:72,1
DA:74,1
DA:77,1
DA:79,0
DA:80,0
LF:35
LH:31
BRDA:39,0,0,1
BRDA:39,0,1,1
BRDA:54,1,0,1
BRDA:54,1,1,1
BRDA:72,2,0,0
BRDA:72,2,1,1
BRF:6
BRH:5
end_of_record
TN:
SF:controllers\payment.js
FN:4,(anonymous_0)
FNF:1
FNH:1
FNDA:2,(anonymous_0)
DA:1,1
DA:2,1
DA:5,2
DA:6,2
DA:7,2
DA:8,2
DA:10,1
DA:14,1
DA:27,1
DA:28,1
DA:31,1
DA:32,1
DA:37,1
LF:13
LH:13
BRDA:8,0,0,1
BRDA:8,0,1,1
BRF:2
BRH:2
end_of_record
TN:
SF:controllers\user_event.js
FN:15,(anonymous_0)
FN:44,(anonymous_1)
FN:83,(anonymous_2)
FN:102,(anonymous_3)
FN:122,(anonymous_4)
FN:166,(anonymous_5)
FN:181,(anonymous_6)
FN:220,(anonymous_7)
FN:222,(anonymous_8)
FN:224,(anonymous_9)
FN:229,(anonymous_10)
FN:260,(anonymous_11)
FNF:12
FNH:8
FNDA:1,(anonymous_0)
FNDA:2,(anonymous_1)
FNDA:0,(anonymous_2)
FNDA:0,(anonymous_3)
FNDA:0,(anonymous_4)
FNDA:3,(anonymous_5)
FNDA:0,(anonymous_6)
FNDA:2,(anonymous_7)
FNDA:2,(anonymous_8)
FNDA:6,(anonymous_9)
FNDA:2,(anonymous_10)
FNDA:6,(anonymous_11)
DA:11,1
DA:12,1
DA:14,1
DA:15,1
DA:16,1
DA:17,1
DA:37,1
DA:39,0
DA:40,0
DA:44,1
DA:45,2
DA:46,2
DA:47,2
DA:71,2
DA:73,1
DA:76,1
DA:78,1
DA:79,1
DA:83,1
DA:84,0
DA:85,0
DA:86,0
DA:96,0
DA:98,0
DA:102,1
DA:105,0
DA:106,0
DA:107,0
DA:109,0
DA:118,0
DA:119,0
DA:122,0
DA:123,0
DA:128,0
DA:129,0
DA:137,0
DA:138,0
DA:139,0
DA:149,0
DA:150,0
DA:154,0
DA:155,0
DA:160,0
DA:161,0
DA:162,0
DA:166,1
DA:167,3
DA:168,3
DA:169,3
DA:170,3
DA:171,0
DA:174,0
DA:176,3
DA:177,3
DA:181,1
DA:182,0
DA:183,0
DA:206,0
DA:209,0
DA:212,0
DA:214,0
DA:215,0
DA:220,1
DA:221,2
DA:222,2
DA:223,2
DA:225,6
DA:230,2
DA:233,2
DA:234,2
DA:257,2
DA:260,6
DA:261,2
DA:262,2
DA:263,1
DA:267,1
DA:268,1
LF:77
LH:41
BRDA:71,0,0,1
BRDA:71,0,1,1
BRDA:118,1,0,0
BRDA:118,1,1,0
BRDA:170,2,0,3
BRDA:170,2,1,0
BRF:6
BRH:3
end_of_record
TN:
SF:controllers\usersController.js
FN:5,(anonymous_0)
FN:15,(anonymous_1)
FN:27,(anonymous_2)
FN:48,(anonymous_3)
FN:71,(anonymous_4)
FN:84,(anonymous_5)
FNF:6
FNH:6
FNDA:1,(anonymous_0)
FNDA:2,(anonymous_1)
FNDA:8,(anonymous_2)
FNDA:5,(anonymous_3)
FNDA:1,(anonymous_4)
FNDA:2,(anonymous_5)
DA:1,1
DA:2,1
DA:4,1
DA:5,1
DA:6,1
DA:7,1
DA:8,1
DA:10,0
DA:11,0
DA:15,1
DA:16,2
DA:17,2
DA:18,2
DA:19,2
DA:20,1
DA:22,1
DA:23,1
DA:27,1
DA:28,8
DA:31,8
DA:32,8
DA:33,6
DA:34,5
DA:35,4
DA:36,3
DA:39,1
DA:43,7
DA:44,7
DA:48,1
DA:49,5
DA:50,5
DA:51,5
DA:52,4
DA:53,3
DA:56,3
DA:57,2
DA:58,2
DA:59,1
DA:63,1
DA:66,4
DA:67,4
DA:71,1
DA:72,1
DA:73,1
DA:74,1
DA:77,0
DA:79,1
DA:80,1
DA:84,1
DA:85,2
DA:86,2
DA:89,2
DA:90,2
DA:91,1
DA:92,1
DA:93,1
DA:94,1
DA:95,1
DA:96,1
DA:97,1
DA:101,1
DA:105,1
DA:106,1
LF:63
LH:60
BRDA:19,0,0,1
BRDA:19,0,1,1
BRDA:32,1,0,2
BRDA:32,1,1,6
BRDA:33,2,0,1
BRDA:33,2,1,5
BRDA:34,3,0,1
BRDA:34,3,1,4
BRDA:35,4,0,1
BRDA:35,4,1,3
BRDA:51,5,0,1
BRDA:51,5,1,4
BRDA:52,6,0,1
BRDA:52,6,1,3
BRDA:56,7,0,1
BRDA:56,7,1,2
BRDA:58,8,0,1
BRDA:58,8,1,1
BRDA:90,9,0,1
BRDA:90,9,1,1
BRDA:91,10,0,0
BRDA:91,10,1,1
BRDA:92,11,0,0
BRDA:92,11,1,1
BRDA:93,12,0,0
BRDA:93,12,1,1
BRDA:94,13,0,0
BRDA:94,13,1,1
BRDA:95,14,0,0
BRDA:95,14,1,1
BRDA:96,15,0,0
BRDA:96,15,1,1
BRF:32
BRH:26
end_of_record
TN:
SF:handlers\errorHandler.js
FN:1,(anonymous_0)
FNF:1
FNH:1
FNDA:63,(anonymous_0)
DA:1,1
DA:2,63
DA:3,63
DA:6,63
DA:7,4
DA:8,2
DA:10,4
DA:11,2
DA:13,4
DA:14,0
DA:16,4
DA:17,0
DA:22,63
DA:51,27
DA:52,27
DA:56,10
DA:57,10
DA:62,4
DA:63,4
DA:65,16
DA:66,16
DA:70,6
DA:71,6
LF:23
LH:21
BRDA:6,0,0,4
BRDA:6,0,1,59
BRDA:7,1,0,2
BRDA:7,1,1,2
BRDA:10,2,0,2
BRDA:10,2,1,2
BRDA:13,3,0,0
BRDA:13,3,1,4
BRDA:16,4,0,0
BRDA:16,4,1,4
BRDA:22,5,0,8
BRDA:22,5,1,9
BRDA:22,5,2,9
BRDA:22,5,3,13
BRDA:22,5,4,17
BRDA:22,5,5,17
BRDA:22,5,6,17
BRDA:22,5,7,17
BRDA:22,5,8,19
BRDA:22,5,9,21
BRDA:22,5,10,21
BRDA:22,5,11,21
BRDA:22,5,12,24
BRDA:22,5,13,24
BRDA:22,5,14,24
BRDA:22,5,15,24
BRDA:22,5,16,24
BRDA:22,5,17,24
BRDA:22,5,18,24
BRDA:22,5,19,24
BRDA:22,5,20,24
BRDA:22,5,21,24
BRDA:22,5,22,25
BRDA:22,5,23,25
BRDA:22,5,24,25
BRDA:22,5,25,26
BRDA:22,5,26,26
BRDA:22,5,27,27
BRDA:22,5,28,10
BRDA:22,5,29,2
BRDA:22,5,30,4
BRDA:22,5,31,16
BRDA:22,5,32,6
BRF:43
BRH:41
end_of_record
TN:
SF:helpers\helper.js
FN:6,(anonymous_0)
FN:7,(anonymous_1)
FN:8,(anonymous_2)
FN:9,(anonymous_3)
FNF:4
FNH:4
FNDA:6,(anonymous_0)
FNDA:4,(anonymous_1)
FNDA:2,(anonymous_2)
FNDA:48,(anonymous_3)
DA:1,1
DA:2,1
DA:3,1
DA:4,1
DA:6,6
DA:7,4
DA:8,2
DA:9,48
DA:11,1
LF:9
LH:9
BRF:0
BRH:0
end_of_record
TN:
SF:middlewares\adminAuth.js
FN:6,(anonymous_0)
FNF:1
FNH:1
FNDA:36,(anonymous_0)
DA:1,1
DA:2,1
DA:6,1
DA:7,36
DA:8,36
DA:9,36
DA:10,36
DA:11,24
DA:12,24
DA:13,24
DA:14,24
DA:19,24
DA:22,12
DA:23,12
DA:25,12
LF:15
LH:15
BRDA:9,0,0,0
BRDA:9,0,1,36
BRDA:11,1,0,0
BRDA:11,1,1,24
BRDA:13,2,0,0
BRDA:13,2,1,24
BRDA:22,3,0,12
BRDA:22,3,1,0
BRF:8
BRH:4
end_of_record
TN:
SF:middlewares\usersAuth.js
FN:6,(anonymous_0)
FNF:1
FNH:1
FNDA:12,(anonymous_0)
DA:1,1
DA:2,1
DA:6,1
DA:7,12
DA:8,12
DA:9,12
DA:10,12
DA:11,8
DA:12,8
DA:13,8
DA:14,8
DA:19,8
DA:22,4
DA:23,4
DA:25,4
LF:15
LH:15
BRDA:9,0,0,0
BRDA:9,0,1,12
BRDA:11,1,0,0
BRDA:11,1,1,8
BRDA:13,2,0,0
BRDA:13,2,1,8
BRDA:22,3,0,4
BRDA:22,3,1,0
BRF:8
BRH:4
end_of_record
TN:
SF:models\admin.js
FN:6,(anonymous_0)
FN:13,(anonymous_1)
FN:80,(anonymous_2)
FNF:3
FNH:3
FNDA:1,(anonymous_0)
FNDA:1,(anonymous_1)
FNDA:1,(anonymous_2)
DA:4,1
DA:5,1
DA:6,1
DA:15,1
DA:19,1
DA:80,1
DA:81,1
DA:83,1
LF:8
LH:8
BRF:0
BRH:0
end_of_record
TN:
SF:models\answerquiz.js
FN:5,(anonymous_0)
FN:12,(anonymous_1)
FNF:2
FNH:2
FNDA:1,(anonymous_0)
FNDA:1,(anonymous_1)
DA:4,1
DA:5,1
DA:14,1
DA:15,1
DA:18,1
DA:26,1
LF:6
LH:6
BRF:0
BRH:0
end_of_record
TN:
SF:models\category.js
FN:5,(anonymous_0)
FN:12,(anonymous_1)
FNF:2
FNH:2
FNDA:1,(anonymous_0)
FNDA:1,(anonymous_1)
DA:4,1
DA:5,1
DA:14,1
DA:17,1
DA:23,1
LF:5
LH:5
BRF:0
BRH:0
end_of_record
TN:
SF:models\checkpoint.js
FN:5,(anonymous_0)
FN:12,(anonymous_1)
FNF:2
FNH:2
FNDA:1,(anonymous_0)
FNDA:1,(anonymous_1)
DA:4,1
DA:5,1
DA:14,1
DA:17,1
DA:34,1
LF:5
LH:5
BRF:0
BRH:0
end_of_record
TN:
SF:models\event.js
FN:5,(anonymous_0)
FN:12,(anonymous_1)
FNF:2
FNH:2
FNDA:1,(anonymous_0)
FNDA:1,(anonymous_1)
DA:4,1
DA:5,1
DA:14,1
DA:15,1
DA:16,1
DA:17,1
DA:18,1
DA:21,1
DA:42,1
LF:9
LH:9
BRF:0
BRH:0
end_of_record
TN:
SF:models\index.js
FN:21,(anonymous_0)
FN:29,(anonymous_1)
FN:34,(anonymous_2)
FNF:3
FNH:3
FNDA:9,(anonymous_0)
FNDA:8,(anonymous_1)
FNDA:8,(anonymous_2)
DA:3,1
DA:4,1
DA:5,1
DA:6,1
DA:7,1
DA:8,1
DA:9,1
DA:10,1
DA:13,1
DA:14,0
DA:16,1
DA:19,1
DA:22,9
DA:30,8
DA:31,8
DA:34,1
DA:35,8
DA:36,8
DA:40,1
DA:41,1
DA:43,1
LF:21
LH:20
BRDA:8,0,0,1
BRDA:8,0,1,0
BRDA:13,1,0,0
BRDA:13,1,1,1
BRDA:23,2,0,9
BRDA:23,2,1,9
BRDA:23,2,2,8
BRDA:23,2,3,8
BRDA:35,3,0,8
BRDA:35,3,1,0
BRF:10
BRH:7
end_of_record
TN:
SF:models\leaderboard.js
FN:5,(anonymous_0)
FN:12,(anonymous_1)
FNF:2
FNH:2
FNDA:1,(anonymous_0)
FNDA:1,(anonymous_1)
DA:4,1
DA:5,1
DA:14,1
DA:15,1
DA:18,1
DA:26,1
LF:6
LH:6
BRF:0
BRH:0
end_of_record
TN:
SF:models\user.js
FN:6,(anonymous_0)
FN:13,(anonymous_1)
FN:129,(anonymous_2)
FNF:3
FNH:3
FNDA:1,(anonymous_0)
FNDA:1,(anonymous_1)
FNDA:1,(anonymous_2)
DA:4,1
DA:5,1
DA:6,1
DA:15,1
DA:16,1
DA:17,1
DA:20,1
DA:129,1
DA:130,1
DA:133,1
LF:10
LH:10
BRF:0
BRH:0
end_of_record
TN:
SF:models\user_event.js
FN:5,(anonymous_0)
FN:12,(anonymous_1)
FNF:2
FNH:2
FNDA:1,(anonymous_0)
FNDA:1,(anonymous_1)
DA:4,1
DA:5,1
DA:14,1
DA:15,1
DA:18,1
DA:26,1
LF:6
LH:6
BRF:0
BRH:0
end_of_record
TN:
SF:routers\admin.js
FNF:0
FNH:0
DA:1,1
DA:2,1
DA:3,1
DA:4,1
DA:7,1
DA:18,1
LF:6
LH:6
BRF:0
BRH:0
end_of_record
TN:
SF:routers\category.js
FNF:0
FNH:0
DA:1,1
DA:2,1
DA:3,1
DA:4,1
DA:6,1
DA:17,1
LF:6
LH:6
BRF:0
BRH:0
end_of_record
TN:
SF:routers\checkpoint.js
FNF:0
FNH:0
DA:1,1
DA:2,1
DA:3,1
DA:4,1
DA:6,1
DA:11,1
LF:6
LH:6
BRF:0
BRH:0
end_of_record
TN:
SF:routers\event.js
FNF:0
FNH:0
DA:1,1
DA:2,1
DA:3,1
DA:4,1
DA:6,1
DA:13,1
LF:6
LH:6
BRF:0
BRH:0
end_of_record
TN:
SF:routers\index.js
FNF:0
FNH:0
DA:1,1
DA:2,1
DA:3,1
DA:4,1
DA:5,1
DA:6,1
DA:7,1
DA:8,1
DA:9,1
DA:10,1
DA:12,1
DA:22,1
LF:12
LH:12
BRF:0
BRH:0
end_of_record
TN:
SF:routers\leaderboard.js
FNF:0
FNH:0
DA:1,1
DA:2,1
DA:3,1
DA:4,1
DA:6,1
DA:12,1
LF:6
LH:6
BRF:0
BRH:0
end_of_record
TN:
SF:routers\payment.js
FNF:0
FNH:0
DA:1,1
DA:2,1
DA:3,1
DA:4,1
DA:6,1
DA:9,1
LF:6
LH:6
BRF:0
BRH:0
end_of_record
TN:
SF:routers\user_event.js
FNF:0
FNH:0
DA:1,1
DA:2,1
DA:3,1
DA:4,1
DA:5,1
DA:7,1
DA:15,1
LF:7
LH:7
BRF:0
BRH:0
end_of_record
TN:
SF:routers\users.js
FNF:0
FNH:0
DA:1,1
DA:2,1
DA:3,1
DA:4,1
DA:5,1
DA:8,1
DA:20,1
LF:7
LH:7
BRF:0
BRH:0
end_of_record
