TN:
SF:app.js
FNF:0
FNH:0
DA:1,1
DA:2,1
DA:5,1
DA:6,1
DA:7,1
DA:8,1
DA:9,1
DA:10,1
DA:11,1
DA:12,1
DA:14,1
DA:15,1
DA:16,1
DA:17,1
DA:23,1
DA:24,1
DA:27,1
LF:17
LH:17
BRDA:1,0,0,1
BRDA:1,0,1,0
BRDA:7,1,0,1
BRDA:7,1,1,1
BRF:4
BRH:3
end_of_record
TN:
SF:config\imagekit.js
FNF:0
FNH:0
DA:1,1
DA:3,1
DA:9,1
LF:3
LH:3
BRF:0
BRH:0
end_of_record
TN:
SF:config\multer.js
FN:1,(anonymous_0)
FNF:1
FNH:0
FNDA:0,(anonymous_0)
DA:1,1
DA:2,0
DA:8,0
DA:10,0
DA:14,1
LF:5
LH:2
BRDA:2,0,0,0
BRDA:2,0,1,0
BRDA:3,1,0,0
BRDA:3,1,1,0
BRDA:3,1,2,0
BRDA:3,1,3,0
BRF:6
BRH:0
end_of_record
TN:
SF:controllers\adminController.js
FN:5,(anonymous_0)
FN:15,(anonymous_1)
FN:26,(anonymous_2)
FN:47,(anonymous_3)
FN:72,(anonymous_4)
FN:85,(anonymous_5)
FNF:6
FNH:4
FNDA:1,(anonymous_0)
FNDA:1,(anonymous_1)
FNDA:7,(anonymous_2)
FNDA:5,(anonymous_3)
FNDA:0,(anonymous_4)
FNDA:0,(anonymous_5)
DA:1,1
DA:2,1
DA:4,1
DA:5,1
DA:6,1
DA:7,1
DA:8,1
DA:10,0
DA:11,0
DA:15,1
DA:16,1
DA:17,1
DA:18,1
DA:19,1
DA:21,0
DA:22,0
DA:26,1
DA:27,7
DA:30,7
DA:31,7
DA:32,6
DA:33,5
DA:34,4
DA:35,3
DA:38,1
DA:42,6
DA:43,6
DA:47,1
DA:48,5
DA:49,5
DA:50,5
DA:51,4
DA:53,3
DA:56,3
DA:57,2
DA:58,2
DA:59,1
DA:64,1
DA:67,4
DA:68,4
DA:72,1
DA:73,0
DA:74,0
DA:75,0
DA:78,0
DA:80,0
DA:81,0
DA:85,1
DA:86,0
DA:87,0
DA:90,0
DA:91,0
DA:92,0
DA:93,0
DA:94,0
DA:98,0
DA:102,0
DA:103,0
LF:58
LH:38
BRDA:31,0,0,1
BRDA:31,0,1,6
BRDA:32,1,0,1
BRDA:32,1,1,5
BRDA:33,2,0,1
BRDA:33,2,1,4
BRDA:34,3,0,1
BRDA:34,3,1,3
BRDA:50,4,0,1
BRDA:50,4,1,4
BRDA:51,5,0,1
BRDA:51,5,1,3
BRDA:56,6,0,1
BRDA:56,6,1,2
BRDA:58,7,0,1
BRDA:58,7,1,1
BRDA:91,8,0,0
BRDA:91,8,1,0
BRDA:92,9,0,0
BRDA:92,9,1,0
BRDA:93,10,0,0
BRDA:93,10,1,0
BRF:22
BRH:16
end_of_record
TN:
SF:controllers\categoryController.js
FN:4,(anonymous_0)
FN:14,(anonymous_1)
FN:25,(anonymous_2)
FN:39,(anonymous_3)
FN:52,(anonymous_4)
FNF:5
FNH:5
FNDA:1,(anonymous_0)
FNDA:1,(anonymous_1)
FNDA:2,(anonymous_2)
FNDA:1,(anonymous_3)
FNDA:1,(anonymous_4)
DA:1,1
DA:3,1
DA:4,1
DA:5,1
DA:6,1
DA:7,1
DA:9,0
DA:10,0
DA:14,1
DA:15,1
DA:16,1
DA:17,1
DA:18,1
DA:20,0
DA:21,0
DA:25,1
DA:26,2
DA:27,2
DA:28,2
DA:29,1
DA:30,1
DA:34,1
DA:35,1
DA:39,1
DA:40,1
DA:41,1
DA:42,1
DA:45,0
DA:47,1
DA:48,1
DA:52,1
DA:53,1
DA:54,1
DA:55,1
DA:56,1
DA:57,1
DA:58,1
DA:62,0
DA:63,0
LF:39
LH:32
BRDA:28,0,0,1
BRDA:28,0,1,1
BRDA:56,1,0,0
BRDA:56,1,1,1
BRF:4
BRH:3
end_of_record
TN:
SF:controllers\checkpointController.js
FN:4,(anonymous_0)
FN:14,(anonymous_1)
FN:29,(anonymous_2)
FNF:3
FNH:2
FNDA:1,(anonymous_0)
FNDA:1,(anonymous_1)
FNDA:0,(anonymous_2)
DA:1,1
DA:3,1
DA:4,1
DA:5,1
DA:6,1
DA:7,1
DA:9,0
DA:10,0
DA:14,1
DA:15,1
DA:16,1
DA:17,1
DA:22,1
DA:24,0
DA:25,0
DA:29,1
DA:30,0
DA:31,0
DA:32,0
DA:33,0
DA:40,0
DA:42,0
DA:43,0
LF:23
LH:12
BRF:0
BRH:0
end_of_record
TN:
SF:controllers\eventController.js
FN:12,(anonymous_0)
FN:32,(anonymous_1)
FN:53,(anonymous_2)
FN:107,(anonymous_3)
FN:124,(anonymous_4)
FN:177,(anonymous_5)
FNF:6
FNH:3
FNDA:1,(anonymous_0)
FNDA:1,(anonymous_1)
FNDA:1,(anonymous_2)
FNDA:0,(anonymous_3)
FNDA:0,(anonymous_4)
FNDA:0,(anonymous_5)
DA:1,1
DA:9,1
DA:11,1
DA:12,1
DA:13,1
DA:14,1
DA:25,1
DA:27,0
DA:28,0
DA:32,1
DA:33,1
DA:34,1
DA:35,1
DA:46,1
DA:48,0
DA:49,0
DA:53,1
DA:54,1
DA:55,1
DA:68,1
DA:69,1
DA:70,1
DA:71,1
DA:72,1
DA:73,1
DA:74,1
DA:75,1
DA:76,1
DA:77,1
DA:78,1
DA:79,1
DA:80,0
DA:81,0
DA:83,0
DA:88,0
DA:105,0
DA:106,0
DA:107,0
DA:108,0
DA:109,0
DA:111,0
DA:113,0
DA:114,0
DA:118,1
DA:119,1
DA:120,1
DA:124,1
DA:125,0
DA:126,0
DA:139,0
DA:140,0
DA:141,0
DA:142,0
DA:143,0
DA:144,0
DA:145,0
DA:146,0
DA:147,0
DA:148,0
DA:149,0
DA:150,0
DA:151,0
DA:168,0
DA:172,0
DA:173,0
DA:177,1
DA:178,0
DA:179,0
DA:180,0
DA:183,0
DA:185,0
DA:186,0
LF:72
LH:32
BRDA:69,0,0,0
BRDA:69,0,1,1
BRDA:70,1,0,0
BRDA:70,1,1,1
BRDA:71,2,0,0
BRDA:71,2,1,1
BRDA:72,3,0,0
BRDA:72,3,1,1
BRDA:73,4,0,0
BRDA:73,4,1,1
BRDA:74,5,0,0
BRDA:74,5,1,1
BRDA:75,6,0,0
BRDA:75,6,1,1
BRDA:76,7,0,0
BRDA:76,7,1,1
BRDA:77,8,0,0
BRDA:77,8,1,1
BRDA:78,9,0,0
BRDA:78,9,1,1
BRDA:79,10,0,1
BRDA:79,10,1,0
BRDA:80,11,0,0
BRDA:80,11,1,0
BRDA:106,12,0,0
BRDA:106,12,1,0
BRDA:140,13,0,0
BRDA:140,13,1,0
BRDA:141,14,0,0
BRDA:141,14,1,0
BRDA:142,15,0,0
BRDA:142,15,1,0
BRDA:143,16,0,0
BRDA:143,16,1,0
BRDA:144,17,0,0
BRDA:144,17,1,0
BRDA:145,18,0,0
BRDA:145,18,1,0
BRDA:146,19,0,0
BRDA:146,19,1,0
BRDA:147,20,0,0
BRDA:147,20,1,0
BRDA:148,21,0,0
BRDA:148,21,1,0
BRDA:149,22,0,0
BRDA:149,22,1,0
BRDA:150,23,0,0
BRDA:150,23,1,0
BRF:48
BRH:11
end_of_record
TN:
SF:controllers\leaderboardController.js
FN:4,(anonymous_0)
FN:24,(anonymous_1)
FN:46,(anonymous_2)
FN:64,(anonymous_3)
FNF:4
FNH:1
FNDA:1,(anonymous_0)
FNDA:0,(anonymous_1)
FNDA:0,(anonymous_2)
FNDA:0,(anonymous_3)
DA:1,1
DA:3,1
DA:4,1
DA:5,1
DA:6,1
DA:17,1
DA:19,0
DA:20,0
DA:24,1
DA:25,0
DA:26,0
DA:27,0
DA:39,0
DA:41,0
DA:42,0
DA:46,1
DA:47,0
DA:48,0
DA:49,0
DA:52,0
DA:57,0
DA:59,0
DA:60,0
DA:64,1
DA:65,0
DA:66,0
DA:67,0
DA:70,0
DA:72,0
DA:73,0
LF:30
LH:9
BRF:0
BRH:0
end_of_record
TN:
SF:controllers\user_event.js
FN:4,(anonymous_0)
FN:33,(anonymous_1)
FN:64,(anonymous_2)
FN:80,(anonymous_3)
FN:95,(anonymous_4)
FNF:5
FNH:3
FNDA:1,(anonymous_0)
FNDA:1,(anonymous_1)
FNDA:0,(anonymous_2)
FNDA:1,(anonymous_3)
FNDA:0,(anonymous_4)
DA:1,1
DA:3,1
DA:4,1
DA:5,1
DA:6,1
DA:26,1
DA:28,0
DA:29,0
DA:33,1
DA:34,1
DA:35,1
DA:36,1
DA:56,1
DA:58,0
DA:59,0
DA:64,1
DA:65,0
DA:66,0
DA:67,0
DA:71,0
DA:75,0
DA:76,0
DA:80,1
DA:81,1
DA:82,1
DA:83,1
DA:86,1
DA:88,0
DA:89,0
DA:95,1
DA:96,0
DA:97,0
DA:117,0
DA:120,0
DA:123,0
DA:125,0
DA:126,0
LF:37
LH:18
BRF:0
BRH:0
end_of_record
TN:
SF:controllers\usersController.js
FN:5,(anonymous_0)
FN:15,(anonymous_1)
FN:26,(anonymous_2)
FN:47,(anonymous_3)
FN:70,(anonymous_4)
FN:83,(anonymous_5)
FNF:6
FNH:6
FNDA:1,(anonymous_0)
FNDA:1,(anonymous_1)
FNDA:8,(anonymous_2)
FNDA:5,(anonymous_3)
FNDA:1,(anonymous_4)
FNDA:1,(anonymous_5)
DA:1,1
DA:2,1
DA:4,1
DA:5,1
DA:6,1
DA:7,1
DA:8,1
DA:10,0
DA:11,0
DA:15,1
DA:16,1
DA:17,1
DA:18,1
DA:19,1
DA:21,0
DA:22,0
DA:26,1
DA:27,8
DA:30,8
DA:31,8
DA:32,6
DA:33,5
DA:34,4
DA:35,3
DA:38,1
DA:42,7
DA:43,7
DA:47,1
DA:48,5
DA:49,5
DA:50,5
DA:51,4
DA:52,3
DA:55,3
DA:56,2
DA:57,2
DA:58,1
DA:62,1
DA:65,4
DA:66,4
DA:70,1
DA:71,1
DA:72,1
DA:73,1
DA:76,0
DA:78,1
DA:79,1
DA:83,1
DA:84,1
DA:85,1
DA:88,1
DA:89,1
DA:90,1
DA:91,1
DA:92,1
DA:93,1
DA:94,1
DA:95,1
DA:96,1
DA:100,1
DA:104,0
DA:105,0
LF:62
LH:55
BRDA:31,0,0,2
BRDA:31,0,1,6
BRDA:32,1,0,1
BRDA:32,1,1,5
BRDA:33,2,0,1
BRDA:33,2,1,4
BRDA:34,3,0,1
BRDA:34,3,1,3
BRDA:50,4,0,1
BRDA:50,4,1,4
BRDA:51,5,0,1
BRDA:51,5,1,3
BRDA:55,6,0,1
BRDA:55,6,1,2
BRDA:57,7,0,1
BRDA:57,7,1,1
BRDA:89,8,0,0
BRDA:89,8,1,1
BRDA:90,9,0,0
BRDA:90,9,1,1
BRDA:91,10,0,0
BRDA:91,10,1,1
BRDA:92,11,0,0
BRDA:92,11,1,1
BRDA:93,12,0,0
BRDA:93,12,1,1
BRDA:94,13,0,0
BRDA:94,13,1,1
BRDA:95,14,0,0
BRDA:95,14,1,1
BRF:30
BRH:23
end_of_record
TN:
SF:handlers\errorHandler.js
FN:1,(anonymous_0)
FNF:1
FNH:1
FNDA:32,(anonymous_0)
DA:1,1
DA:2,32
DA:3,32
DA:6,32
DA:7,4
DA:8,2
DA:10,4
DA:11,2
DA:13,4
DA:14,0
DA:16,4
DA:17,0
DA:22,32
DA:48,19
DA:49,19
DA:54,4
DA:55,4
DA:57,7
DA:58,7
DA:62,2
DA:63,2
LF:21
LH:19
BRDA:6,0,0,4
BRDA:6,0,1,28
BRDA:7,1,0,2
BRDA:7,1,1,2
BRDA:10,2,0,2
BRDA:10,2,1,2
BRDA:13,3,0,0
BRDA:13,3,1,4
BRDA:16,4,0,0
BRDA:16,4,1,4
BRDA:22,5,0,4
BRDA:22,5,1,5
BRDA:22,5,2,5
BRDA:22,5,3,8
BRDA:22,5,4,12
BRDA:22,5,5,12
BRDA:22,5,6,12
BRDA:22,5,7,12
BRDA:22,5,8,14
BRDA:22,5,9,16
BRDA:22,5,10,16
BRDA:22,5,11,16
BRDA:22,5,12,18
BRDA:22,5,13,18
BRDA:22,5,14,18
BRDA:22,5,15,18
BRDA:22,5,16,18
BRDA:22,5,17,18
BRDA:22,5,18,18
BRDA:22,5,19,18
BRDA:22,5,20,18
BRDA:22,5,21,18
BRDA:22,5,22,19
BRDA:22,5,23,19
BRDA:22,5,24,19
BRDA:22,5,25,2
BRDA:22,5,26,4
BRDA:22,5,27,7
BRDA:22,5,28,2
BRF:39
BRH:37
end_of_record
TN:
SF:helpers\helper.js
FN:6,(anonymous_0)
FN:7,(anonymous_1)
FN:8,(anonymous_2)
FN:9,(anonymous_3)
FNF:4
FNH:4
FNDA:6,(anonymous_0)
FNDA:4,(anonymous_1)
FNDA:3,(anonymous_2)
FNDA:19,(anonymous_3)
DA:1,1
DA:2,1
DA:3,1
DA:4,1
DA:6,6
DA:7,4
DA:8,3
DA:9,19
DA:11,1
LF:9
LH:9
BRF:0
BRH:0
end_of_record
TN:
SF:middlewares\adminAuth.js
FN:6,(anonymous_0)
FNF:1
FNH:1
FNDA:19,(anonymous_0)
DA:1,1
DA:2,1
DA:6,1
DA:7,19
DA:8,19
DA:9,19
DA:10,19
DA:11,12
DA:12,12
DA:13,12
DA:14,12
DA:19,12
DA:22,7
DA:23,7
DA:25,7
LF:15
LH:15
BRDA:9,0,0,0
BRDA:9,0,1,19
BRDA:11,1,0,0
BRDA:11,1,1,12
BRDA:13,2,0,0
BRDA:13,2,1,12
BRDA:22,3,0,7
BRDA:22,3,1,0
BRF:8
BRH:4
end_of_record
TN:
SF:middlewares\usersAuth.js
FN:6,(anonymous_0)
FNF:1
FNH:0
FNDA:0,(anonymous_0)
DA:1,1
DA:2,1
DA:6,1
DA:7,0
DA:8,0
DA:9,0
DA:10,0
DA:11,0
DA:12,0
DA:13,0
DA:14,0
DA:19,0
DA:22,0
DA:23,0
DA:25,0
LF:15
LH:3
BRDA:9,0,0,0
BRDA:9,0,1,0
BRDA:11,1,0,0
BRDA:11,1,1,0
BRDA:13,2,0,0
BRDA:13,2,1,0
BRDA:22,3,0,0
BRDA:22,3,1,0
BRF:8
BRH:0
end_of_record
TN:
SF:models\admin.js
FN:6,(anonymous_0)
FN:13,(anonymous_1)
FN:80,(anonymous_2)
FNF:3
FNH:3
FNDA:1,(anonymous_0)
FNDA:1,(anonymous_1)
FNDA:1,(anonymous_2)
DA:4,1
DA:5,1
DA:6,1
DA:15,1
DA:19,1
DA:80,1
DA:81,1
DA:83,1
LF:8
LH:8
BRF:0
BRH:0
end_of_record
TN:
SF:models\answerquiz.js
FN:5,(anonymous_0)
FN:12,(anonymous_1)
FNF:2
FNH:2
FNDA:1,(anonymous_0)
FNDA:1,(anonymous_1)
DA:4,1
DA:5,1
DA:14,1
DA:15,1
DA:18,1
DA:26,1
LF:6
LH:6
BRF:0
BRH:0
end_of_record
TN:
SF:models\category.js
FN:5,(anonymous_0)
FN:12,(anonymous_1)
FNF:2
FNH:2
FNDA:1,(anonymous_0)
FNDA:1,(anonymous_1)
DA:4,1
DA:5,1
DA:14,1
DA:17,1
DA:23,1
LF:5
LH:5
BRF:0
BRH:0
end_of_record
TN:
SF:models\checkpoint.js
FN:5,(anonymous_0)
FN:12,(anonymous_1)
FNF:2
FNH:2
FNDA:1,(anonymous_0)
FNDA:1,(anonymous_1)
DA:4,1
DA:5,1
DA:14,1
DA:17,1
DA:34,1
LF:5
LH:5
BRF:0
BRH:0
end_of_record
TN:
SF:models\event.js
FN:5,(anonymous_0)
FN:12,(anonymous_1)
FNF:2
FNH:2
FNDA:1,(anonymous_0)
FNDA:1,(anonymous_1)
DA:4,1
DA:5,1
DA:14,1
DA:15,1
DA:16,1
DA:17,1
DA:18,1
DA:21,1
DA:42,1
LF:9
LH:9
BRF:0
BRH:0
end_of_record
TN:
SF:models\index.js
FN:21,(anonymous_0)
FN:29,(anonymous_1)
FN:34,(anonymous_2)
FNF:3
FNH:3
FNDA:9,(anonymous_0)
FNDA:8,(anonymous_1)
FNDA:8,(anonymous_2)
DA:3,1
DA:4,1
DA:5,1
DA:6,1
DA:7,1
DA:8,1
DA:9,1
DA:10,1
DA:13,1
DA:14,0
DA:16,1
DA:19,1
DA:22,9
DA:30,8
DA:31,8
DA:34,1
DA:35,8
DA:36,8
DA:40,1
DA:41,1
DA:43,1
LF:21
LH:20
BRDA:8,0,0,1
BRDA:8,0,1,0
BRDA:13,1,0,0
BRDA:13,1,1,1
BRDA:23,2,0,9
BRDA:23,2,1,9
BRDA:23,2,2,8
BRDA:23,2,3,8
BRDA:35,3,0,8
BRDA:35,3,1,0
BRF:10
BRH:7
end_of_record
TN:
SF:models\leaderboard.js
FN:5,(anonymous_0)
FN:12,(anonymous_1)
FNF:2
FNH:2
FNDA:1,(anonymous_0)
FNDA:1,(anonymous_1)
DA:4,1
DA:5,1
DA:14,1
DA:15,1
DA:18,1
DA:26,1
LF:6
LH:6
BRF:0
BRH:0
end_of_record
TN:
SF:models\user.js
FN:6,(anonymous_0)
FN:13,(anonymous_1)
FN:129,(anonymous_2)
FNF:3
FNH:3
FNDA:1,(anonymous_0)
FNDA:1,(anonymous_1)
FNDA:1,(anonymous_2)
DA:4,1
DA:5,1
DA:6,1
DA:15,1
DA:16,1
DA:17,1
DA:20,1
DA:129,1
DA:130,1
DA:133,1
LF:10
LH:10
BRF:0
BRH:0
end_of_record
TN:
SF:models\user_event.js
FN:5,(anonymous_0)
FN:12,(anonymous_1)
FNF:2
FNH:2
FNDA:1,(anonymous_0)
FNDA:1,(anonymous_1)
DA:4,1
DA:5,1
DA:14,1
DA:15,1
DA:18,1
DA:26,1
LF:6
LH:6
BRF:0
BRH:0
end_of_record
TN:
SF:routers\admin.js
FNF:0
FNH:0
DA:1,1
DA:2,1
DA:3,1
DA:4,1
DA:7,1
DA:18,1
LF:6
LH:6
BRF:0
BRH:0
end_of_record
TN:
SF:routers\category.js
FNF:0
FNH:0
DA:1,1
DA:2,1
DA:3,1
DA:4,1
DA:6,1
DA:17,1
LF:6
LH:6
BRF:0
BRH:0
end_of_record
TN:
SF:routers\checkpoint.js
FNF:0
FNH:0
DA:1,1
DA:2,1
DA:3,1
DA:4,1
DA:6,1
DA:11,1
LF:6
LH:6
BRF:0
BRH:0
end_of_record
TN:
SF:routers\event.js
FNF:0
FNH:0
DA:1,1
DA:2,1
DA:3,1
DA:4,1
DA:6,1
DA:13,1
LF:6
LH:6
BRF:0
BRH:0
end_of_record
TN:
SF:routers\index.js
FNF:0
FNH:0
DA:1,1
DA:2,1
DA:3,1
DA:4,1
DA:5,1
DA:6,1
DA:7,1
DA:8,1
DA:9,1
DA:11,1
DA:20,1
LF:11
LH:11
BRF:0
BRH:0
end_of_record
TN:
SF:routers\leaderboard.js
FNF:0
FNH:0
DA:1,1
DA:2,1
DA:3,1
DA:4,1
DA:6,1
DA:12,1
LF:6
LH:6
BRF:0
BRH:0
end_of_record
TN:
SF:routers\user_event.js
FNF:0
FNH:0
DA:1,1
DA:2,1
DA:3,1
DA:4,1
DA:5,1
DA:7,1
DA:14,1
LF:7
LH:7
BRF:0
BRH:0
end_of_record
TN:
SF:routers\users.js
FNF:0
FNH:0
DA:1,1
DA:2,1
DA:3,1
DA:4,1
DA:7,1
DA:19,1
LF:6
LH:6
BRF:0
BRH:0
end_of_record
